[0.013s] Invoking command in '/root/colcon_ws/build/gatekeeper': CMAKE_PREFIX_PATH=/root/colcon_ws/install/dasc_msgs:/opt/ros/foxy:/root/colcon_ws/install/realsense_gazebo_plugin:/root/colcon_ws/install/px4_ros_com:/root/colcon_ws/install/dasc_robot:/root/colcon_ws/install/px4_msgs:/root/colcon_ws/install/gatekeeper:/root/colcon_ws/install/experiment LD_LIBRARY_PATH=/root/colcon_ws/install/dasc_msgs/lib:/root/colcon_ws/install/realsense_gazebo_plugin/lib:/root/colcon_ws/install/px4_ros_com/lib:/root/colcon_ws/install/dasc_robot/lib:/root/colcon_ws/install/px4_msgs/lib:/usr/lib/x86_64-linux-gnu/gazebo-11/plugins:/opt/ros/foxy/opt/yaml_cpp_vendor/lib:/opt/ros/foxy/opt/rviz_ogre_vendor/lib:/opt/ros/foxy/lib/x86_64-linux-gnu:/opt/ros/foxy/lib PYTHONPATH=/root/colcon_ws/install/dasc_msgs/lib/python3.8/site-packages:/root/colcon_ws/install/px4_msgs/lib/python3.8/site-packages:/opt/ros/foxy/lib/python3.8/site-packages /usr/bin/cmake --build /root/colcon_ws/build/gatekeeper -- -j16 -l16
[0.070s] [35m[1mScanning dependencies of target gatekeeper[0m
[0.095s] [ 40%] Built target nominal_controller
[0.118s] [ 60%] [32mBuilding CXX object CMakeFiles/gatekeeper.dir/src/gatekeeper.cpp.o[0m
[14.237s] /root/colcon_ws/src/gatekeeper/src/gatekeeper.cpp: In member function â€˜void gatekeeper::Gatekeeper::insertScan(const Vector3&, const PCLPointCloud&)â€™:
[14.237s] /root/colcon_ws/src/gatekeeper/src/gatekeeper.cpp:165:56: error: expected â€˜;â€™ before â€˜)â€™ token
[14.237s]   165 |   for (auto it=free_cells.begin(), end=free_cells.end()); it!=end; ++it){
[14.238s]       |                                                        ^
[14.238s]       |                                                        ;
[14.238s] /root/colcon_ws/src/gatekeeper/src/gatekeeper.cpp:165:56: error: expected primary-expression before â€˜)â€™ token
[14.238s] /root/colcon_ws/src/gatekeeper/src/gatekeeper.cpp:165:56: error: expected â€˜;â€™ before â€˜)â€™ token
[14.238s]   165 |   for (auto it=free_cells.begin(), end=free_cells.end()); it!=end; ++it){
[14.238s]       |                                                        ^
[14.238s]       |                                                        ;
[14.238s] /root/colcon_ws/src/gatekeeper/src/gatekeeper.cpp:165:3: warning: this â€˜forâ€™ clause does not guard... [-Wmisleading-indentation]
[14.238s]   165 |   for (auto it=free_cells.begin(), end=free_cells.end()); it!=end; ++it){
[14.238s]       |   ^~~
[14.238s] /root/colcon_ws/src/gatekeeper/src/gatekeeper.cpp:165:59: note: ...this statement, but the latter is misleadingly indented as if it were guarded by the â€˜forâ€™
[14.238s]   165 |   for (auto it=free_cells.begin(), end=free_cells.end()); it!=end; ++it){
[14.238s]       |                                                           ^~
[14.239s] /root/colcon_ws/src/gatekeeper/src/gatekeeper.cpp:165:59: error: â€˜itâ€™ was not declared in this scope; did you mean â€˜intâ€™?
[14.239s]   165 |   for (auto it=free_cells.begin(), end=free_cells.end()); it!=end; ++it){
[14.239s]       |                                                           ^~
[14.239s]       |                                                           int
[14.239s] /root/colcon_ws/src/gatekeeper/src/gatekeeper.cpp:165:63: error: â€˜endâ€™ was not declared in this scope
[14.239s]   165 |   for (auto it=free_cells.begin(), end=free_cells.end()); it!=end; ++it){
[14.239s]       |                                                               ^~~
[14.239s] /root/colcon_ws/src/gatekeeper/src/gatekeeper.cpp:165:63: note: suggested alternatives:
[14.239s] In file included from /usr/include/c++/9/string:54,
[14.239s]                  from /usr/include/c++/9/stdexcept:39,
[14.239s]                  from /usr/include/c++/9/array:39,
[14.239s]                  from /usr/include/c++/9/tuple:39,
[14.239s]                  from /usr/include/c++/9/bits/unique_ptr.h:37,
[14.239s]                  from /usr/include/c++/9/memory:80,
[14.239s]                  from /opt/ros/foxy/include/rclcpp/rclcpp.hpp:144,
[14.239s]                  from /root/colcon_ws/src/gatekeeper/include/gatekeeper/gatekeeper.hpp:7,
[14.240s]                  from /root/colcon_ws/src/gatekeeper/src/gatekeeper.cpp:10:
[14.240s] /usr/include/c++/9/bits/range_access.h:107:37: note:   â€˜std::endâ€™
[14.240s]   107 |   template<typename _Tp> const _Tp* end(const valarray<_Tp>&);
[14.240s]       |                                     ^~~
[14.240s] In file included from /usr/include/boost/mpl/vector/aux_/begin_end.hpp:21,
[14.240s]                  from /usr/include/boost/mpl/vector/vector0.hpp:31,
[14.240s]                  from /usr/include/boost/mpl/vector/vector10.hpp:18,
[14.240s]                  from /usr/include/boost/mpl/vector/vector20.hpp:18,
[14.240s]                  from /usr/include/boost/mpl/vector.hpp:36,
[14.240s]                  from /usr/include/pcl-1.10/pcl/register_point_struct.h:57,
[14.240s]                  from /usr/include/pcl-1.10/pcl/point_types.h:44,
[14.240s]                  from /root/colcon_ws/src/gatekeeper/include/gatekeeper/gatekeeper.hpp:13,
[14.240s]                  from /root/colcon_ws/src/gatekeeper/src/gatekeeper.cpp:10:
[14.240s] /usr/include/boost/mpl/begin_end_fwd.hpp:23:38: note:   â€˜boost::mpl::endâ€™
[14.240s]    23 | template< typename Sequence > struct end;
[14.240s]       |                                      ^~~
[14.240s] In file included from /usr/include/boost/fusion/mpl/back.hpp:12,
[14.240s]                  from /usr/include/boost/fusion/mpl.hpp:15,
[14.240s]                  from /usr/include/boost/fusion/include/mpl.hpp:12,
[14.241s]                  from /usr/include/pcl-1.10/pcl/common/impl/accumulators.hpp:44,
[14.241s]                  from /usr/include/pcl-1.10/pcl/common/centroid.h:954,
[14.241s]                  from /usr/include/pcl-1.10/pcl/common/transforms.h:44,
[14.241s]                  from /root/colcon_ws/src/gatekeeper/include/gatekeeper/gatekeeper.hpp:14,
[14.241s]                  from /root/colcon_ws/src/gatekeeper/src/gatekeeper.cpp:10:
[14.241s] /usr/include/boost/fusion/sequence/intrinsic/end.hpp:92:5: note:   â€˜boost::fusion::endâ€™
[14.241s]    92 |     end(Sequence const& seq)
[14.241s]       |     ^~~
[14.241s] In file included from /usr/include/boost/foreach.hpp:80,
[14.241s]                  from /usr/include/pcl-1.10/pcl/conversions.h:55,
[14.241s]                  from /usr/include/pcl-1.10/pcl/common/impl/centroid.hpp:45,
[14.241s]                  from /usr/include/pcl-1.10/pcl/common/centroid.h:1098,
[14.241s]                  from /usr/include/pcl-1.10/pcl/common/transforms.h:44,
[14.241s]                  from /root/colcon_ws/src/gatekeeper/include/gatekeeper/gatekeeper.hpp:14,
[14.241s]                  from /root/colcon_ws/src/gatekeeper/src/gatekeeper.cpp:10:
[14.241s] /usr/include/boost/range/end.hpp:108:61: note:   â€˜boost::range_adl_barrier::endâ€™
[14.241s]   108 | inline BOOST_DEDUCED_TYPENAME range_iterator<const T>::type end( const T& r )
[14.241s]       |                                                             ^~~
[14.242s] In file included from /usr/include/pcl-1.10/pcl/conversions.h:55,
[14.242s]                  from /usr/include/pcl-1.10/pcl/common/impl/centroid.hpp:45,
[14.242s]                  from /usr/include/pcl-1.10/pcl/common/centroid.h:1098,
[14.242s]                  from /usr/include/pcl-1.10/pcl/common/transforms.h:44,
[14.242s]                  from /root/colcon_ws/src/gatekeeper/include/gatekeeper/gatekeeper.hpp:14,
[14.242s]                  from /root/colcon_ws/src/gatekeeper/src/gatekeeper.cpp:10:
[14.242s] /usr/include/boost/foreach.hpp:736:1: note:   â€˜boost::foreach_detail_::endâ€™
[14.242s]   736 | end(auto_any_t, type2type<T *, C> *, boost::mpl::true_ *) // null-terminated C-style strings
[14.242s]       | ^~~
[14.242s] In file included from /usr/include/boost/filesystem.hpp:17,
[14.242s]                  from /usr/include/pcl-1.10/pcl/io/boost.h:48,
[14.242s]                  from /usr/include/pcl-1.10/pcl/io/file_io.h:42,
[14.243s]                  from /usr/include/pcl-1.10/pcl/io/pcd_io.h:44,
[14.243s]                  from /opt/ros/foxy/include/pcl_conversions/pcl_conversions.h:72,
[14.243s]                  from /root/colcon_ws/src/gatekeeper/include/gatekeeper/gatekeeper.hpp:15,
[14.243s]                  from /root/colcon_ws/src/gatekeeper/src/gatekeeper.cpp:10:
[14.243s] /usr/include/boost/filesystem/operations.hpp:1367:32: note:   â€˜boost::filesystem::endâ€™
[14.243s]  1367 |   recursive_directory_iterator end(const recursive_directory_iterator&) BOOST_NOEXCEPT
[14.243s]       |                                ^~~
[14.243s] In file included from /usr/include/boost/fusion/sequence/intrinsic/value_at.hpp:16,
[14.243s]                  from /usr/include/boost/fusion/mpl/at.hpp:12,
[14.243s]                  from /usr/include/boost/fusion/mpl.hpp:14,
[14.244s]                  from /usr/include/boost/fusion/include/mpl.hpp:12,
[14.244s]                  from /usr/include/pcl-1.10/pcl/common/impl/accumulators.hpp:44,
[14.244s]                  from /usr/include/pcl-1.10/pcl/common/centroid.h:954,
[14.244s]                  from /usr/include/pcl-1.10/pcl/common/transforms.h:44,
[14.244s]                  from /root/colcon_ws/src/gatekeeper/include/gatekeeper/gatekeeper.hpp:14,
[14.244s]                  from /root/colcon_ws/src/gatekeeper/src/gatekeeper.cpp:10:
[14.244s] /usr/include/boost/fusion/sequence/intrinsic_fwd.hpp:68:16: note:   â€˜boost::fusion::result_of::endâ€™
[14.244s]    68 |         struct end;
[14.244s]       |                ^~~
[14.244s] make[2]: *** [CMakeFiles/gatekeeper.dir/build.make:63: CMakeFiles/gatekeeper.dir/src/gatekeeper.cpp.o] Error 1
[14.244s] make[1]: *** [CMakeFiles/Makefile2:80: CMakeFiles/gatekeeper.dir/all] Error 2
[14.244s] make: *** [Makefile:141: all] Error 2
[14.245s] Invoked command in '/root/colcon_ws/build/gatekeeper' returned '2': CMAKE_PREFIX_PATH=/root/colcon_ws/install/dasc_msgs:/opt/ros/foxy:/root/colcon_ws/install/realsense_gazebo_plugin:/root/colcon_ws/install/px4_ros_com:/root/colcon_ws/install/dasc_robot:/root/colcon_ws/install/px4_msgs:/root/colcon_ws/install/gatekeeper:/root/colcon_ws/install/experiment LD_LIBRARY_PATH=/root/colcon_ws/install/dasc_msgs/lib:/root/colcon_ws/install/realsense_gazebo_plugin/lib:/root/colcon_ws/install/px4_ros_com/lib:/root/colcon_ws/install/dasc_robot/lib:/root/colcon_ws/install/px4_msgs/lib:/usr/lib/x86_64-linux-gnu/gazebo-11/plugins:/opt/ros/foxy/opt/yaml_cpp_vendor/lib:/opt/ros/foxy/opt/rviz_ogre_vendor/lib:/opt/ros/foxy/lib/x86_64-linux-gnu:/opt/ros/foxy/lib PYTHONPATH=/root/colcon_ws/install/dasc_msgs/lib/python3.8/site-packages:/root/colcon_ws/install/px4_msgs/lib/python3.8/site-packages:/opt/ros/foxy/lib/python3.8/site-packages /usr/bin/cmake --build /root/colcon_ws/build/gatekeeper -- -j16 -l16
