[0.011s] Invoking command in '/root/colcon_ws/build/dasc_robot': CMAKE_PREFIX_PATH=/root/colcon_ws/install/px4_ros_com:/root/colcon_ws/install/px4_msgs:/opt/ros/foxy:/root/colcon_ws/install/realsense_gazebo_plugin:/root/colcon_ws/install/dasc_robot:/root/colcon_ws/install/experiment LD_LIBRARY_PATH=/root/colcon_ws/install/px4_ros_com/lib:/root/colcon_ws/install/px4_msgs/lib:/root/colcon_ws/install/realsense_gazebo_plugin/lib:/root/colcon_ws/install/dasc_robot/lib:/usr/lib/x86_64-linux-gnu/gazebo-11/plugins:/opt/ros/foxy/opt/yaml_cpp_vendor/lib:/opt/ros/foxy/opt/rviz_ogre_vendor/lib:/opt/ros/foxy/lib/x86_64-linux-gnu:/opt/ros/foxy/lib /usr/bin/cmake --build /root/colcon_ws/build/dasc_robot -- -j16 -l16
[0.040s] -- Found ament_cmake: 0.9.9 (/opt/ros/foxy/share/ament_cmake/cmake)
[0.061s] -- Using PYTHON_EXECUTABLE: /usr/bin/python3
[0.192s] -- Override CMake install command with custom implementation using symlinks instead of copying resources
[0.201s] -- Found rclcpp: 2.4.0 (/opt/ros/foxy/share/rclcpp/cmake)
[0.227s] -- Using all available rosidl_typesupport_c: rosidl_typesupport_fastrtps_c;rosidl_typesupport_introspection_c
[0.229s] -- Found rosidl_adapter: 1.2.1 (/opt/ros/foxy/share/rosidl_adapter/cmake)
[0.329s] -- Using all available rosidl_typesupport_cpp: rosidl_typesupport_fastrtps_cpp;rosidl_typesupport_introspection_cpp
[0.361s] -- Found rmw_implementation_cmake: 1.0.3 (/opt/ros/foxy/share/rmw_implementation_cmake/cmake)
[0.362s] -- Using RMW implementation 'rmw_fastrtps_cpp' as default
[0.455s] -- Found tf2: 0.13.12 (/opt/ros/foxy/share/tf2/cmake)
[0.485s] -- Found tf2_ros: 0.13.12 (/opt/ros/foxy/share/tf2_ros/cmake)
[0.695s] -- Found px4_msgs: 2.0.1 (/root/colcon_ws/install/px4_msgs/share/px4_msgs/cmake)
[0.707s] -- Found sensor_msgs: 2.0.4 (/opt/ros/foxy/share/sensor_msgs/cmake)
[0.753s] -- Found eigen3_cmake_module: 0.1.1 (/opt/ros/foxy/share/eigen3_cmake_module/cmake)
[0.754s] -- Found px4_ros_com: 0.1.0 (/root/colcon_ws/install/px4_ros_com/share/px4_ros_com/cmake)
[0.850s] -- Configuring done
[0.910s] -- Generating done
[0.911s] -- Build files have been written to: /root/colcon_ws/build/dasc_robot
[0.952s] [ 12%] Built target dascBots
[0.965s] [35m[1mScanning dependencies of target joystick_controller[0m
[0.981s] [ 75%] Built target example_control_geometric_velocity
[0.981s] [ 75%] Built target example_control
[0.981s] [ 75%] Built target example_control_geometric_acceleration
[0.981s] [ 75%] Built target example_control_multi_rover
[0.981s] [ 75%] Built target example_control_geometric
[0.987s] [ 87%] Built target dasc_robot_lib
[0.987s] [ 93%] [32mBuilding CXX object CMakeFiles/joystick_controller.dir/src/joystick_control.cpp.o[0m
[2.683s] /root/colcon_ws/src/robot-framework/src/joystick_control.cpp: In constructor â€˜JoystickController::JoystickController(std::shared_ptr<DASCRobot>)â€™:
[2.683s] /root/colcon_ws/src/robot-framework/src/joystick_control.cpp:20:61: error: â€˜_1â€™ was not declared in this scope; did you mean â€˜std::placeholders::_1â€™?
[2.683s]    20 |         &std::bind(&JoystickController::joy_callback, this, _1));
[2.683s]       |                                                             ^~
[2.683s]       |                                                             std::placeholders::_1
[2.683s] In file included from /opt/ros/foxy/include/rclcpp/context.hpp:19,
[2.683s]                  from /opt/ros/foxy/include/rclcpp/contexts/default_context.hpp:18,
[2.683s]                  from /opt/ros/foxy/include/rclcpp/executor.hpp:32,
[2.683s]                  from /opt/ros/foxy/include/rclcpp/executors/multi_threaded_executor.hpp:26,
[2.683s]                  from /opt/ros/foxy/include/rclcpp/executors.hpp:21,
[2.683s]                  from /opt/ros/foxy/include/rclcpp/rclcpp.hpp:146,
[2.684s]                  from /root/colcon_ws/src/robot-framework/include/dasc_robot/DASCRobots.hpp:6,
[2.684s]                  from /root/colcon_ws/src/robot-framework/src/joystick_control.cpp:2:
[2.684s] /usr/include/c++/9/functional:211:34: note: â€˜std::placeholders::_1â€™ declared here
[2.684s]   211 |     extern const _Placeholder<1> _1;
[2.684s]       |                                  ^~
[2.684s] /root/colcon_ws/src/robot-framework/src/joystick_control.cpp: In member function â€˜void JoystickController::joy_callback(sensor_msgs::msg::Joy)â€™:
[2.684s] /root/colcon_ws/src/robot-framework/src/joystick_control.cpp:49:43: warning: unused parameter â€˜msgâ€™ [-Wunused-parameter]
[2.684s]    49 |   void joy_callback(sensor_msgs::msg::Joy msg){
[2.684s]       |                     ~~~~~~~~~~~~~~~~~~~~~~^~~
[2.684s] make[2]: *** [CMakeFiles/joystick_controller.dir/build.make:63: CMakeFiles/joystick_controller.dir/src/joystick_control.cpp.o] Error 1
[2.684s] make[1]: *** [CMakeFiles/Makefile2:308: CMakeFiles/joystick_controller.dir/all] Error 2
[2.684s] make: *** [Makefile:141: all] Error 2
[2.686s] Invoked command in '/root/colcon_ws/build/dasc_robot' returned '2': CMAKE_PREFIX_PATH=/root/colcon_ws/install/px4_ros_com:/root/colcon_ws/install/px4_msgs:/opt/ros/foxy:/root/colcon_ws/install/realsense_gazebo_plugin:/root/colcon_ws/install/dasc_robot:/root/colcon_ws/install/experiment LD_LIBRARY_PATH=/root/colcon_ws/install/px4_ros_com/lib:/root/colcon_ws/install/px4_msgs/lib:/root/colcon_ws/install/realsense_gazebo_plugin/lib:/root/colcon_ws/install/dasc_robot/lib:/usr/lib/x86_64-linux-gnu/gazebo-11/plugins:/opt/ros/foxy/opt/yaml_cpp_vendor/lib:/opt/ros/foxy/opt/rviz_ogre_vendor/lib:/opt/ros/foxy/lib/x86_64-linux-gnu:/opt/ros/foxy/lib /usr/bin/cmake --build /root/colcon_ws/build/dasc_robot -- -j16 -l16
