[35m[1mScanning dependencies of target gatekeeper[0m
[ 40%] Built target nominal_controller
[ 60%] [32mBuilding CXX object CMakeFiles/gatekeeper.dir/src/gatekeeper.cpp.o[0m
/root/colcon_ws/src/gatekeeper/src/gatekeeper.cpp: In member function â€˜void gatekeeper::Gatekeeper::insertScan(const Vector3&, const PCLPointCloud&)â€™:
/root/colcon_ws/src/gatekeeper/src/gatekeeper.cpp:152:39: error: â€˜class octomap::Pointcloudâ€™ has no member named â€˜get_pointâ€™; did you mean â€˜getPointâ€™?
  152 |   octomap::point3d point = octomap_pc.get_point(0);
      |                                       ^~~~~~~~~
      |                                       getPoint
/root/colcon_ws/src/gatekeeper/src/gatekeeper.cpp:162:56: error: expected â€˜;â€™ before â€˜)â€™ token
  162 |   for (auto it=free_cells.begin(), end=free_cells.end()); it!=end; ++it){
      |                                                        ^
      |                                                        ;
/root/colcon_ws/src/gatekeeper/src/gatekeeper.cpp:162:56: error: expected primary-expression before â€˜)â€™ token
/root/colcon_ws/src/gatekeeper/src/gatekeeper.cpp:162:56: error: expected â€˜;â€™ before â€˜)â€™ token
  162 |   for (auto it=free_cells.begin(), end=free_cells.end()); it!=end; ++it){
      |                                                        ^
      |                                                        ;
/root/colcon_ws/src/gatekeeper/src/gatekeeper.cpp:162:3: warning: this â€˜forâ€™ clause does not guard... [-Wmisleading-indentation]
  162 |   for (auto it=free_cells.begin(), end=free_cells.end()); it!=end; ++it){
      |   ^~~
/root/colcon_ws/src/gatekeeper/src/gatekeeper.cpp:162:59: note: ...this statement, but the latter is misleadingly indented as if it were guarded by the â€˜forâ€™
  162 |   for (auto it=free_cells.begin(), end=free_cells.end()); it!=end; ++it){
      |                                                           ^~
/root/colcon_ws/src/gatekeeper/src/gatekeeper.cpp:162:59: error: â€˜itâ€™ was not declared in this scope; did you mean â€˜intâ€™?
  162 |   for (auto it=free_cells.begin(), end=free_cells.end()); it!=end; ++it){
      |                                                           ^~
      |                                                           int
/root/colcon_ws/src/gatekeeper/src/gatekeeper.cpp:162:63: error: â€˜endâ€™ was not declared in this scope
  162 |   for (auto it=free_cells.begin(), end=free_cells.end()); it!=end; ++it){
      |                                                               ^~~
/root/colcon_ws/src/gatekeeper/src/gatekeeper.cpp:162:63: note: suggested alternatives:
In file included from /usr/include/c++/9/string:54,
                 from /usr/include/c++/9/stdexcept:39,
                 from /usr/include/c++/9/array:39,
                 from /usr/include/c++/9/tuple:39,
                 from /usr/include/c++/9/bits/unique_ptr.h:37,
                 from /usr/include/c++/9/memory:80,
                 from /opt/ros/foxy/include/rclcpp/rclcpp.hpp:144,
                 from /root/colcon_ws/src/gatekeeper/include/gatekeeper/gatekeeper.hpp:7,
                 from /root/colcon_ws/src/gatekeeper/src/gatekeeper.cpp:10:
/usr/include/c++/9/bits/range_access.h:107:37: note:   â€˜std::endâ€™
  107 |   template<typename _Tp> const _Tp* end(const valarray<_Tp>&);
      |                                     ^~~
In file included from /usr/include/boost/mpl/vector/aux_/begin_end.hpp:21,
                 from /usr/include/boost/mpl/vector/vector0.hpp:31,
                 from /usr/include/boost/mpl/vector/vector10.hpp:18,
                 from /usr/include/boost/mpl/vector/vector20.hpp:18,
                 from /usr/include/boost/mpl/vector.hpp:36,
                 from /usr/include/pcl-1.10/pcl/register_point_struct.h:57,
                 from /usr/include/pcl-1.10/pcl/point_types.h:44,
                 from /root/colcon_ws/src/gatekeeper/include/gatekeeper/gatekeeper.hpp:13,
                 from /root/colcon_ws/src/gatekeeper/src/gatekeeper.cpp:10:
/usr/include/boost/mpl/begin_end_fwd.hpp:23:38: note:   â€˜boost::mpl::endâ€™
   23 | template< typename Sequence > struct end;
      |                                      ^~~
In file included from /usr/include/boost/fusion/mpl/back.hpp:12,
                 from /usr/include/boost/fusion/mpl.hpp:15,
                 from /usr/include/boost/fusion/include/mpl.hpp:12,
                 from /usr/include/pcl-1.10/pcl/common/impl/accumulators.hpp:44,
                 from /usr/include/pcl-1.10/pcl/common/centroid.h:954,
                 from /usr/include/pcl-1.10/pcl/common/transforms.h:44,
                 from /root/colcon_ws/src/gatekeeper/include/gatekeeper/gatekeeper.hpp:14,
                 from /root/colcon_ws/src/gatekeeper/src/gatekeeper.cpp:10:
/usr/include/boost/fusion/sequence/intrinsic/end.hpp:92:5: note:   â€˜boost::fusion::endâ€™
   92 |     end(Sequence const& seq)
      |     ^~~
In file included from /usr/include/boost/foreach.hpp:80,
                 from /usr/include/pcl-1.10/pcl/conversions.h:55,
                 from /usr/include/pcl-1.10/pcl/common/impl/centroid.hpp:45,
                 from /usr/include/pcl-1.10/pcl/common/centroid.h:1098,
                 from /usr/include/pcl-1.10/pcl/common/transforms.h:44,
                 from /root/colcon_ws/src/gatekeeper/include/gatekeeper/gatekeeper.hpp:14,
                 from /root/colcon_ws/src/gatekeeper/src/gatekeeper.cpp:10:
/usr/include/boost/range/end.hpp:108:61: note:   â€˜boost::range_adl_barrier::endâ€™
  108 | inline BOOST_DEDUCED_TYPENAME range_iterator<const T>::type end( const T& r )
      |                                                             ^~~
In file included from /usr/include/pcl-1.10/pcl/conversions.h:55,
                 from /usr/include/pcl-1.10/pcl/common/impl/centroid.hpp:45,
                 from /usr/include/pcl-1.10/pcl/common/centroid.h:1098,
                 from /usr/include/pcl-1.10/pcl/common/transforms.h:44,
                 from /root/colcon_ws/src/gatekeeper/include/gatekeeper/gatekeeper.hpp:14,
                 from /root/colcon_ws/src/gatekeeper/src/gatekeeper.cpp:10:
/usr/include/boost/foreach.hpp:736:1: note:   â€˜boost::foreach_detail_::endâ€™
  736 | end(auto_any_t, type2type<T *, C> *, boost::mpl::true_ *) // null-terminated C-style strings
      | ^~~
In file included from /usr/include/boost/filesystem.hpp:17,
                 from /usr/include/pcl-1.10/pcl/io/boost.h:48,
                 from /usr/include/pcl-1.10/pcl/io/file_io.h:42,
                 from /usr/include/pcl-1.10/pcl/io/pcd_io.h:44,
                 from /opt/ros/foxy/include/pcl_conversions/pcl_conversions.h:72,
                 from /root/colcon_ws/src/gatekeeper/include/gatekeeper/gatekeeper.hpp:15,
                 from /root/colcon_ws/src/gatekeeper/src/gatekeeper.cpp:10:
/usr/include/boost/filesystem/operations.hpp:1367:32: note:   â€˜boost::filesystem::endâ€™
 1367 |   recursive_directory_iterator end(const recursive_directory_iterator&) BOOST_NOEXCEPT
      |                                ^~~
In file included from /usr/include/boost/fusion/sequence/intrinsic/value_at.hpp:16,
                 from /usr/include/boost/fusion/mpl/at.hpp:12,
                 from /usr/include/boost/fusion/mpl.hpp:14,
                 from /usr/include/boost/fusion/include/mpl.hpp:12,
                 from /usr/include/pcl-1.10/pcl/common/impl/accumulators.hpp:44,
                 from /usr/include/pcl-1.10/pcl/common/centroid.h:954,
                 from /usr/include/pcl-1.10/pcl/common/transforms.h:44,
                 from /root/colcon_ws/src/gatekeeper/include/gatekeeper/gatekeeper.hpp:14,
                 from /root/colcon_ws/src/gatekeeper/src/gatekeeper.cpp:10:
/usr/include/boost/fusion/sequence/intrinsic_fwd.hpp:68:16: note:   â€˜boost::fusion::result_of::endâ€™
   68 |         struct end;
      |                ^~~
make[2]: *** [CMakeFiles/gatekeeper.dir/build.make:63: CMakeFiles/gatekeeper.dir/src/gatekeeper.cpp.o] Error 1
make[1]: *** [CMakeFiles/Makefile2:80: CMakeFiles/gatekeeper.dir/all] Error 2
make: *** [Makefile:141: all] Error 2
