[0.010s] Invoking command in '/root/colcon_ws/build/gatekeeper': CMAKE_PREFIX_PATH=/root/colcon_ws/install/dasc_msgs:/opt/ros/foxy:/root/colcon_ws/install/realsense_gazebo_plugin:/root/colcon_ws/install/px4_ros_com:/root/colcon_ws/install/dasc_robot:/root/colcon_ws/install/px4_msgs:/root/colcon_ws/install/gatekeeper:/root/colcon_ws/install/experiment LD_LIBRARY_PATH=/root/colcon_ws/install/dasc_msgs/lib:/root/colcon_ws/install/realsense_gazebo_plugin/lib:/root/colcon_ws/install/px4_ros_com/lib:/root/colcon_ws/install/dasc_robot/lib:/root/colcon_ws/install/px4_msgs/lib:/usr/lib/x86_64-linux-gnu/gazebo-11/plugins:/opt/ros/foxy/opt/yaml_cpp_vendor/lib:/opt/ros/foxy/opt/rviz_ogre_vendor/lib:/opt/ros/foxy/lib/x86_64-linux-gnu:/opt/ros/foxy/lib PYTHONPATH=/root/colcon_ws/install/dasc_msgs/lib/python3.8/site-packages:/root/colcon_ws/install/px4_msgs/lib/python3.8/site-packages:/opt/ros/foxy/lib/python3.8/site-packages /usr/bin/cmake --build /root/colcon_ws/build/gatekeeper -- -j16 -l16
[0.059s] [35m[1mScanning dependencies of target gatekeeper[0m
[0.074s] [ 40%] Built target nominal_controller
[0.092s] [ 60%] [32mBuilding CXX object CMakeFiles/gatekeeper.dir/src/gatekeeper.cpp.o[0m
[9.769s] /root/colcon_ws/src/gatekeeper/src/gatekeeper.cpp: In member function â€˜void gatekeeper::Gatekeeper::insertScan(const Vector3&, const PCLPointCloud&)â€™:
[9.769s] /root/colcon_ws/src/gatekeeper/src/gatekeeper.cpp:152:39: error: â€˜class octomap::Pointcloudâ€™ has no member named â€˜get_pointâ€™; did you mean â€˜getPointâ€™?
[9.769s]   152 |   octomap::point3d point = octomap_pc.get_point(0);
[9.770s]       |                                       ^~~~~~~~~
[9.770s]       |                                       getPoint
[9.770s] /root/colcon_ws/src/gatekeeper/src/gatekeeper.cpp:162:56: error: expected â€˜;â€™ before â€˜)â€™ token
[9.770s]   162 |   for (auto it=free_cells.begin(), end=free_cells.end()); it!=end; ++it){
[9.770s]       |                                                        ^
[9.770s]       |                                                        ;
[9.770s] /root/colcon_ws/src/gatekeeper/src/gatekeeper.cpp:162:56: error: expected primary-expression before â€˜)â€™ token
[9.770s] /root/colcon_ws/src/gatekeeper/src/gatekeeper.cpp:162:56: error: expected â€˜;â€™ before â€˜)â€™ token
[9.770s]   162 |   for (auto it=free_cells.begin(), end=free_cells.end()); it!=end; ++it){
[9.770s]       |                                                        ^
[9.770s]       |                                                        ;
[9.771s] /root/colcon_ws/src/gatekeeper/src/gatekeeper.cpp:162:3: warning: this â€˜forâ€™ clause does not guard... [-Wmisleading-indentation]
[9.771s]   162 |   for (auto it=free_cells.begin(), end=free_cells.end()); it!=end; ++it){
[9.771s]       |   ^~~
[9.771s] /root/colcon_ws/src/gatekeeper/src/gatekeeper.cpp:162:59: note: ...this statement, but the latter is misleadingly indented as if it were guarded by the â€˜forâ€™
[9.771s]   162 |   for (auto it=free_cells.begin(), end=free_cells.end()); it!=end; ++it){
[9.771s]       |                                                           ^~
[9.771s] /root/colcon_ws/src/gatekeeper/src/gatekeeper.cpp:162:59: error: â€˜itâ€™ was not declared in this scope; did you mean â€˜intâ€™?
[9.771s]   162 |   for (auto it=free_cells.begin(), end=free_cells.end()); it!=end; ++it){
[9.771s]       |                                                           ^~
[9.771s]       |                                                           int
[9.771s] /root/colcon_ws/src/gatekeeper/src/gatekeeper.cpp:162:63: error: â€˜endâ€™ was not declared in this scope
[9.771s]   162 |   for (auto it=free_cells.begin(), end=free_cells.end()); it!=end; ++it){
[9.771s]       |                                                               ^~~
[9.771s] /root/colcon_ws/src/gatekeeper/src/gatekeeper.cpp:162:63: note: suggested alternatives:
[9.772s] In file included from /usr/include/c++/9/string:54,
[9.772s]                  from /usr/include/c++/9/stdexcept:39,
[9.772s]                  from /usr/include/c++/9/array:39,
[9.772s]                  from /usr/include/c++/9/tuple:39,
[9.772s]                  from /usr/include/c++/9/bits/unique_ptr.h:37,
[9.772s]                  from /usr/include/c++/9/memory:80,
[9.772s]                  from /opt/ros/foxy/include/rclcpp/rclcpp.hpp:144,
[9.772s]                  from /root/colcon_ws/src/gatekeeper/include/gatekeeper/gatekeeper.hpp:7,
[9.772s]                  from /root/colcon_ws/src/gatekeeper/src/gatekeeper.cpp:10:
[9.773s] /usr/include/c++/9/bits/range_access.h:107:37: note:   â€˜std::endâ€™
[9.773s]   107 |   template<typename _Tp> const _Tp* end(const valarray<_Tp>&);
[9.773s]       |                                     ^~~
[9.773s] In file included from /usr/include/boost/mpl/vector/aux_/begin_end.hpp:21,
[9.773s]                  from /usr/include/boost/mpl/vector/vector0.hpp:31,
[9.773s]                  from /usr/include/boost/mpl/vector/vector10.hpp:18,
[9.773s]                  from /usr/include/boost/mpl/vector/vector20.hpp:18,
[9.773s]                  from /usr/include/boost/mpl/vector.hpp:36,
[9.773s]                  from /usr/include/pcl-1.10/pcl/register_point_struct.h:57,
[9.773s]                  from /usr/include/pcl-1.10/pcl/point_types.h:44,
[9.774s]                  from /root/colcon_ws/src/gatekeeper/include/gatekeeper/gatekeeper.hpp:13,
[9.774s]                  from /root/colcon_ws/src/gatekeeper/src/gatekeeper.cpp:10:
[9.774s] /usr/include/boost/mpl/begin_end_fwd.hpp:23:38: note:   â€˜boost::mpl::endâ€™
[9.774s]    23 | template< typename Sequence > struct end;
[9.774s]       |                                      ^~~
[9.774s] In file included from /usr/include/boost/fusion/mpl/back.hpp:12,
[9.774s]                  from /usr/include/boost/fusion/mpl.hpp:15,
[9.774s]                  from /usr/include/boost/fusion/include/mpl.hpp:12,
[9.775s]                  from /usr/include/pcl-1.10/pcl/common/impl/accumulators.hpp:44,
[9.775s]                  from /usr/include/pcl-1.10/pcl/common/centroid.h:954,
[9.775s]                  from /usr/include/pcl-1.10/pcl/common/transforms.h:44,
[9.775s]                  from /root/colcon_ws/src/gatekeeper/include/gatekeeper/gatekeeper.hpp:14,
[9.775s]                  from /root/colcon_ws/src/gatekeeper/src/gatekeeper.cpp:10:
[9.775s] /usr/include/boost/fusion/sequence/intrinsic/end.hpp:92:5: note:   â€˜boost::fusion::endâ€™
[9.775s]    92 |     end(Sequence const& seq)
[9.775s]       |     ^~~
[9.775s] In file included from /usr/include/boost/foreach.hpp:80,
[9.775s]                  from /usr/include/pcl-1.10/pcl/conversions.h:55,
[9.775s]                  from /usr/include/pcl-1.10/pcl/common/impl/centroid.hpp:45,
[9.775s]                  from /usr/include/pcl-1.10/pcl/common/centroid.h:1098,
[9.775s]                  from /usr/include/pcl-1.10/pcl/common/transforms.h:44,
[9.776s]                  from /root/colcon_ws/src/gatekeeper/include/gatekeeper/gatekeeper.hpp:14,
[9.776s]                  from /root/colcon_ws/src/gatekeeper/src/gatekeeper.cpp:10:
[9.776s] /usr/include/boost/range/end.hpp:108:61: note:   â€˜boost::range_adl_barrier::endâ€™
[9.776s]   108 | inline BOOST_DEDUCED_TYPENAME range_iterator<const T>::type end( const T& r )
[9.776s]       |                                                             ^~~
[9.776s] In file included from /usr/include/pcl-1.10/pcl/conversions.h:55,
[9.776s]                  from /usr/include/pcl-1.10/pcl/common/impl/centroid.hpp:45,
[9.776s]                  from /usr/include/pcl-1.10/pcl/common/centroid.h:1098,
[9.776s]                  from /usr/include/pcl-1.10/pcl/common/transforms.h:44,
[9.776s]                  from /root/colcon_ws/src/gatekeeper/include/gatekeeper/gatekeeper.hpp:14,
[9.776s]                  from /root/colcon_ws/src/gatekeeper/src/gatekeeper.cpp:10:
[9.776s] /usr/include/boost/foreach.hpp:736:1: note:   â€˜boost::foreach_detail_::endâ€™
[9.776s]   736 | end(auto_any_t, type2type<T *, C> *, boost::mpl::true_ *) // null-terminated C-style strings
[9.777s]       | ^~~
[9.777s] In file included from /usr/include/boost/filesystem.hpp:17,
[9.777s]                  from /usr/include/pcl-1.10/pcl/io/boost.h:48,
[9.777s]                  from /usr/include/pcl-1.10/pcl/io/file_io.h:42,
[9.777s]                  from /usr/include/pcl-1.10/pcl/io/pcd_io.h:44,
[9.777s]                  from /opt/ros/foxy/include/pcl_conversions/pcl_conversions.h:72,
[9.777s]                  from /root/colcon_ws/src/gatekeeper/include/gatekeeper/gatekeeper.hpp:15,
[9.777s]                  from /root/colcon_ws/src/gatekeeper/src/gatekeeper.cpp:10:
[9.778s] /usr/include/boost/filesystem/operations.hpp:1367:32: note:   â€˜boost::filesystem::endâ€™
[9.778s]  1367 |   recursive_directory_iterator end(const recursive_directory_iterator&) BOOST_NOEXCEPT
[9.778s]       |                                ^~~
[9.779s] In file included from /usr/include/boost/fusion/sequence/intrinsic/value_at.hpp:16,
[9.779s]                  from /usr/include/boost/fusion/mpl/at.hpp:12,
[9.779s]                  from /usr/include/boost/fusion/mpl.hpp:14,
[9.779s]                  from /usr/include/boost/fusion/include/mpl.hpp:12,
[9.779s]                  from /usr/include/pcl-1.10/pcl/common/impl/accumulators.hpp:44,
[9.780s]                  from /usr/include/pcl-1.10/pcl/common/centroid.h:954,
[9.780s]                  from /usr/include/pcl-1.10/pcl/common/transforms.h:44,
[9.780s]                  from /root/colcon_ws/src/gatekeeper/include/gatekeeper/gatekeeper.hpp:14,
[9.780s]                  from /root/colcon_ws/src/gatekeeper/src/gatekeeper.cpp:10:
[9.780s] /usr/include/boost/fusion/sequence/intrinsic_fwd.hpp:68:16: note:   â€˜boost::fusion::result_of::endâ€™
[9.780s]    68 |         struct end;
[9.780s]       |                ^~~
[9.780s] make[2]: *** [CMakeFiles/gatekeeper.dir/build.make:63: CMakeFiles/gatekeeper.dir/src/gatekeeper.cpp.o] Error 1
[9.780s] make[1]: *** [CMakeFiles/Makefile2:80: CMakeFiles/gatekeeper.dir/all] Error 2
[9.780s] make: *** [Makefile:141: all] Error 2
[9.780s] Invoked command in '/root/colcon_ws/build/gatekeeper' returned '2': CMAKE_PREFIX_PATH=/root/colcon_ws/install/dasc_msgs:/opt/ros/foxy:/root/colcon_ws/install/realsense_gazebo_plugin:/root/colcon_ws/install/px4_ros_com:/root/colcon_ws/install/dasc_robot:/root/colcon_ws/install/px4_msgs:/root/colcon_ws/install/gatekeeper:/root/colcon_ws/install/experiment LD_LIBRARY_PATH=/root/colcon_ws/install/dasc_msgs/lib:/root/colcon_ws/install/realsense_gazebo_plugin/lib:/root/colcon_ws/install/px4_ros_com/lib:/root/colcon_ws/install/dasc_robot/lib:/root/colcon_ws/install/px4_msgs/lib:/usr/lib/x86_64-linux-gnu/gazebo-11/plugins:/opt/ros/foxy/opt/yaml_cpp_vendor/lib:/opt/ros/foxy/opt/rviz_ogre_vendor/lib:/opt/ros/foxy/lib/x86_64-linux-gnu:/opt/ros/foxy/lib PYTHONPATH=/root/colcon_ws/install/dasc_msgs/lib/python3.8/site-packages:/root/colcon_ws/install/px4_msgs/lib/python3.8/site-packages:/opt/ros/foxy/lib/python3.8/site-packages /usr/bin/cmake --build /root/colcon_ws/build/gatekeeper -- -j16 -l16
