-- Found ament_cmake: 0.9.9 (/opt/ros/foxy/share/ament_cmake/cmake)
-- Using PYTHON_EXECUTABLE: /usr/bin/python3
-- Override CMake install command with custom implementation using symlinks instead of copying resources
-- Found sensor_msgs: 2.0.4 (/opt/ros/foxy/share/sensor_msgs/cmake)
-- Using all available rosidl_typesupport_c: rosidl_typesupport_fastrtps_c;rosidl_typesupport_introspection_c
-- Found rosidl_adapter: 1.2.1 (/opt/ros/foxy/share/rosidl_adapter/cmake)
-- Using all available rosidl_typesupport_cpp: rosidl_typesupport_fastrtps_cpp;rosidl_typesupport_introspection_cpp
-- Found dasc_msgs: 0.0.0 (/root/colcon_ws/install/dasc_msgs/share/dasc_msgs/cmake)
-- Found rclcpp: 2.4.0 (/opt/ros/foxy/share/rclcpp/cmake)
-- Found rmw_implementation_cmake: 1.0.3 (/opt/ros/foxy/share/rmw_implementation_cmake/cmake)
-- Using RMW implementation 'rmw_fastrtps_cpp' as default
-- Found tf2: 0.13.12 (/opt/ros/foxy/share/tf2/cmake)
-- Found tf2_ros: 0.13.12 (/opt/ros/foxy/share/tf2_ros/cmake)
-- Checking for module 'eigen3'
--   Found eigen3, version 3.3.7
-- Found Eigen: /usr/include/eigen3 (Required is at least version "3.1") 
-- Eigen found (include: /usr/include/eigen3, version: 3.3.7)
-- Found Boost: /usr/include (found suitable version "1.71.0", minimum required is "1.55.0") found components: system filesystem date_time iostreams regex 
-- Checking for module 'flann'
--   Found flann, version 1.9.1
-- Found FLANN: /usr/lib/x86_64-linux-gnu/libflann_cpp.so  
-- The imported target "vtkParseOGLExt" references the file
   "/usr/bin/vtkParseOGLExt-7.1"
but this file does not exist.  Possible reasons include:
* The file was deleted, renamed, or moved to another location.
* An install or uninstall procedure did not complete successfully.
* The installation package was faulty and contained
   "/usr/lib/cmake/vtk-7.1/VTKTargets.cmake"
but not all the files it references.

-- The imported target "vtkRenderingPythonTkWidgets" references the file
   "/usr/lib/x86_64-linux-gnu/libvtkRenderingPythonTkWidgets.so"
but this file does not exist.  Possible reasons include:
* The file was deleted, renamed, or moved to another location.
* An install or uninstall procedure did not complete successfully.
* The installation package was faulty and contained
   "/usr/lib/cmake/vtk-7.1/VTKTargets.cmake"
but not all the files it references.

-- The imported target "vtk" references the file
   "/usr/bin/vtk"
but this file does not exist.  Possible reasons include:
* The file was deleted, renamed, or moved to another location.
* An install or uninstall procedure did not complete successfully.
* The installation package was faulty and contained
   "/usr/lib/cmake/vtk-7.1/VTKTargets.cmake"
but not all the files it references.

-- The imported target "pvtk" references the file
   "/usr/bin/pvtk"
but this file does not exist.  Possible reasons include:
* The file was deleted, renamed, or moved to another location.
* An install or uninstall procedure did not complete successfully.
* The installation package was faulty and contained
   "/usr/lib/cmake/vtk-7.1/VTKTargets.cmake"
but not all the files it references.

-- Checking for module 'libusb-1.0'
--   Found libusb-1.0, version 1.0.23
-- Found USB_10: /usr/lib/x86_64-linux-gnu/libusb-1.0.so  
-- Found OpenNI: /usr/lib/libOpenNI.so  
-- OpenNI found (include: /usr/include/ni, lib: /usr/lib/libOpenNI.so)
-- Found OpenNI2: /usr/lib/libOpenNI2.so  
-- OpenNI2 found (include: /usr/include/openni2, lib: /usr/lib/libOpenNI2.so)
** WARNING ** io features related to pcap will be disabled
** WARNING ** io features related to png will be disabled
-- Found libusb-1.0: /usr/include  
** WARNING ** io features related to libusb-1.0 will be disabled
-- OpenNI found (include: /usr/include/ni, lib: /usr/lib/libOpenNI.so)
-- OpenNI2 found (include: /usr/include/openni2, lib: /usr/lib/libOpenNI2.so)
-- Found Qhull: optimized;/usr/lib/x86_64-linux-gnu/libqhull.so;debug;/usr/lib/x86_64-linux-gnu/libqhull.so  
-- QHULL found (include: /usr/include, lib: optimized;/usr/lib/x86_64-linux-gnu/libqhull.so;debug;/usr/lib/x86_64-linux-gnu/libqhull.so)
-- OpenNI found (include: /usr/include/ni, lib: /usr/lib/libOpenNI.so)
-- looking for PCL_COMMON
-- Found PCL_COMMON: /usr/lib/x86_64-linux-gnu/libpcl_common.so  
-- looking for PCL_KDTREE
-- Found PCL_KDTREE: /usr/lib/x86_64-linux-gnu/libpcl_kdtree.so  
-- looking for PCL_OCTREE
-- Found PCL_OCTREE: /usr/lib/x86_64-linux-gnu/libpcl_octree.so  
-- looking for PCL_SEARCH
-- Found PCL_SEARCH: /usr/lib/x86_64-linux-gnu/libpcl_search.so  
-- looking for PCL_SAMPLE_CONSENSUS
-- Found PCL_SAMPLE_CONSENSUS: /usr/lib/x86_64-linux-gnu/libpcl_sample_consensus.so  
-- looking for PCL_FILTERS
-- Found PCL_FILTERS: /usr/lib/x86_64-linux-gnu/libpcl_filters.so  
-- looking for PCL_2D
-- Found PCL_2D: /usr/include/pcl-1.10  
-- looking for PCL_GEOMETRY
-- Found PCL_GEOMETRY: /usr/include/pcl-1.10  
-- looking for PCL_IO
-- Found PCL_IO: /usr/lib/x86_64-linux-gnu/libpcl_io.so  
-- looking for PCL_FEATURES
-- Found PCL_FEATURES: /usr/lib/x86_64-linux-gnu/libpcl_features.so  
-- looking for PCL_ML
-- Found PCL_ML: /usr/lib/x86_64-linux-gnu/libpcl_ml.so  
-- looking for PCL_SEGMENTATION
-- Found PCL_SEGMENTATION: /usr/lib/x86_64-linux-gnu/libpcl_segmentation.so  
-- looking for PCL_VISUALIZATION
-- Found PCL_VISUALIZATION: /usr/lib/x86_64-linux-gnu/libpcl_visualization.so  
-- looking for PCL_SURFACE
-- Found PCL_SURFACE: /usr/lib/x86_64-linux-gnu/libpcl_surface.so  
-- looking for PCL_REGISTRATION
-- Found PCL_REGISTRATION: /usr/lib/x86_64-linux-gnu/libpcl_registration.so  
-- looking for PCL_KEYPOINTS
-- Found PCL_KEYPOINTS: /usr/lib/x86_64-linux-gnu/libpcl_keypoints.so  
-- looking for PCL_TRACKING
-- Found PCL_TRACKING: /usr/lib/x86_64-linux-gnu/libpcl_tracking.so  
-- looking for PCL_RECOGNITION
-- Found PCL_RECOGNITION: /usr/lib/x86_64-linux-gnu/libpcl_recognition.so  
-- looking for PCL_STEREO
-- Found PCL_STEREO: /usr/lib/x86_64-linux-gnu/libpcl_stereo.so  
-- looking for PCL_APPS
-- Found PCL_APPS: /usr/lib/x86_64-linux-gnu/libpcl_apps.so  
-- looking for PCL_IN_HAND_SCANNER
-- Found PCL_IN_HAND_SCANNER: /usr/include/pcl-1.10  
-- looking for PCL_POINT_CLOUD_EDITOR
-- Found PCL_POINT_CLOUD_EDITOR: /usr/include/pcl-1.10  
-- looking for PCL_OUTOFCORE
-- Found PCL_OUTOFCORE: /usr/lib/x86_64-linux-gnu/libpcl_outofcore.so  
-- looking for PCL_PEOPLE
-- Found PCL_PEOPLE: /usr/lib/x86_64-linux-gnu/libpcl_people.so  
-- Found PCL: pcl_common;pcl_kdtree;pcl_octree;pcl_search;pcl_sample_consensus;pcl_filters;pcl_io;pcl_features;pcl_ml;pcl_segmentation;pcl_visualization;pcl_surface;pcl_registration;pcl_keypoints;pcl_tracking;pcl_recognition;pcl_stereo;pcl_apps;pcl_outofcore;pcl_people;/usr/lib/x86_64-linux-gnu/libboost_system.so;/usr/lib/x86_64-linux-gnu/libboost_filesystem.so;/usr/lib/x86_64-linux-gnu/libboost_date_time.so;/usr/lib/x86_64-linux-gnu/libboost_iostreams.so;/usr/lib/x86_64-linux-gnu/libboost_regex.so;optimized;/usr/lib/x86_64-linux-gnu/libqhull.so;debug;/usr/lib/x86_64-linux-gnu/libqhull.so;/usr/lib/libOpenNI.so;/usr/lib/libOpenNI2.so;vtkChartsCore;vtkCommonColor;vtkCommonCore;vtksys;vtkCommonDataModel;vtkCommonMath;vtkCommonMisc;vtkCommonSystem;vtkCommonTransforms;vtkCommonExecutionModel;vtkFiltersGeneral;vtkCommonComputationalGeometry;vtkFiltersCore;vtkInfovisCore;vtkFiltersExtraction;vtkFiltersStatistics;vtkImagingFourier;vtkImagingCore;vtkalglib;vtkRenderingContext2D;vtkRenderingCore;vtkFiltersGeometry;vtkFiltersSources;vtkRenderingFreeType;/usr/lib/x86_64-linux-gnu/libfreetype.so;/usr/lib/x86_64-linux-gnu/libz.so;vtkFiltersModeling;vtkImagingSources;vtkInteractionStyle;vtkInteractionWidgets;vtkFiltersHybrid;vtkImagingColor;vtkImagingGeneral;vtkImagingHybrid;vtkIOImage;vtkDICOMParser;vtkmetaio;/usr/lib/x86_64-linux-gnu/libjpeg.so;/usr/lib/x86_64-linux-gnu/libpng.so;/usr/lib/x86_64-linux-gnu/libtiff.so;vtkRenderingAnnotation;vtkRenderingVolume;vtkIOXML;vtkIOCore;vtkIOXMLParser;/usr/lib/x86_64-linux-gnu/libexpat.so;vtkIOGeometry;vtkIOLegacy;vtkIOPLY;vtkRenderingLOD;vtkViewsContext2D;vtkViewsCore;vtkRenderingContextOpenGL2;vtkRenderingOpenGL2;FLANN::FLANN (Required is at least version "1.7") 
-- Found ament_lint_auto: 0.9.6 (/opt/ros/foxy/share/ament_lint_auto/cmake)
-- Added test 'copyright' to check source files copyright and LICENSE
-- Added test 'cppcheck' to perform static code analysis on C / C++ code
-- Configured cppcheck include dirs: /root/colcon_ws/src/gatekeeper/include
-- Configured cppcheck exclude dirs and/or files: 
-- Added test 'cpplint' to check C / C++ code against the Google style
-- Configured cpplint exclude dirs and/or files: 
-- Added test 'lint_cmake' to check CMake code style
-- Added test 'uncrustify' to check C / C++ code style
-- Configured uncrustify additional arguments: 
-- Added test 'xmllint' to check XML markup files
-- Configuring done
-- Generating done
-- Build files have been written to: /root/colcon_ws/build/gatekeeper
[35m[1mScanning dependencies of target gatekeeper[0m
[35m[1mScanning dependencies of target nominal_controller[0m
[ 25%] [32mBuilding CXX object CMakeFiles/nominal_controller.dir/src/nominal_controller.cpp.o[0m
[ 50%] [32mBuilding CXX object CMakeFiles/gatekeeper.dir/src/gatekeeper.cpp.o[0m
[ 75%] [32m[1mLinking CXX executable nominal_controller[0m
[ 75%] Built target nominal_controller
In file included from /root/colcon_ws/src/gatekeeper/src/gatekeeper.cpp:10:
/root/colcon_ws/src/gatekeeper/include/gatekeeper/gatekeeper.hpp:22:48: error: expected â€˜;â€™ before â€˜usingâ€™
   22 | using PCLPointCloud = pcl::PointCloud<PCLPoint>
      |                                                ^
      |                                                ;
   23 | using OcTreeT = octomap::OcTree;
      | ~~~~~                                           
/root/colcon_ws/src/gatekeeper/include/gatekeeper/gatekeeper.hpp:42:21: error: â€˜OcTreeTâ€™ was not declared in this scope
   42 |     std::shared_ptr<OcTreeT> m_octree;
      |                     ^~~~~~~
/root/colcon_ws/src/gatekeeper/include/gatekeeper/gatekeeper.hpp:42:28: error: template argument 1 is invalid
   42 |     std::shared_ptr<OcTreeT> m_octree;
      |                            ^
/root/colcon_ws/src/gatekeeper/include/gatekeeper/gatekeeper.hpp:56:15: error: â€˜PCLPointCloudâ€™ does not name a type; did you mean â€˜PCLPointâ€™?
   56 |         const PCLPointCloud& pc);
      |               ^~~~~~~~~~~~~
      |               PCLPoint
/root/colcon_ws/src/gatekeeper/include/gatekeeper/gatekeeper.hpp:62:2: error: expected â€˜;â€™ after class definition
   62 | }
      |  ^
      |  ;
/root/colcon_ws/src/gatekeeper/include/gatekeeper/gatekeeper.hpp:67:2: warning: extra â€˜;â€™ [-Wpedantic]
   67 | }; // namespace gatekeeper
      |  ^
/root/colcon_ws/src/gatekeeper/src/gatekeeper.cpp:15:24: error: definition of implicitly-declared â€˜gatekeeper::Gatekeeper::Gatekeeper()â€™
   15 | Gatekeeper::Gatekeeper()
      |                        ^
/root/colcon_ws/src/gatekeeper/src/gatekeeper.cpp:33:32: error: variable or field â€˜cloud_callbackâ€™ declared void
   33 | void Gatekeeper::cloud_callback(
      |                                ^
In file included from /opt/ros/foxy/include/rclcpp/service.hpp:34,
                 from /opt/ros/foxy/include/rclcpp/callback_group.hpp:25,
                 from /opt/ros/foxy/include/rclcpp/any_executable.hpp:20,
                 from /opt/ros/foxy/include/rclcpp/memory_strategy.hpp:24,
                 from /opt/ros/foxy/include/rclcpp/memory_strategies.hpp:18,
                 from /opt/ros/foxy/include/rclcpp/executor_options.hpp:20,
                 from /opt/ros/foxy/include/rclcpp/executor.hpp:33,
                 from /opt/ros/foxy/include/rclcpp/executors/multi_threaded_executor.hpp:26,
                 from /opt/ros/foxy/include/rclcpp/executors.hpp:21,
                 from /opt/ros/foxy/include/rclcpp/rclcpp.hpp:146,
                 from /root/colcon_ws/src/gatekeeper/include/gatekeeper/gatekeeper.hpp:7,
                 from /root/colcon_ws/src/gatekeeper/src/gatekeeper.cpp:10:
/root/colcon_ws/src/gatekeeper/src/gatekeeper.cpp:35:3: error: expected primary-expression before â€˜doâ€™
   35 |   RCLCPP_INFO(this->get_logger(), "Received cloud");
      |   ^~~~~~~~~~~
/root/colcon_ws/src/gatekeeper/src/gatekeeper.cpp:40:6: error: â€˜Gatekeeperâ€™ has not been declared
   40 | void Gatekeeper::insertScan( const geometry_msgs::msg::Vector3 &sensorOrigin,
      |      ^~~~~~~~~~
/root/colcon_ws/src/gatekeeper/src/gatekeeper.cpp:41:9: error: â€˜PCLPointCloudâ€™ does not name a type; did you mean â€˜PCLPointâ€™?
   41 |   const PCLPointCloud& pc)
      |         ^~~~~~~~~~~~~
      |         PCLPoint
In file included from /opt/ros/foxy/include/rclcpp/service.hpp:34,
                 from /opt/ros/foxy/include/rclcpp/callback_group.hpp:25,
                 from /opt/ros/foxy/include/rclcpp/any_executable.hpp:20,
                 from /opt/ros/foxy/include/rclcpp/memory_strategy.hpp:24,
                 from /opt/ros/foxy/include/rclcpp/memory_strategies.hpp:18,
                 from /opt/ros/foxy/include/rclcpp/executor_options.hpp:20,
                 from /opt/ros/foxy/include/rclcpp/executor.hpp:33,
                 from /opt/ros/foxy/include/rclcpp/executors/multi_threaded_executor.hpp:26,
                 from /opt/ros/foxy/include/rclcpp/executors.hpp:21,
                 from /opt/ros/foxy/include/rclcpp/rclcpp.hpp:146,
                 from /root/colcon_ws/src/gatekeeper/include/gatekeeper/gatekeeper.hpp:7,
                 from /root/colcon_ws/src/gatekeeper/src/gatekeeper.cpp:10:
/root/colcon_ws/src/gatekeeper/src/gatekeeper.cpp: In function â€˜void insertScan(const Vector3&, const int&)â€™:
/root/colcon_ws/src/gatekeeper/src/gatekeeper.cpp:44:15: error: invalid use of â€˜thisâ€™ in non-member function
   44 |   RCLCPP_INFO(this->get_logger(), "insert Scan");
      |               ^~~~
/root/colcon_ws/src/gatekeeper/src/gatekeeper.cpp:44:15: error: invalid use of â€˜thisâ€™ in non-member function
/root/colcon_ws/src/gatekeeper/src/gatekeeper.cpp:44:3: error: template argument 1 is invalid
   44 |   RCLCPP_INFO(this->get_logger(), "insert Scan");
      |   ^~~~~~~~~~~
/root/colcon_ws/src/gatekeeper/src/gatekeeper.cpp:44:3: error: template argument 1 is invalid
   44 |   RCLCPP_INFO(this->get_logger(), "insert Scan");
      |   ^~~~~~~~~~~
/root/colcon_ws/src/gatekeeper/src/gatekeeper.cpp:44:3: error: template argument 1 is invalid
   44 |   RCLCPP_INFO(this->get_logger(), "insert Scan");
      |   ^~~~~~~~~~~
In file included from /opt/ros/foxy/include/rclcpp/client.hpp:40,
                 from /opt/ros/foxy/include/rclcpp/callback_group.hpp:23,
                 from /opt/ros/foxy/include/rclcpp/any_executable.hpp:20,
                 from /opt/ros/foxy/include/rclcpp/memory_strategy.hpp:24,
                 from /opt/ros/foxy/include/rclcpp/memory_strategies.hpp:18,
                 from /opt/ros/foxy/include/rclcpp/executor_options.hpp:20,
                 from /opt/ros/foxy/include/rclcpp/executor.hpp:33,
                 from /opt/ros/foxy/include/rclcpp/executors/multi_threaded_executor.hpp:26,
                 from /opt/ros/foxy/include/rclcpp/executors.hpp:21,
                 from /opt/ros/foxy/include/rclcpp/rclcpp.hpp:146,
                 from /root/colcon_ws/src/gatekeeper/include/gatekeeper/gatekeeper.hpp:7,
                 from /root/colcon_ws/src/gatekeeper/src/gatekeeper.cpp:10:
/root/colcon_ws/src/gatekeeper/src/gatekeeper.cpp:44:15: error: invalid use of â€˜thisâ€™ in non-member function
   44 |   RCLCPP_INFO(this->get_logger(), "insert Scan");
      |               ^~~~
/root/colcon_ws/src/gatekeeper/src/gatekeeper.cpp:44:15: error: invalid use of â€˜thisâ€™ in non-member function
   44 |   RCLCPP_INFO(this->get_logger(), "insert Scan");
      |               ^~~~
/root/colcon_ws/src/gatekeeper/src/gatekeeper.cpp:40:65: warning: unused parameter â€˜sensorOriginâ€™ [-Wunused-parameter]
   40 | void Gatekeeper::insertScan( const geometry_msgs::msg::Vector3 &sensorOrigin,
      |                              ~~~~~~~~~~~~~~~~~~~~~~~~~~~~~~~~~~~^~~~~~~~~~~~
/root/colcon_ws/src/gatekeeper/src/gatekeeper.cpp:41:24: warning: unused parameter â€˜pcâ€™ [-Wunused-parameter]
   41 |   const PCLPointCloud& pc)
      |   ~~~~~~~~~~~~~~~~~~~~~^~
/root/colcon_ws/src/gatekeeper/src/gatekeeper.cpp: At global scope:
/root/colcon_ws/src/gatekeeper/src/gatekeeper.cpp:51:1: error: expected declaration before â€˜}â€™ token
   51 | }; // namespace gatekeeper
      | ^
/root/colcon_ws/src/gatekeeper/src/gatekeeper.cpp: In function â€˜int main(int, char**)â€™:
/root/colcon_ws/src/gatekeeper/src/gatekeeper.cpp:61:11: warning: statement is a reference, not call, to function â€˜rclcpp::shutdownâ€™ [-Waddress]
   61 |   rclcpp::shutdown;
      |   ~~~~~~~~^~~~~~~~
/root/colcon_ws/src/gatekeeper/src/gatekeeper.cpp:61:11: warning: statement has no effect [-Wunused-value]
In file included from /usr/include/x86_64-linux-gnu/c++/9/bits/c++allocator.h:33,
                 from /usr/include/c++/9/bits/allocator.h:46,
                 from /usr/include/c++/9/memory:63,
                 from /opt/ros/foxy/include/rclcpp/rclcpp.hpp:144,
                 from /root/colcon_ws/src/gatekeeper/include/gatekeeper/gatekeeper.hpp:7,
                 from /root/colcon_ws/src/gatekeeper/src/gatekeeper.cpp:10:
/usr/include/c++/9/ext/new_allocator.h: In instantiation of â€˜void __gnu_cxx::new_allocator<_Tp>::construct(_Up*, _Args&& ...) [with _Up = gatekeeper::Gatekeeper; _Args = {}; _Tp = gatekeeper::Gatekeeper]â€™:
/usr/include/c++/9/bits/alloc_traits.h:482:2:   required from â€˜static void std::allocator_traits<std::allocator<_Tp1> >::construct(std::allocator_traits<std::allocator<_Tp1> >::allocator_type&, _Up*, _Args&& ...) [with _Up = gatekeeper::Gatekeeper; _Args = {}; _Tp = gatekeeper::Gatekeeper; std::allocator_traits<std::allocator<_Tp1> >::allocator_type = std::allocator<gatekeeper::Gatekeeper>]â€™
/usr/include/c++/9/bits/shared_ptr_base.h:548:39:   required from â€˜std::_Sp_counted_ptr_inplace<_Tp, _Alloc, _Lp>::_Sp_counted_ptr_inplace(_Alloc, _Args&& ...) [with _Args = {}; _Tp = gatekeeper::Gatekeeper; _Alloc = std::allocator<gatekeeper::Gatekeeper>; __gnu_cxx::_Lock_policy _Lp = __gnu_cxx::_S_atomic]â€™
/usr/include/c++/9/bits/shared_ptr_base.h:679:16:   required from â€˜std::__shared_count<_Lp>::__shared_count(_Tp*&, std::_Sp_alloc_shared_tag<_Alloc>, _Args&& ...) [with _Tp = gatekeeper::Gatekeeper; _Alloc = std::allocator<gatekeeper::Gatekeeper>; _Args = {}; __gnu_cxx::_Lock_policy _Lp = __gnu_cxx::_S_atomic]â€™
/usr/include/c++/9/bits/shared_ptr_base.h:1344:71:   required from â€˜std::__shared_ptr<_Tp, _Lp>::__shared_ptr(std::_Sp_alloc_shared_tag<_Tp>, _Args&& ...) [with _Alloc = std::allocator<gatekeeper::Gatekeeper>; _Args = {}; _Tp = gatekeeper::Gatekeeper; __gnu_cxx::_Lock_policy _Lp = __gnu_cxx::_S_atomic]â€™
/usr/include/c++/9/bits/shared_ptr.h:359:59:   required from â€˜std::shared_ptr<_Tp>::shared_ptr(std::_Sp_alloc_shared_tag<_Tp>, _Args&& ...) [with _Alloc = std::allocator<gatekeeper::Gatekeeper>; _Args = {}; _Tp = gatekeeper::Gatekeeper]â€™
/usr/include/c++/9/bits/shared_ptr.h:701:14:   required from â€˜std::shared_ptr<_Tp> std::allocate_shared(const _Alloc&, _Args&& ...) [with _Tp = gatekeeper::Gatekeeper; _Alloc = std::allocator<gatekeeper::Gatekeeper>; _Args = {}]â€™
/usr/include/c++/9/bits/shared_ptr.h:717:39:   required from â€˜std::shared_ptr<_Tp> std::make_shared(_Args&& ...) [with _Tp = gatekeeper::Gatekeeper; _Args = {}]â€™
/root/colcon_ws/src/gatekeeper/src/gatekeeper.cpp:58:56:   required from here
/usr/include/c++/9/ext/new_allocator.h:145:20: error: use of deleted function â€˜gatekeeper::Gatekeeper::Gatekeeper()â€™
  145 |  noexcept(noexcept(::new((void *)__p)
      |                    ^~~~~~~~~~~~~~~~~~
  146 |        _Up(std::forward<_Args>(__args)...)))
      |        ~~~~~~~~~~~~~~~~~~~~~~~~~~~~~~~~~~~
In file included from /root/colcon_ws/src/gatekeeper/src/gatekeeper.cpp:10:
/root/colcon_ws/src/gatekeeper/include/gatekeeper/gatekeeper.hpp:31:7: note: â€˜gatekeeper::Gatekeeper::Gatekeeper()â€™ is implicitly deleted because the default definition would be ill-formed:
   31 | class Gatekeeper : public rclcpp::Node {
      |       ^~~~~~~~~~
/root/colcon_ws/src/gatekeeper/include/gatekeeper/gatekeeper.hpp:31:7: error: no matching function for call to â€˜rclcpp::Node::Node()â€™
In file included from /opt/ros/foxy/include/rclcpp/executors/single_threaded_executor.hpp:28,
                 from /opt/ros/foxy/include/rclcpp/executors.hpp:22,
                 from /opt/ros/foxy/include/rclcpp/rclcpp.hpp:146,
                 from /root/colcon_ws/src/gatekeeper/include/gatekeeper/gatekeeper.hpp:7,
                 from /root/colcon_ws/src/gatekeeper/src/gatekeeper.cpp:10:
/opt/ros/foxy/include/rclcpp/node.hpp:1193:3: note: candidate: â€˜rclcpp::Node::Node(const rclcpp::Node&, const string&)â€™
 1193 |   Node(
      |   ^~~~
/opt/ros/foxy/include/rclcpp/node.hpp:1193:3: note:   candidate expects 2 arguments, 0 provided
/opt/ros/foxy/include/rclcpp/node.hpp:98:12: note: candidate: â€˜rclcpp::Node::Node(const string&, const string&, const rclcpp::NodeOptions&)â€™
   98 |   explicit Node(
      |            ^~~~
/opt/ros/foxy/include/rclcpp/node.hpp:98:12: note:   candidate expects 3 arguments, 0 provided
/opt/ros/foxy/include/rclcpp/node.hpp:86:12: note: candidate: â€˜rclcpp::Node::Node(const string&, const rclcpp::NodeOptions&)â€™
   86 |   explicit Node(
      |            ^~~~
/opt/ros/foxy/include/rclcpp/node.hpp:86:12: note:   candidate expects 2 arguments, 0 provided
make[2]: *** [CMakeFiles/gatekeeper.dir/build.make:63: CMakeFiles/gatekeeper.dir/src/gatekeeper.cpp.o] Error 1
make[1]: *** [CMakeFiles/Makefile2:80: CMakeFiles/gatekeeper.dir/all] Error 2
make: *** [Makefile:141: all] Error 2
