[0.012s] Invoking command in '/root/colcon_ws/build/gatekeeper': CMAKE_PREFIX_PATH=/root/colcon_ws/install/dasc_msgs:/opt/ros/foxy:/root/colcon_ws/install/realsense_gazebo_plugin:/root/colcon_ws/install/px4_ros_com:/root/colcon_ws/install/dasc_robot:/root/colcon_ws/install/px4_msgs:/root/colcon_ws/install/gatekeeper:/root/colcon_ws/install/experiment LD_LIBRARY_PATH=/root/colcon_ws/install/dasc_msgs/lib:/root/colcon_ws/install/realsense_gazebo_plugin/lib:/root/colcon_ws/install/px4_ros_com/lib:/root/colcon_ws/install/dasc_robot/lib:/root/colcon_ws/install/px4_msgs/lib:/usr/lib/x86_64-linux-gnu/gazebo-11/plugins:/opt/ros/foxy/opt/yaml_cpp_vendor/lib:/opt/ros/foxy/opt/rviz_ogre_vendor/lib:/opt/ros/foxy/lib/x86_64-linux-gnu:/opt/ros/foxy/lib PYTHONPATH=/root/colcon_ws/install/dasc_msgs/lib/python3.8/site-packages:/root/colcon_ws/install/px4_msgs/lib/python3.8/site-packages:/opt/ros/foxy/lib/python3.8/site-packages /usr/bin/cmake --build /root/colcon_ws/build/gatekeeper -- -j16 -l16
[0.043s] -- Found ament_cmake: 0.9.9 (/opt/ros/foxy/share/ament_cmake/cmake)
[0.063s] -- Using PYTHON_EXECUTABLE: /usr/bin/python3
[0.193s] -- Override CMake install command with custom implementation using symlinks instead of copying resources
[0.203s] -- Found sensor_msgs: 2.0.4 (/opt/ros/foxy/share/sensor_msgs/cmake)
[0.221s] -- Using all available rosidl_typesupport_c: rosidl_typesupport_fastrtps_c;rosidl_typesupport_introspection_c
[0.223s] -- Found rosidl_adapter: 1.2.1 (/opt/ros/foxy/share/rosidl_adapter/cmake)
[0.332s] -- Using all available rosidl_typesupport_cpp: rosidl_typesupport_fastrtps_cpp;rosidl_typesupport_introspection_cpp
[0.451s] -- Found dasc_msgs: 0.0.0 (/root/colcon_ws/install/dasc_msgs/share/dasc_msgs/cmake)
[0.470s] -- Found rclcpp: 2.4.0 (/opt/ros/foxy/share/rclcpp/cmake)
[0.494s] -- Found rmw_implementation_cmake: 1.0.3 (/opt/ros/foxy/share/rmw_implementation_cmake/cmake)
[0.495s] -- Using RMW implementation 'rmw_fastrtps_cpp' as default
[0.591s] -- Found tf2: 0.13.12 (/opt/ros/foxy/share/tf2/cmake)
[0.598s] -- Found tf2_ros: 0.13.12 (/opt/ros/foxy/share/tf2_ros/cmake)
[0.834s] -- Checking for module 'eigen3'
[0.852s] --   Found eigen3, version 3.3.7
[0.902s] -- Found Eigen: /usr/include/eigen3 (Required is at least version "3.1") 
[0.902s] -- Eigen found (include: /usr/include/eigen3, version: 3.3.7)
[0.946s] -- Found Boost: /usr/include (found suitable version "1.71.0", minimum required is "1.55.0") found components: system filesystem date_time iostreams regex 
[0.964s] -- Checking for module 'flann'
[0.985s] --   Found flann, version 1.9.1
[1.042s] -- Found FLANN: /usr/lib/x86_64-linux-gnu/libflann_cpp.so  
[1.094s] -- The imported target "vtkParseOGLExt" references the file
[1.094s]    "/usr/bin/vtkParseOGLExt-7.1"
[1.094s] but this file does not exist.  Possible reasons include:
[1.095s] * The file was deleted, renamed, or moved to another location.
[1.095s] * An install or uninstall procedure did not complete successfully.
[1.095s] * The installation package was faulty and contained
[1.095s]    "/usr/lib/cmake/vtk-7.1/VTKTargets.cmake"
[1.095s] but not all the files it references.
[1.095s] 
[1.095s] -- The imported target "vtkRenderingPythonTkWidgets" references the file
[1.096s]    "/usr/lib/x86_64-linux-gnu/libvtkRenderingPythonTkWidgets.so"
[1.096s] but this file does not exist.  Possible reasons include:
[1.096s] * The file was deleted, renamed, or moved to another location.
[1.096s] * An install or uninstall procedure did not complete successfully.
[1.096s] * The installation package was faulty and contained
[1.096s]    "/usr/lib/cmake/vtk-7.1/VTKTargets.cmake"
[1.096s] but not all the files it references.
[1.096s] 
[1.096s] -- The imported target "vtk" references the file
[1.096s]    "/usr/bin/vtk"
[1.097s] but this file does not exist.  Possible reasons include:
[1.097s] * The file was deleted, renamed, or moved to another location.
[1.097s] * An install or uninstall procedure did not complete successfully.
[1.097s] * The installation package was faulty and contained
[1.097s]    "/usr/lib/cmake/vtk-7.1/VTKTargets.cmake"
[1.097s] but not all the files it references.
[1.097s] 
[1.097s] -- The imported target "pvtk" references the file
[1.097s]    "/usr/bin/pvtk"
[1.097s] but this file does not exist.  Possible reasons include:
[1.097s] * The file was deleted, renamed, or moved to another location.
[1.097s] * An install or uninstall procedure did not complete successfully.
[1.097s] * The installation package was faulty and contained
[1.097s]    "/usr/lib/cmake/vtk-7.1/VTKTargets.cmake"
[1.097s] but not all the files it references.
[1.097s] 
[1.120s] -- Checking for module 'libusb-1.0'
[1.141s] --   Found libusb-1.0, version 1.0.23
[1.199s] -- Found USB_10: /usr/lib/x86_64-linux-gnu/libusb-1.0.so  
[1.280s] -- Found OpenNI: /usr/lib/libOpenNI.so  
[1.280s] -- OpenNI found (include: /usr/include/ni, lib: /usr/lib/libOpenNI.so)
[1.367s] -- Found OpenNI2: /usr/lib/libOpenNI2.so  
[1.367s] -- OpenNI2 found (include: /usr/include/openni2, lib: /usr/lib/libOpenNI2.so)
[1.368s] ** WARNING ** io features related to pcap will be disabled
[1.368s] ** WARNING ** io features related to png will be disabled
[1.384s] -- Found libusb-1.0: /usr/include  
[1.384s] ** WARNING ** io features related to libusb-1.0 will be disabled
[1.388s] -- OpenNI found (include: /usr/include/ni, lib: /usr/lib/libOpenNI.so)
[1.392s] -- OpenNI2 found (include: /usr/include/openni2, lib: /usr/lib/libOpenNI2.so)
[1.411s] -- Found Qhull: optimized;/usr/lib/x86_64-linux-gnu/libqhull.so;debug;/usr/lib/x86_64-linux-gnu/libqhull.so  
[1.411s] -- QHULL found (include: /usr/include, lib: optimized;/usr/lib/x86_64-linux-gnu/libqhull.so;debug;/usr/lib/x86_64-linux-gnu/libqhull.so)
[1.415s] -- OpenNI found (include: /usr/include/ni, lib: /usr/lib/libOpenNI.so)
[1.423s] -- looking for PCL_COMMON
[1.424s] -- Found PCL_COMMON: /usr/lib/x86_64-linux-gnu/libpcl_common.so  
[1.424s] -- looking for PCL_KDTREE
[1.425s] -- Found PCL_KDTREE: /usr/lib/x86_64-linux-gnu/libpcl_kdtree.so  
[1.425s] -- looking for PCL_OCTREE
[1.426s] -- Found PCL_OCTREE: /usr/lib/x86_64-linux-gnu/libpcl_octree.so  
[1.426s] -- looking for PCL_SEARCH
[1.427s] -- Found PCL_SEARCH: /usr/lib/x86_64-linux-gnu/libpcl_search.so  
[1.427s] -- looking for PCL_SAMPLE_CONSENSUS
[1.428s] -- Found PCL_SAMPLE_CONSENSUS: /usr/lib/x86_64-linux-gnu/libpcl_sample_consensus.so  
[1.428s] -- looking for PCL_FILTERS
[1.428s] -- Found PCL_FILTERS: /usr/lib/x86_64-linux-gnu/libpcl_filters.so  
[1.429s] -- looking for PCL_2D
[1.429s] -- Found PCL_2D: /usr/include/pcl-1.10  
[1.429s] -- looking for PCL_GEOMETRY
[1.430s] -- Found PCL_GEOMETRY: /usr/include/pcl-1.10  
[1.430s] -- looking for PCL_IO
[1.430s] -- Found PCL_IO: /usr/lib/x86_64-linux-gnu/libpcl_io.so  
[1.431s] -- looking for PCL_FEATURES
[1.431s] -- Found PCL_FEATURES: /usr/lib/x86_64-linux-gnu/libpcl_features.so  
[1.432s] -- looking for PCL_ML
[1.432s] -- Found PCL_ML: /usr/lib/x86_64-linux-gnu/libpcl_ml.so  
[1.433s] -- looking for PCL_SEGMENTATION
[1.434s] -- Found PCL_SEGMENTATION: /usr/lib/x86_64-linux-gnu/libpcl_segmentation.so  
[1.434s] -- looking for PCL_VISUALIZATION
[1.435s] -- Found PCL_VISUALIZATION: /usr/lib/x86_64-linux-gnu/libpcl_visualization.so  
[1.435s] -- looking for PCL_SURFACE
[1.435s] -- Found PCL_SURFACE: /usr/lib/x86_64-linux-gnu/libpcl_surface.so  
[1.436s] -- looking for PCL_REGISTRATION
[1.436s] -- Found PCL_REGISTRATION: /usr/lib/x86_64-linux-gnu/libpcl_registration.so  
[1.437s] -- looking for PCL_KEYPOINTS
[1.437s] -- Found PCL_KEYPOINTS: /usr/lib/x86_64-linux-gnu/libpcl_keypoints.so  
[1.437s] -- looking for PCL_TRACKING
[1.438s] -- Found PCL_TRACKING: /usr/lib/x86_64-linux-gnu/libpcl_tracking.so  
[1.438s] -- looking for PCL_RECOGNITION
[1.439s] -- Found PCL_RECOGNITION: /usr/lib/x86_64-linux-gnu/libpcl_recognition.so  
[1.439s] -- looking for PCL_STEREO
[1.440s] -- Found PCL_STEREO: /usr/lib/x86_64-linux-gnu/libpcl_stereo.so  
[1.440s] -- looking for PCL_APPS
[1.441s] -- Found PCL_APPS: /usr/lib/x86_64-linux-gnu/libpcl_apps.so  
[1.441s] -- looking for PCL_IN_HAND_SCANNER
[1.442s] -- Found PCL_IN_HAND_SCANNER: /usr/include/pcl-1.10  
[1.442s] -- looking for PCL_POINT_CLOUD_EDITOR
[1.443s] -- Found PCL_POINT_CLOUD_EDITOR: /usr/include/pcl-1.10  
[1.443s] -- looking for PCL_OUTOFCORE
[1.444s] -- Found PCL_OUTOFCORE: /usr/lib/x86_64-linux-gnu/libpcl_outofcore.so  
[1.444s] -- looking for PCL_PEOPLE
[1.444s] -- Found PCL_PEOPLE: /usr/lib/x86_64-linux-gnu/libpcl_people.so  
[1.445s] -- Found PCL: pcl_common;pcl_kdtree;pcl_octree;pcl_search;pcl_sample_consensus;pcl_filters;pcl_io;pcl_features;pcl_ml;pcl_segmentation;pcl_visualization;pcl_surface;pcl_registration;pcl_keypoints;pcl_tracking;pcl_recognition;pcl_stereo;pcl_apps;pcl_outofcore;pcl_people;/usr/lib/x86_64-linux-gnu/libboost_system.so;/usr/lib/x86_64-linux-gnu/libboost_filesystem.so;/usr/lib/x86_64-linux-gnu/libboost_date_time.so;/usr/lib/x86_64-linux-gnu/libboost_iostreams.so;/usr/lib/x86_64-linux-gnu/libboost_regex.so;optimized;/usr/lib/x86_64-linux-gnu/libqhull.so;debug;/usr/lib/x86_64-linux-gnu/libqhull.so;/usr/lib/libOpenNI.so;/usr/lib/libOpenNI2.so;vtkChartsCore;vtkCommonColor;vtkCommonCore;vtksys;vtkCommonDataModel;vtkCommonMath;vtkCommonMisc;vtkCommonSystem;vtkCommonTransforms;vtkCommonExecutionModel;vtkFiltersGeneral;vtkCommonComputationalGeometry;vtkFiltersCore;vtkInfovisCore;vtkFiltersExtraction;vtkFiltersStatistics;vtkImagingFourier;vtkImagingCore;vtkalglib;vtkRenderingContext2D;vtkRenderingCore;vtkFiltersGeometry;vtkFiltersSources;vtkRenderingFreeType;/usr/lib/x86_64-linux-gnu/libfreetype.so;/usr/lib/x86_64-linux-gnu/libz.so;vtkFiltersModeling;vtkImagingSources;vtkInteractionStyle;vtkInteractionWidgets;vtkFiltersHybrid;vtkImagingColor;vtkImagingGeneral;vtkImagingHybrid;vtkIOImage;vtkDICOMParser;vtkmetaio;/usr/lib/x86_64-linux-gnu/libjpeg.so;/usr/lib/x86_64-linux-gnu/libpng.so;/usr/lib/x86_64-linux-gnu/libtiff.so;vtkRenderingAnnotation;vtkRenderingVolume;vtkIOXML;vtkIOCore;vtkIOXMLParser;/usr/lib/x86_64-linux-gnu/libexpat.so;vtkIOGeometry;vtkIOLegacy;vtkIOPLY;vtkRenderingLOD;vtkViewsContext2D;vtkViewsCore;vtkRenderingContextOpenGL2;vtkRenderingOpenGL2;FLANN::FLANN (Required is at least version "1.7") 
[1.451s] -- Found ament_lint_auto: 0.9.6 (/opt/ros/foxy/share/ament_lint_auto/cmake)
[1.513s] -- Added test 'copyright' to check source files copyright and LICENSE
[1.513s] -- Added test 'cppcheck' to perform static code analysis on C / C++ code
[1.514s] -- Configured cppcheck include dirs: /root/colcon_ws/src/gatekeeper/include
[1.514s] -- Configured cppcheck exclude dirs and/or files: 
[1.514s] -- Added test 'cpplint' to check C / C++ code against the Google style
[1.514s] -- Configured cpplint exclude dirs and/or files: 
[1.515s] -- Added test 'lint_cmake' to check CMake code style
[1.515s] -- Added test 'uncrustify' to check C / C++ code style
[1.516s] -- Configured uncrustify additional arguments: 
[1.516s] -- Added test 'xmllint' to check XML markup files
[1.518s] -- Configuring done
[1.558s] -- Generating done
[1.560s] -- Build files have been written to: /root/colcon_ws/build/gatekeeper
[1.588s] [35m[1mScanning dependencies of target gatekeeper[0m
[1.589s] [35m[1mScanning dependencies of target nominal_controller[0m
[1.607s] [ 25%] [32mBuilding CXX object CMakeFiles/nominal_controller.dir/src/nominal_controller.cpp.o[0m
[1.664s] [ 50%] [32mBuilding CXX object CMakeFiles/gatekeeper.dir/src/gatekeeper.cpp.o[0m
[1.741s] [ 75%] [32m[1mLinking CXX executable nominal_controller[0m
[1.926s] [ 75%] Built target nominal_controller
[7.772s] In file included from /root/colcon_ws/src/gatekeeper/src/gatekeeper.cpp:10:
[7.772s] /root/colcon_ws/src/gatekeeper/include/gatekeeper/gatekeeper.hpp:22:48: error: expected â€˜;â€™ before â€˜usingâ€™
[7.772s]    22 | using PCLPointCloud = pcl::PointCloud<PCLPoint>
[7.772s]       |                                                ^
[7.772s]       |                                                ;
[7.772s]    23 | using OcTreeT = octomap::OcTree;
[7.772s]       | ~~~~~                                           
[7.772s] /root/colcon_ws/src/gatekeeper/include/gatekeeper/gatekeeper.hpp:42:21: error: â€˜OcTreeTâ€™ was not declared in this scope
[7.772s]    42 |     std::shared_ptr<OcTreeT> m_octree;
[7.773s]       |                     ^~~~~~~
[7.773s] /root/colcon_ws/src/gatekeeper/include/gatekeeper/gatekeeper.hpp:42:28: error: template argument 1 is invalid
[7.773s]    42 |     std::shared_ptr<OcTreeT> m_octree;
[7.773s]       |                            ^
[7.773s] /root/colcon_ws/src/gatekeeper/include/gatekeeper/gatekeeper.hpp:56:15: error: â€˜PCLPointCloudâ€™ does not name a type; did you mean â€˜PCLPointâ€™?
[7.773s]    56 |         const PCLPointCloud& pc);
[7.773s]       |               ^~~~~~~~~~~~~
[7.773s]       |               PCLPoint
[7.773s] /root/colcon_ws/src/gatekeeper/include/gatekeeper/gatekeeper.hpp:62:2: error: expected â€˜;â€™ after class definition
[7.773s]    62 | }
[7.774s]       |  ^
[7.774s]       |  ;
[7.774s] /root/colcon_ws/src/gatekeeper/include/gatekeeper/gatekeeper.hpp:67:2: warning: extra â€˜;â€™ [-Wpedantic]
[7.774s]    67 | }; // namespace gatekeeper
[7.774s]       |  ^
[7.774s] /root/colcon_ws/src/gatekeeper/src/gatekeeper.cpp:15:24: error: definition of implicitly-declared â€˜gatekeeper::Gatekeeper::Gatekeeper()â€™
[7.774s]    15 | Gatekeeper::Gatekeeper()
[7.774s]       |                        ^
[7.774s] /root/colcon_ws/src/gatekeeper/src/gatekeeper.cpp:33:32: error: variable or field â€˜cloud_callbackâ€™ declared void
[7.774s]    33 | void Gatekeeper::cloud_callback(
[7.774s]       |                                ^
[7.774s] In file included from /opt/ros/foxy/include/rclcpp/service.hpp:34,
[7.774s]                  from /opt/ros/foxy/include/rclcpp/callback_group.hpp:25,
[7.774s]                  from /opt/ros/foxy/include/rclcpp/any_executable.hpp:20,
[7.775s]                  from /opt/ros/foxy/include/rclcpp/memory_strategy.hpp:24,
[7.775s]                  from /opt/ros/foxy/include/rclcpp/memory_strategies.hpp:18,
[7.775s]                  from /opt/ros/foxy/include/rclcpp/executor_options.hpp:20,
[7.775s]                  from /opt/ros/foxy/include/rclcpp/executor.hpp:33,
[7.775s]                  from /opt/ros/foxy/include/rclcpp/executors/multi_threaded_executor.hpp:26,
[7.775s]                  from /opt/ros/foxy/include/rclcpp/executors.hpp:21,
[7.775s]                  from /opt/ros/foxy/include/rclcpp/rclcpp.hpp:146,
[7.775s]                  from /root/colcon_ws/src/gatekeeper/include/gatekeeper/gatekeeper.hpp:7,
[7.775s]                  from /root/colcon_ws/src/gatekeeper/src/gatekeeper.cpp:10:
[7.775s] /root/colcon_ws/src/gatekeeper/src/gatekeeper.cpp:35:3: error: expected primary-expression before â€˜doâ€™
[7.775s]    35 |   RCLCPP_INFO(this->get_logger(), "Received cloud");
[7.776s]       |   ^~~~~~~~~~~
[7.776s] /root/colcon_ws/src/gatekeeper/src/gatekeeper.cpp:40:6: error: â€˜Gatekeeperâ€™ has not been declared
[7.776s]    40 | void Gatekeeper::insertScan( const geometry_msgs::msg::Vector3 &sensorOrigin,
[7.776s]       |      ^~~~~~~~~~
[7.776s] /root/colcon_ws/src/gatekeeper/src/gatekeeper.cpp:41:9: error: â€˜PCLPointCloudâ€™ does not name a type; did you mean â€˜PCLPointâ€™?
[7.776s]    41 |   const PCLPointCloud& pc)
[7.776s]       |         ^~~~~~~~~~~~~
[7.776s]       |         PCLPoint
[7.776s] In file included from /opt/ros/foxy/include/rclcpp/service.hpp:34,
[7.776s]                  from /opt/ros/foxy/include/rclcpp/callback_group.hpp:25,
[7.776s]                  from /opt/ros/foxy/include/rclcpp/any_executable.hpp:20,
[7.776s]                  from /opt/ros/foxy/include/rclcpp/memory_strategy.hpp:24,
[7.777s]                  from /opt/ros/foxy/include/rclcpp/memory_strategies.hpp:18,
[7.777s]                  from /opt/ros/foxy/include/rclcpp/executor_options.hpp:20,
[7.777s]                  from /opt/ros/foxy/include/rclcpp/executor.hpp:33,
[7.777s]                  from /opt/ros/foxy/include/rclcpp/executors/multi_threaded_executor.hpp:26,
[7.777s]                  from /opt/ros/foxy/include/rclcpp/executors.hpp:21,
[7.777s]                  from /opt/ros/foxy/include/rclcpp/rclcpp.hpp:146,
[7.777s]                  from /root/colcon_ws/src/gatekeeper/include/gatekeeper/gatekeeper.hpp:7,
[7.777s]                  from /root/colcon_ws/src/gatekeeper/src/gatekeeper.cpp:10:
[7.777s] /root/colcon_ws/src/gatekeeper/src/gatekeeper.cpp: In function â€˜void insertScan(const Vector3&, const int&)â€™:
[7.777s] /root/colcon_ws/src/gatekeeper/src/gatekeeper.cpp:44:15: error: invalid use of â€˜thisâ€™ in non-member function
[7.778s]    44 |   RCLCPP_INFO(this->get_logger(), "insert Scan");
[7.778s]       |               ^~~~
[7.778s] /root/colcon_ws/src/gatekeeper/src/gatekeeper.cpp:44:15: error: invalid use of â€˜thisâ€™ in non-member function
[7.778s] /root/colcon_ws/src/gatekeeper/src/gatekeeper.cpp:44:3: error: template argument 1 is invalid
[7.778s]    44 |   RCLCPP_INFO(this->get_logger(), "insert Scan");
[7.778s]       |   ^~~~~~~~~~~
[7.778s] /root/colcon_ws/src/gatekeeper/src/gatekeeper.cpp:44:3: error: template argument 1 is invalid
[7.778s]    44 |   RCLCPP_INFO(this->get_logger(), "insert Scan");
[7.778s]       |   ^~~~~~~~~~~
[7.778s] /root/colcon_ws/src/gatekeeper/src/gatekeeper.cpp:44:3: error: template argument 1 is invalid
[7.778s]    44 |   RCLCPP_INFO(this->get_logger(), "insert Scan");
[7.778s]       |   ^~~~~~~~~~~
[7.779s] In file included from /opt/ros/foxy/include/rclcpp/client.hpp:40,
[7.779s]                  from /opt/ros/foxy/include/rclcpp/callback_group.hpp:23,
[7.779s]                  from /opt/ros/foxy/include/rclcpp/any_executable.hpp:20,
[7.779s]                  from /opt/ros/foxy/include/rclcpp/memory_strategy.hpp:24,
[7.779s]                  from /opt/ros/foxy/include/rclcpp/memory_strategies.hpp:18,
[7.779s]                  from /opt/ros/foxy/include/rclcpp/executor_options.hpp:20,
[7.779s]                  from /opt/ros/foxy/include/rclcpp/executor.hpp:33,
[7.779s]                  from /opt/ros/foxy/include/rclcpp/executors/multi_threaded_executor.hpp:26,
[7.779s]                  from /opt/ros/foxy/include/rclcpp/executors.hpp:21,
[7.779s]                  from /opt/ros/foxy/include/rclcpp/rclcpp.hpp:146,
[7.779s]                  from /root/colcon_ws/src/gatekeeper/include/gatekeeper/gatekeeper.hpp:7,
[7.779s]                  from /root/colcon_ws/src/gatekeeper/src/gatekeeper.cpp:10:
[7.780s] /root/colcon_ws/src/gatekeeper/src/gatekeeper.cpp:44:15: error: invalid use of â€˜thisâ€™ in non-member function
[7.780s]    44 |   RCLCPP_INFO(this->get_logger(), "insert Scan");
[7.780s]       |               ^~~~
[7.780s] /root/colcon_ws/src/gatekeeper/src/gatekeeper.cpp:44:15: error: invalid use of â€˜thisâ€™ in non-member function
[7.780s]    44 |   RCLCPP_INFO(this->get_logger(), "insert Scan");
[7.780s]       |               ^~~~
[7.780s] /root/colcon_ws/src/gatekeeper/src/gatekeeper.cpp:40:65: warning: unused parameter â€˜sensorOriginâ€™ [-Wunused-parameter]
[7.780s]    40 | void Gatekeeper::insertScan( const geometry_msgs::msg::Vector3 &sensorOrigin,
[7.780s]       |                              ~~~~~~~~~~~~~~~~~~~~~~~~~~~~~~~~~~~^~~~~~~~~~~~
[7.780s] /root/colcon_ws/src/gatekeeper/src/gatekeeper.cpp:41:24: warning: unused parameter â€˜pcâ€™ [-Wunused-parameter]
[7.780s]    41 |   const PCLPointCloud& pc)
[7.780s]       |   ~~~~~~~~~~~~~~~~~~~~~^~
[7.781s] /root/colcon_ws/src/gatekeeper/src/gatekeeper.cpp: At global scope:
[7.781s] /root/colcon_ws/src/gatekeeper/src/gatekeeper.cpp:51:1: error: expected declaration before â€˜}â€™ token
[7.781s]    51 | }; // namespace gatekeeper
[7.781s]       | ^
[7.781s] /root/colcon_ws/src/gatekeeper/src/gatekeeper.cpp: In function â€˜int main(int, char**)â€™:
[7.781s] /root/colcon_ws/src/gatekeeper/src/gatekeeper.cpp:61:11: warning: statement is a reference, not call, to function â€˜rclcpp::shutdownâ€™ [-Waddress]
[7.781s]    61 |   rclcpp::shutdown;
[7.781s]       |   ~~~~~~~~^~~~~~~~
[7.781s] /root/colcon_ws/src/gatekeeper/src/gatekeeper.cpp:61:11: warning: statement has no effect [-Wunused-value]
[7.781s] In file included from /usr/include/x86_64-linux-gnu/c++/9/bits/c++allocator.h:33,
[7.781s]                  from /usr/include/c++/9/bits/allocator.h:46,
[7.781s]                  from /usr/include/c++/9/memory:63,
[7.781s]                  from /opt/ros/foxy/include/rclcpp/rclcpp.hpp:144,
[7.781s]                  from /root/colcon_ws/src/gatekeeper/include/gatekeeper/gatekeeper.hpp:7,
[7.781s]                  from /root/colcon_ws/src/gatekeeper/src/gatekeeper.cpp:10:
[7.781s] /usr/include/c++/9/ext/new_allocator.h: In instantiation of â€˜void __gnu_cxx::new_allocator<_Tp>::construct(_Up*, _Args&& ...) [with _Up = gatekeeper::Gatekeeper; _Args = {}; _Tp = gatekeeper::Gatekeeper]â€™:
[7.781s] /usr/include/c++/9/bits/alloc_traits.h:482:2:   required from â€˜static void std::allocator_traits<std::allocator<_Tp1> >::construct(std::allocator_traits<std::allocator<_Tp1> >::allocator_type&, _Up*, _Args&& ...) [with _Up = gatekeeper::Gatekeeper; _Args = {}; _Tp = gatekeeper::Gatekeeper; std::allocator_traits<std::allocator<_Tp1> >::allocator_type = std::allocator<gatekeeper::Gatekeeper>]â€™
[7.781s] /usr/include/c++/9/bits/shared_ptr_base.h:548:39:   required from â€˜std::_Sp_counted_ptr_inplace<_Tp, _Alloc, _Lp>::_Sp_counted_ptr_inplace(_Alloc, _Args&& ...) [with _Args = {}; _Tp = gatekeeper::Gatekeeper; _Alloc = std::allocator<gatekeeper::Gatekeeper>; __gnu_cxx::_Lock_policy _Lp = __gnu_cxx::_S_atomic]â€™
[7.782s] /usr/include/c++/9/bits/shared_ptr_base.h:679:16:   required from â€˜std::__shared_count<_Lp>::__shared_count(_Tp*&, std::_Sp_alloc_shared_tag<_Alloc>, _Args&& ...) [with _Tp = gatekeeper::Gatekeeper; _Alloc = std::allocator<gatekeeper::Gatekeeper>; _Args = {}; __gnu_cxx::_Lock_policy _Lp = __gnu_cxx::_S_atomic]â€™
[7.782s] /usr/include/c++/9/bits/shared_ptr_base.h:1344:71:   required from â€˜std::__shared_ptr<_Tp, _Lp>::__shared_ptr(std::_Sp_alloc_shared_tag<_Tp>, _Args&& ...) [with _Alloc = std::allocator<gatekeeper::Gatekeeper>; _Args = {}; _Tp = gatekeeper::Gatekeeper; __gnu_cxx::_Lock_policy _Lp = __gnu_cxx::_S_atomic]â€™
[7.783s] /usr/include/c++/9/bits/shared_ptr.h:359:59:   required from â€˜std::shared_ptr<_Tp>::shared_ptr(std::_Sp_alloc_shared_tag<_Tp>, _Args&& ...) [with _Alloc = std::allocator<gatekeeper::Gatekeeper>; _Args = {}; _Tp = gatekeeper::Gatekeeper]â€™
[7.783s] /usr/include/c++/9/bits/shared_ptr.h:701:14:   required from â€˜std::shared_ptr<_Tp> std::allocate_shared(const _Alloc&, _Args&& ...) [with _Tp = gatekeeper::Gatekeeper; _Alloc = std::allocator<gatekeeper::Gatekeeper>; _Args = {}]â€™
[7.783s] /usr/include/c++/9/bits/shared_ptr.h:717:39:   required from â€˜std::shared_ptr<_Tp> std::make_shared(_Args&& ...) [with _Tp = gatekeeper::Gatekeeper; _Args = {}]â€™
[7.783s] /root/colcon_ws/src/gatekeeper/src/gatekeeper.cpp:58:56:   required from here
[7.784s] /usr/include/c++/9/ext/new_allocator.h:145:20: error: use of deleted function â€˜gatekeeper::Gatekeeper::Gatekeeper()â€™
[7.784s]   145 |  noexcept(noexcept(::new((void *)__p)
[7.784s]       |                    ^~~~~~~~~~~~~~~~~~
[7.784s]   146 |        _Up(std::forward<_Args>(__args)...)))
[7.784s]       |        ~~~~~~~~~~~~~~~~~~~~~~~~~~~~~~~~~~~
[7.784s] In file included from /root/colcon_ws/src/gatekeeper/src/gatekeeper.cpp:10:
[7.784s] /root/colcon_ws/src/gatekeeper/include/gatekeeper/gatekeeper.hpp:31:7: note: â€˜gatekeeper::Gatekeeper::Gatekeeper()â€™ is implicitly deleted because the default definition would be ill-formed:
[7.784s]    31 | class Gatekeeper : public rclcpp::Node {
[7.784s]       |       ^~~~~~~~~~
[7.784s] /root/colcon_ws/src/gatekeeper/include/gatekeeper/gatekeeper.hpp:31:7: error: no matching function for call to â€˜rclcpp::Node::Node()â€™
[7.784s] In file included from /opt/ros/foxy/include/rclcpp/executors/single_threaded_executor.hpp:28,
[7.784s]                  from /opt/ros/foxy/include/rclcpp/executors.hpp:22,
[7.784s]                  from /opt/ros/foxy/include/rclcpp/rclcpp.hpp:146,
[7.784s]                  from /root/colcon_ws/src/gatekeeper/include/gatekeeper/gatekeeper.hpp:7,
[7.785s]                  from /root/colcon_ws/src/gatekeeper/src/gatekeeper.cpp:10:
[7.785s] /opt/ros/foxy/include/rclcpp/node.hpp:1193:3: note: candidate: â€˜rclcpp::Node::Node(const rclcpp::Node&, const string&)â€™
[7.785s]  1193 |   Node(
[7.785s]       |   ^~~~
[7.785s] /opt/ros/foxy/include/rclcpp/node.hpp:1193:3: note:   candidate expects 2 arguments, 0 provided
[7.785s] /opt/ros/foxy/include/rclcpp/node.hpp:98:12: note: candidate: â€˜rclcpp::Node::Node(const string&, const string&, const rclcpp::NodeOptions&)â€™
[7.785s]    98 |   explicit Node(
[7.785s]       |            ^~~~
[7.785s] /opt/ros/foxy/include/rclcpp/node.hpp:98:12: note:   candidate expects 3 arguments, 0 provided
[7.785s] /opt/ros/foxy/include/rclcpp/node.hpp:86:12: note: candidate: â€˜rclcpp::Node::Node(const string&, const rclcpp::NodeOptions&)â€™
[7.785s]    86 |   explicit Node(
[7.785s]       |            ^~~~
[7.785s] /opt/ros/foxy/include/rclcpp/node.hpp:86:12: note:   candidate expects 2 arguments, 0 provided
[7.785s] make[2]: *** [CMakeFiles/gatekeeper.dir/build.make:63: CMakeFiles/gatekeeper.dir/src/gatekeeper.cpp.o] Error 1
[7.785s] make[1]: *** [CMakeFiles/Makefile2:80: CMakeFiles/gatekeeper.dir/all] Error 2
[7.785s] make: *** [Makefile:141: all] Error 2
[7.785s] Invoked command in '/root/colcon_ws/build/gatekeeper' returned '2': CMAKE_PREFIX_PATH=/root/colcon_ws/install/dasc_msgs:/opt/ros/foxy:/root/colcon_ws/install/realsense_gazebo_plugin:/root/colcon_ws/install/px4_ros_com:/root/colcon_ws/install/dasc_robot:/root/colcon_ws/install/px4_msgs:/root/colcon_ws/install/gatekeeper:/root/colcon_ws/install/experiment LD_LIBRARY_PATH=/root/colcon_ws/install/dasc_msgs/lib:/root/colcon_ws/install/realsense_gazebo_plugin/lib:/root/colcon_ws/install/px4_ros_com/lib:/root/colcon_ws/install/dasc_robot/lib:/root/colcon_ws/install/px4_msgs/lib:/usr/lib/x86_64-linux-gnu/gazebo-11/plugins:/opt/ros/foxy/opt/yaml_cpp_vendor/lib:/opt/ros/foxy/opt/rviz_ogre_vendor/lib:/opt/ros/foxy/lib/x86_64-linux-gnu:/opt/ros/foxy/lib PYTHONPATH=/root/colcon_ws/install/dasc_msgs/lib/python3.8/site-packages:/root/colcon_ws/install/px4_msgs/lib/python3.8/site-packages:/opt/ros/foxy/lib/python3.8/site-packages /usr/bin/cmake --build /root/colcon_ws/build/gatekeeper -- -j16 -l16
