[0.016s] Invoking command in '/root/colcon_ws/build/gatekeeper': CMAKE_PREFIX_PATH=/root/colcon_ws/install/dasc_msgs:/opt/ros/foxy:/root/colcon_ws/install/realsense_gazebo_plugin:/root/colcon_ws/install/px4_ros_com:/root/colcon_ws/install/dasc_robot:/root/colcon_ws/install/px4_msgs:/root/colcon_ws/install/gatekeeper:/root/colcon_ws/install/experiment LD_LIBRARY_PATH=/root/colcon_ws/install/dasc_msgs/lib:/root/colcon_ws/install/realsense_gazebo_plugin/lib:/root/colcon_ws/install/px4_ros_com/lib:/root/colcon_ws/install/dasc_robot/lib:/root/colcon_ws/install/px4_msgs/lib:/usr/lib/x86_64-linux-gnu/gazebo-11/plugins:/opt/ros/foxy/opt/yaml_cpp_vendor/lib:/opt/ros/foxy/opt/rviz_ogre_vendor/lib:/opt/ros/foxy/lib/x86_64-linux-gnu:/opt/ros/foxy/lib PYTHONPATH=/root/colcon_ws/install/dasc_msgs/lib/python3.8/site-packages:/root/colcon_ws/install/px4_msgs/lib/python3.8/site-packages:/opt/ros/foxy/lib/python3.8/site-packages /usr/bin/cmake --build /root/colcon_ws/build/gatekeeper -- -j16 -l16
[0.074s] [35m[1mScanning dependencies of target gatekeeper[0m
[0.101s] [ 40%] Built target nominal_controller
[0.120s] [ 60%] [32mBuilding CXX object CMakeFiles/gatekeeper.dir/src/gatekeeper.cpp.o[0m
[15.377s] /root/colcon_ws/src/gatekeeper/src/gatekeeper.cpp: In member function â€˜void gatekeeper::Gatekeeper::publish_occupied_pcl()â€™:
[15.377s] /root/colcon_ws/src/gatekeeper/src/gatekeeper.cpp:163:20: error: no matching function for call to â€˜pcl::PointCloud<pcl::PointXYZ>::insert(PCLPoint&)â€™
[15.377s]   163 |         pc.insert(p);
[15.377s]       |                    ^
[15.377s] In file included from /usr/include/pcl-1.10/pcl/pcl_base.h:53,
[15.377s]                  from /usr/include/pcl-1.10/pcl/filters/filter.h:42,
[15.377s]                  from /usr/include/pcl-1.10/pcl/filters/filter_indices.h:42,
[15.377s]                  from /usr/include/pcl-1.10/pcl/filters/passthrough.h:42,
[15.377s]                  from /root/colcon_ws/src/gatekeeper/include/gatekeeper/gatekeeper.hpp:14,
[15.377s]                  from /root/colcon_ws/src/gatekeeper/src/gatekeeper.cpp:10:
[15.377s] /usr/include/pcl-1.10/pcl/point_cloud.h:495:7: note: candidate: â€˜pcl::PointCloud<PointT>::iterator pcl::PointCloud<PointT>::insert(pcl::PointCloud<PointT>::iterator, const PointT&) [with PointT = pcl::PointXYZ; pcl::PointCloud<PointT>::iterator = __gnu_cxx::__normal_iterator<pcl::PointXYZ*, std::vector<pcl::PointXYZ, Eigen::aligned_allocator<pcl::PointXYZ> > >]â€™
[15.378s]   495 |       insert (iterator position, const PointT& pt)
[15.378s]       |       ^~~~~~
[15.378s] /usr/include/pcl-1.10/pcl/point_cloud.h:495:7: note:   candidate expects 2 arguments, 1 provided
[15.378s] /usr/include/pcl-1.10/pcl/point_cloud.h:510:7: note: candidate: â€˜void pcl::PointCloud<PointT>::insert(pcl::PointCloud<PointT>::iterator, std::size_t, const PointT&) [with PointT = pcl::PointXYZ; pcl::PointCloud<PointT>::iterator = __gnu_cxx::__normal_iterator<pcl::PointXYZ*, std::vector<pcl::PointXYZ, Eigen::aligned_allocator<pcl::PointXYZ> > >; std::size_t = long unsigned int]â€™
[15.378s]   510 |       insert (iterator position, std::size_t n, const PointT& pt)
[15.378s]       |       ^~~~~~
[15.378s] /usr/include/pcl-1.10/pcl/point_cloud.h:510:7: note:   candidate expects 3 arguments, 1 provided
[15.378s] /usr/include/pcl-1.10/pcl/point_cloud.h:524:7: note: candidate: â€˜template<class InputIterator> void pcl::PointCloud<PointT>::insert(pcl::PointCloud<PointT>::iterator, InputIterator, InputIterator) [with InputIterator = InputIterator; PointT = pcl::PointXYZ]â€™
[15.378s]   524 |       insert (iterator position, InputIterator first, InputIterator last)
[15.378s]       |       ^~~~~~
[15.378s] /usr/include/pcl-1.10/pcl/point_cloud.h:524:7: note:   template argument deduction/substitution failed:
[15.378s] /root/colcon_ws/src/gatekeeper/src/gatekeeper.cpp:163:20: note:   candidate expects 3 arguments, 1 provided
[15.379s]   163 |         pc.insert(p);
[15.379s]       |                    ^
[15.379s] make[2]: *** [CMakeFiles/gatekeeper.dir/build.make:63: CMakeFiles/gatekeeper.dir/src/gatekeeper.cpp.o] Error 1
[15.379s] make[1]: *** [CMakeFiles/Makefile2:80: CMakeFiles/gatekeeper.dir/all] Error 2
[15.379s] make: *** [Makefile:141: all] Error 2
[15.382s] Invoked command in '/root/colcon_ws/build/gatekeeper' returned '2': CMAKE_PREFIX_PATH=/root/colcon_ws/install/dasc_msgs:/opt/ros/foxy:/root/colcon_ws/install/realsense_gazebo_plugin:/root/colcon_ws/install/px4_ros_com:/root/colcon_ws/install/dasc_robot:/root/colcon_ws/install/px4_msgs:/root/colcon_ws/install/gatekeeper:/root/colcon_ws/install/experiment LD_LIBRARY_PATH=/root/colcon_ws/install/dasc_msgs/lib:/root/colcon_ws/install/realsense_gazebo_plugin/lib:/root/colcon_ws/install/px4_ros_com/lib:/root/colcon_ws/install/dasc_robot/lib:/root/colcon_ws/install/px4_msgs/lib:/usr/lib/x86_64-linux-gnu/gazebo-11/plugins:/opt/ros/foxy/opt/yaml_cpp_vendor/lib:/opt/ros/foxy/opt/rviz_ogre_vendor/lib:/opt/ros/foxy/lib/x86_64-linux-gnu:/opt/ros/foxy/lib PYTHONPATH=/root/colcon_ws/install/dasc_msgs/lib/python3.8/site-packages:/root/colcon_ws/install/px4_msgs/lib/python3.8/site-packages:/opt/ros/foxy/lib/python3.8/site-packages /usr/bin/cmake --build /root/colcon_ws/build/gatekeeper -- -j16 -l16
