/root/colcon_ws/src/gatekeeper/src/gatekeeper.cpp: In function ‘void gatekeeper::publish_occupied_pcl()’:
/root/colcon_ws/src/gatekeeper/src/gatekeeper.cpp:150:7: error: ‘m_octree’ was not declared in this scope
  150 |   if (m_octree->size() < 1) {
      |       ^~~~~~~~
In file included from /opt/ros/foxy/include/rclcpp/service.hpp:34,
                 from /opt/ros/foxy/include/rclcpp/callback_group.hpp:25,
                 from /opt/ros/foxy/include/rclcpp/any_executable.hpp:20,
                 from /opt/ros/foxy/include/rclcpp/memory_strategy.hpp:24,
                 from /opt/ros/foxy/include/rclcpp/memory_strategies.hpp:18,
                 from /opt/ros/foxy/include/rclcpp/executor_options.hpp:20,
                 from /opt/ros/foxy/include/rclcpp/executor.hpp:33,
                 from /opt/ros/foxy/include/rclcpp/executors/multi_threaded_executor.hpp:26,
                 from /opt/ros/foxy/include/rclcpp/executors.hpp:21,
                 from /opt/ros/foxy/include/rclcpp/rclcpp.hpp:146,
                 from /root/colcon_ws/src/gatekeeper/include/gatekeeper/gatekeeper.hpp:7,
                 from /root/colcon_ws/src/gatekeeper/src/gatekeeper.cpp:10:
/root/colcon_ws/src/gatekeeper/src/gatekeeper.cpp:151:17: error: invalid use of ‘this’ in non-member function
  151 |     RCLCPP_WARN(this->get_logger(), "No points in octree - not publishing pcl yet...");
      |                 ^~~~
/root/colcon_ws/src/gatekeeper/src/gatekeeper.cpp:151:17: error: invalid use of ‘this’ in non-member function
/root/colcon_ws/src/gatekeeper/src/gatekeeper.cpp:151:5: error: template argument 1 is invalid
  151 |     RCLCPP_WARN(this->get_logger(), "No points in octree - not publishing pcl yet...");
      |     ^~~~~~~~~~~
/root/colcon_ws/src/gatekeeper/src/gatekeeper.cpp:151:5: error: template argument 1 is invalid
  151 |     RCLCPP_WARN(this->get_logger(), "No points in octree - not publishing pcl yet...");
      |     ^~~~~~~~~~~
/root/colcon_ws/src/gatekeeper/src/gatekeeper.cpp:151:5: error: template argument 1 is invalid
  151 |     RCLCPP_WARN(this->get_logger(), "No points in octree - not publishing pcl yet...");
      |     ^~~~~~~~~~~
In file included from /opt/ros/foxy/include/rclcpp/client.hpp:40,
                 from /opt/ros/foxy/include/rclcpp/callback_group.hpp:23,
                 from /opt/ros/foxy/include/rclcpp/any_executable.hpp:20,
                 from /opt/ros/foxy/include/rclcpp/memory_strategy.hpp:24,
                 from /opt/ros/foxy/include/rclcpp/memory_strategies.hpp:18,
                 from /opt/ros/foxy/include/rclcpp/executor_options.hpp:20,
                 from /opt/ros/foxy/include/rclcpp/executor.hpp:33,
                 from /opt/ros/foxy/include/rclcpp/executors/multi_threaded_executor.hpp:26,
                 from /opt/ros/foxy/include/rclcpp/executors.hpp:21,
                 from /opt/ros/foxy/include/rclcpp/rclcpp.hpp:146,
                 from /root/colcon_ws/src/gatekeeper/include/gatekeeper/gatekeeper.hpp:7,
                 from /root/colcon_ws/src/gatekeeper/src/gatekeeper.cpp:10:
/root/colcon_ws/src/gatekeeper/src/gatekeeper.cpp:151:17: error: invalid use of ‘this’ in non-member function
  151 |     RCLCPP_WARN(this->get_logger(), "No points in octree - not publishing pcl yet...");
      |                 ^~~~
/root/colcon_ws/src/gatekeeper/src/gatekeeper.cpp:151:17: error: invalid use of ‘this’ in non-member function
  151 |     RCLCPP_WARN(this->get_logger(), "No points in octree - not publishing pcl yet...");
      |                 ^~~~
/root/colcon_ws/src/gatekeeper/src/gatekeeper.cpp:156:18: error: ‘m_octree’ was not declared in this scope
  156 |   for (auto it = m_octree->begin(m_maxTreeDepth), end=m_octree->end(); it!=end; ++it) {
      |                  ^~~~~~~~
/root/colcon_ws/src/gatekeeper/src/gatekeeper.cpp:156:34: error: ‘m_maxTreeDepth’ was not declared in this scope
  156 |   for (auto it = m_octree->begin(m_maxTreeDepth), end=m_octree->end(); it!=end; ++it) {
      |                                  ^~~~~~~~~~~~~~
/root/colcon_ws/src/gatekeeper/src/gatekeeper.cpp:156:76: error: ‘end’ was not declared in this scope
  156 |   for (auto it = m_octree->begin(m_maxTreeDepth), end=m_octree->end(); it!=end; ++it) {
      |                                                                            ^~~
/root/colcon_ws/src/gatekeeper/src/gatekeeper.cpp:156:76: note: suggested alternatives:
In file included from /usr/include/c++/9/string:54,
                 from /usr/include/c++/9/stdexcept:39,
                 from /usr/include/c++/9/array:39,
                 from /usr/include/c++/9/tuple:39,
                 from /usr/include/c++/9/bits/unique_ptr.h:37,
                 from /usr/include/c++/9/memory:80,
                 from /opt/ros/foxy/include/rclcpp/rclcpp.hpp:144,
                 from /root/colcon_ws/src/gatekeeper/include/gatekeeper/gatekeeper.hpp:7,
                 from /root/colcon_ws/src/gatekeeper/src/gatekeeper.cpp:10:
/usr/include/c++/9/bits/range_access.h:107:37: note:   ‘std::end’
  107 |   template<typename _Tp> const _Tp* end(const valarray<_Tp>&);
      |                                     ^~~
In file included from /usr/include/boost/mpl/vector/aux_/begin_end.hpp:21,
                 from /usr/include/boost/mpl/vector/vector0.hpp:31,
                 from /usr/include/boost/mpl/vector/vector10.hpp:18,
                 from /usr/include/boost/mpl/vector/vector20.hpp:18,
                 from /usr/include/boost/mpl/vector.hpp:36,
                 from /usr/include/pcl-1.10/pcl/register_point_struct.h:57,
                 from /usr/include/pcl-1.10/pcl/point_types.h:44,
                 from /root/colcon_ws/src/gatekeeper/include/gatekeeper/gatekeeper.hpp:13,
                 from /root/colcon_ws/src/gatekeeper/src/gatekeeper.cpp:10:
/usr/include/boost/mpl/begin_end_fwd.hpp:23:38: note:   ‘boost::mpl::end’
   23 | template< typename Sequence > struct end;
      |                                      ^~~
In file included from /usr/include/boost/foreach.hpp:80,
                 from /usr/include/pcl-1.10/pcl/conversions.h:55,
                 from /usr/include/pcl-1.10/pcl/common/io.h:48,
                 from /usr/include/pcl-1.10/pcl/filters/filter.h:43,
                 from /usr/include/pcl-1.10/pcl/filters/filter_indices.h:42,
                 from /usr/include/pcl-1.10/pcl/filters/passthrough.h:42,
                 from /root/colcon_ws/src/gatekeeper/include/gatekeeper/gatekeeper.hpp:14,
                 from /root/colcon_ws/src/gatekeeper/src/gatekeeper.cpp:10:
/usr/include/boost/range/end.hpp:108:61: note:   ‘boost::range_adl_barrier::end’
  108 | inline BOOST_DEDUCED_TYPENAME range_iterator<const T>::type end( const T& r )
      |                                                             ^~~
In file included from /usr/include/pcl-1.10/pcl/conversions.h:55,
                 from /usr/include/pcl-1.10/pcl/common/io.h:48,
                 from /usr/include/pcl-1.10/pcl/filters/filter.h:43,
                 from /usr/include/pcl-1.10/pcl/filters/filter_indices.h:42,
                 from /usr/include/pcl-1.10/pcl/filters/passthrough.h:42,
                 from /root/colcon_ws/src/gatekeeper/include/gatekeeper/gatekeeper.hpp:14,
                 from /root/colcon_ws/src/gatekeeper/src/gatekeeper.cpp:10:
/usr/include/boost/foreach.hpp:736:1: note:   ‘boost::foreach_detail_::end’
  736 | end(auto_any_t, type2type<T *, C> *, boost::mpl::true_ *) // null-terminated C-style strings
      | ^~~
In file included from /usr/include/boost/fusion/container/list/cons.hpp:17,
                 from /usr/include/boost/fusion/iterator/segmented_iterator.hpp:14,
                 from /usr/include/boost/fusion/sequence/intrinsic/detail/segmented_begin.hpp:12,
                 from /usr/include/boost/fusion/sequence/intrinsic/begin.hpp:18,
                 from /usr/include/boost/fusion/algorithm/query/detail/find_if.hpp:22,
                 from /usr/include/boost/fusion/algorithm/query/find.hpp:13,
                 from /usr/include/boost/fusion/sequence/intrinsic/has_key.hpp:14,
                 from /usr/include/boost/fusion/sequence/intrinsic/at_key.hpp:14,
                 from /usr/include/pcl-1.10/pcl/filters/boost.h:54,
                 from /usr/include/pcl-1.10/pcl/filters/filter.h:45,
                 from /usr/include/pcl-1.10/pcl/filters/filter_indices.h:42,
                 from /usr/include/pcl-1.10/pcl/filters/passthrough.h:42,
                 from /root/colcon_ws/src/gatekeeper/include/gatekeeper/gatekeeper.hpp:14,
                 from /root/colcon_ws/src/gatekeeper/src/gatekeeper.cpp:10:
/usr/include/boost/fusion/sequence/intrinsic/end.hpp:92:5: note:   ‘boost::fusion::end’
   92 |     end(Sequence const& seq)
      |     ^~~
In file included from /usr/include/boost/filesystem.hpp:17,
                 from /usr/include/pcl-1.10/pcl/io/boost.h:48,
                 from /usr/include/pcl-1.10/pcl/io/file_io.h:42,
                 from /usr/include/pcl-1.10/pcl/io/pcd_io.h:44,
                 from /opt/ros/foxy/include/pcl_conversions/pcl_conversions.h:72,
                 from /root/colcon_ws/src/gatekeeper/include/gatekeeper/gatekeeper.hpp:17,
                 from /root/colcon_ws/src/gatekeeper/src/gatekeeper.cpp:10:
/usr/include/boost/filesystem/operations.hpp:1367:32: note:   ‘boost::filesystem::end’
 1367 |   recursive_directory_iterator end(const recursive_directory_iterator&) BOOST_NOEXCEPT
      |                                ^~~
In file included from /usr/include/boost/fusion/sequence/intrinsic/at_key.hpp:13,
                 from /usr/include/pcl-1.10/pcl/filters/boost.h:54,
                 from /usr/include/pcl-1.10/pcl/filters/filter.h:45,
                 from /usr/include/pcl-1.10/pcl/filters/filter_indices.h:42,
                 from /usr/include/pcl-1.10/pcl/filters/passthrough.h:42,
                 from /root/colcon_ws/src/gatekeeper/include/gatekeeper/gatekeeper.hpp:14,
                 from /root/colcon_ws/src/gatekeeper/src/gatekeeper.cpp:10:
/usr/include/boost/fusion/sequence/intrinsic_fwd.hpp:68:16: note:   ‘boost::fusion::result_of::end’
   68 |         struct end;
      |                ^~~
/root/colcon_ws/src/gatekeeper/src/gatekeeper.cpp:157:38: error: expected ‘)’ before ‘{’ token
  157 |     if (m_octree->isNodeOccupied(*it){
      |        ~                             ^
      |                                      )
/root/colcon_ws/src/gatekeeper/src/gatekeeper.cpp:161:3: error: expected primary-expression before ‘}’ token
  161 |   }
      |   ^
/root/colcon_ws/src/gatekeeper/src/gatekeeper.cpp:168:22: error: invalid use of ‘this’ in non-member function
  168 |   msg.header.stamp = this->get_clock().now();
      |                      ^~~~
/root/colcon_ws/src/gatekeeper/src/gatekeeper.cpp:171:3: error: ‘occupied_pcl_pub_’ was not declared in this scope
  171 |   occupied_pcl_pub_->publish(msg);
      |   ^~~~~~~~~~~~~~~~~
make[2]: *** [CMakeFiles/gatekeeper.dir/build.make:63: CMakeFiles/gatekeeper.dir/src/gatekeeper.cpp.o] Error 1
make[1]: *** [CMakeFiles/Makefile2:80: CMakeFiles/gatekeeper.dir/all] Error 2
make: *** [Makefile:141: all] Error 2
