[0.012s] Invoking command in '/root/colcon_ws/build/gatekeeper': CMAKE_PREFIX_PATH=/root/colcon_ws/install/dasc_msgs:/opt/ros/foxy:/root/colcon_ws/install/realsense_gazebo_plugin:/root/colcon_ws/install/px4_ros_com:/root/colcon_ws/install/dasc_robot:/root/colcon_ws/install/px4_msgs:/root/colcon_ws/install/gatekeeper:/root/colcon_ws/install/experiment LD_LIBRARY_PATH=/root/colcon_ws/install/dasc_msgs/lib:/root/colcon_ws/install/realsense_gazebo_plugin/lib:/root/colcon_ws/install/px4_ros_com/lib:/root/colcon_ws/install/dasc_robot/lib:/root/colcon_ws/install/px4_msgs/lib:/usr/lib/x86_64-linux-gnu/gazebo-11/plugins:/opt/ros/foxy/opt/yaml_cpp_vendor/lib:/opt/ros/foxy/opt/rviz_ogre_vendor/lib:/opt/ros/foxy/lib/x86_64-linux-gnu:/opt/ros/foxy/lib PYTHONPATH=/root/colcon_ws/install/dasc_msgs/lib/python3.8/site-packages:/root/colcon_ws/install/px4_msgs/lib/python3.8/site-packages:/opt/ros/foxy/lib/python3.8/site-packages /usr/bin/cmake --build /root/colcon_ws/build/gatekeeper -- -j16 -l16
[0.069s] [35m[1mScanning dependencies of target gatekeeper[0m
[0.093s] [ 40%] Built target nominal_controller
[0.115s] [ 60%] [32mBuilding CXX object CMakeFiles/gatekeeper.dir/src/gatekeeper.cpp.o[0m
[14.561s] In file included from /root/colcon_ws/src/gatekeeper/src/gatekeeper.cpp:10:
[14.561s] /root/colcon_ws/src/gatekeeper/include/gatekeeper/gatekeeper.hpp:26:28: error: â€˜PointCloud2â€™ in namespace â€˜pclâ€™ does not name a template type; did you mean â€˜PointCloudâ€™?
[14.561s]    26 | using PCLPointCloud = pcl::PointCloud2<PCLPoint>;
[14.561s]       |                            ^~~~~~~~~~~
[14.562s]       |                            PointCloud
[14.562s] /root/colcon_ws/src/gatekeeper/include/gatekeeper/gatekeeper.hpp:69:15: error: â€˜PCLPointCloudâ€™ does not name a type; did you mean â€˜PCLPointâ€™?
[14.562s]    69 |         const PCLPointCloud& pc);
[14.562s]       |               ^~~~~~~~~~~~~
[14.562s]       |               PCLPoint
[14.562s] /root/colcon_ws/src/gatekeeper/src/gatekeeper.cpp: In member function â€˜void gatekeeper::Gatekeeper::cloud_callback(sensor_msgs::msg::PointCloud2_<std::allocator<void> >::SharedPtr)â€™:
[14.562s] /root/colcon_ws/src/gatekeeper/src/gatekeeper.cpp:53:3: error: â€˜PCLPointCloudâ€™ was not declared in this scope; did you mean â€˜PCLPointâ€™?
[14.562s]    53 |   PCLPointCloud pc;
[14.562s]       |   ^~~~~~~~~~~~~
[14.562s]       |   PCLPoint
[14.562s] /root/colcon_ws/src/gatekeeper/src/gatekeeper.cpp:54:25: error: â€˜pcâ€™ was not declared in this scope; did you mean â€˜phâ€™?
[14.563s]    54 |   pcl::fromROSMsg(*msg, pc);
[14.563s]       |                         ^~
[14.563s]       |                         ph
[14.563s] /root/colcon_ws/src/gatekeeper/src/gatekeeper.cpp:92:16: error: expected â€˜;â€™ before â€˜filteredâ€™
[14.563s]    92 |   PCLPointCloud filtered;
[14.563s]       |                ^~~~~~~~~
[14.563s]       |                ;
[14.563s] /root/colcon_ws/src/gatekeeper/src/gatekeeper.cpp:95:7: error: â€˜filteredâ€™ was not declared in this scope
[14.563s]    95 |       filtered.push_back(point);
[14.563s]       |       ^~~~~~~~
[14.564s] /root/colcon_ws/src/gatekeeper/src/gatekeeper.cpp:100:23: error: â€˜PointCloud2â€™ is not a member of â€˜pclâ€™; did you mean â€˜PointCloudâ€™?
[14.564s]   100 |   pcl::VoxelGrid<pcl::PointCloud2> vox;
[14.564s]       |                       ^~~~~~~~~~~
[14.564s]       |                       PointCloud
[14.564s] /root/colcon_ws/src/gatekeeper/src/gatekeeper.cpp:100:23: error: â€˜PointCloud2â€™ is not a member of â€˜pclâ€™; did you mean â€˜PointCloudâ€™?
[14.564s]   100 |   pcl::VoxelGrid<pcl::PointCloud2> vox;
[14.564s]       |                       ^~~~~~~~~~~
[14.564s]       |                       PointCloud
[14.564s] /root/colcon_ws/src/gatekeeper/src/gatekeeper.cpp:100:34: error: template argument 1 is invalid
[14.564s]   100 |   pcl::VoxelGrid<pcl::PointCloud2> vox;
[14.564s]       |                                  ^
[14.564s] /root/colcon_ws/src/gatekeeper/src/gatekeeper.cpp:101:7: error: request for member â€˜setInputCloudâ€™ in â€˜voxâ€™, which is of non-class type â€˜intâ€™
[14.565s]   101 |   vox.setInputCloud(filtered.makeShared());
[14.565s]       |       ^~~~~~~~~~~~~
[14.565s] /root/colcon_ws/src/gatekeeper/src/gatekeeper.cpp:101:21: error: â€˜filteredâ€™ was not declared in this scope
[14.565s]   101 |   vox.setInputCloud(filtered.makeShared());
[14.565s]       |                     ^~~~~~~~
[14.565s] /root/colcon_ws/src/gatekeeper/src/gatekeeper.cpp:102:7: error: request for member â€˜setLeafSizeâ€™ in â€˜voxâ€™, which is of non-class type â€˜intâ€™
[14.565s]   102 |   vox.setLeafSize(0.05, 0.05, 0.05);
[14.565s]       |       ^~~~~~~~~~~
[14.565s] /root/colcon_ws/src/gatekeeper/src/gatekeeper.cpp:103:7: error: request for member â€˜filterâ€™ in â€˜voxâ€™, which is of non-class type â€˜intâ€™
[14.565s]   103 |   vox.filter(filtered);
[14.565s]       |       ^~~~~~
[14.565s] /root/colcon_ws/src/gatekeeper/src/gatekeeper.cpp: At global scope:
[14.565s] /root/colcon_ws/src/gatekeeper/src/gatekeeper.cpp:117:9: error: â€˜PCLPointCloudâ€™ does not name a type; did you mean â€˜PCLPointâ€™?
[14.565s]   117 |   const PCLPointCloud& pc)
[14.566s]       |         ^~~~~~~~~~~~~
[14.566s]       |         PCLPoint
[14.566s] /root/colcon_ws/src/gatekeeper/src/gatekeeper.cpp: In member function â€˜void gatekeeper::Gatekeeper::insertScan(const Vector3&, const int&)â€™:
[14.566s] /root/colcon_ws/src/gatekeeper/src/gatekeeper.cpp:124:25: error: request for member â€˜sizeâ€™ in â€˜pcâ€™, which is of non-class type â€˜const intâ€™
[14.566s]   124 |   octomap_pc.reserve(pc.size());
[14.566s]       |                         ^~~~
[14.566s] /root/colcon_ws/src/gatekeeper/src/gatekeeper.cpp:126:21: error: request for member â€˜beginâ€™ in â€˜pcâ€™, which is of non-class type â€˜const intâ€™
[14.566s]   126 |   for (auto it = pc.begin(); it != pc.end(); ++it){
[14.567s]       |                     ^~~~~
[14.567s] /root/colcon_ws/src/gatekeeper/src/gatekeeper.cpp:126:39: error: request for member â€˜endâ€™ in â€˜pcâ€™, which is of non-class type â€˜const intâ€™
[14.567s]   126 |   for (auto it = pc.begin(); it != pc.end(); ++it){
[14.567s]       |                                       ^~~
[14.567s] make[2]: *** [CMakeFiles/gatekeeper.dir/build.make:63: CMakeFiles/gatekeeper.dir/src/gatekeeper.cpp.o] Error 1
[14.567s] make[1]: *** [CMakeFiles/Makefile2:80: CMakeFiles/gatekeeper.dir/all] Error 2
[14.567s] make: *** [Makefile:141: all] Error 2
[14.568s] Invoked command in '/root/colcon_ws/build/gatekeeper' returned '2': CMAKE_PREFIX_PATH=/root/colcon_ws/install/dasc_msgs:/opt/ros/foxy:/root/colcon_ws/install/realsense_gazebo_plugin:/root/colcon_ws/install/px4_ros_com:/root/colcon_ws/install/dasc_robot:/root/colcon_ws/install/px4_msgs:/root/colcon_ws/install/gatekeeper:/root/colcon_ws/install/experiment LD_LIBRARY_PATH=/root/colcon_ws/install/dasc_msgs/lib:/root/colcon_ws/install/realsense_gazebo_plugin/lib:/root/colcon_ws/install/px4_ros_com/lib:/root/colcon_ws/install/dasc_robot/lib:/root/colcon_ws/install/px4_msgs/lib:/usr/lib/x86_64-linux-gnu/gazebo-11/plugins:/opt/ros/foxy/opt/yaml_cpp_vendor/lib:/opt/ros/foxy/opt/rviz_ogre_vendor/lib:/opt/ros/foxy/lib/x86_64-linux-gnu:/opt/ros/foxy/lib PYTHONPATH=/root/colcon_ws/install/dasc_msgs/lib/python3.8/site-packages:/root/colcon_ws/install/px4_msgs/lib/python3.8/site-packages:/opt/ros/foxy/lib/python3.8/site-packages /usr/bin/cmake --build /root/colcon_ws/build/gatekeeper -- -j16 -l16
