[01m[K/root/colcon_ws/src/gatekeeper/src/gatekeeper.cpp:135:[m[K [01;31m[Kerror: [m[Kunterminated argument list invoking macro "RCLCPP_INFO"
  135 | }
      | 
[01m[K/root/colcon_ws/src/gatekeeper/src/gatekeeper.cpp:[m[K In member function â€˜[01m[Kvoid gatekeeper::Gatekeeper::cloud_callback(sensor_msgs::msg::PointCloud2_<std::allocator<void> >::SharedPtr)[m[Kâ€™:
[01m[K/root/colcon_ws/src/gatekeeper/src/gatekeeper.cpp:90:3:[m[K [01;31m[Kerror: [m[Kâ€˜[01m[KRCLCPP_INFO[m[Kâ€™ was not declared in this scope
   90 |   [01;31m[KRCLCPP_INFO[m[K(this->get_logger(), "PointCloudInsertion: %f ms", elapsed_ms.count();
      |   [01;31m[K^~~~~~~~~~~[m[K
[01m[K/root/colcon_ws/src/gatekeeper/src/gatekeeper.cpp:90:3:[m[K [01;31m[Kerror: [m[Kexpected â€˜[01m[K}[m[Kâ€™ at end of input
[01m[K/root/colcon_ws/src/gatekeeper/src/gatekeeper.cpp:32:1:[m[K [01;36m[Knote: [m[Kto match this â€˜[01m[K{[m[Kâ€™
   32 | [01;36m[K{[m[K
      | [01;36m[K^[m[K
[01m[K/root/colcon_ws/src/gatekeeper/src/gatekeeper.cpp:[m[K At global scope:
[01m[K/root/colcon_ws/src/gatekeeper/src/gatekeeper.cpp:90:3:[m[K [01;31m[Kerror: [m[Kexpected â€˜[01m[K}[m[Kâ€™ at end of input
   90 |   [01;31m[KRCLCPP_INFO[m[K(this->get_logger(), "PointCloudInsertion: %f ms", elapsed_ms.count();
      |   [01;31m[K^~~~~~~~~~~[m[K
[01m[K/root/colcon_ws/src/gatekeeper/src/gatekeeper.cpp:12:22:[m[K [01;36m[Knote: [m[Kto match this â€˜[01m[K{[m[Kâ€™
   12 | namespace gatekeeper [01;36m[K{[m[K
      |                      [01;36m[K^[m[K
make[2]: *** [CMakeFiles/gatekeeper.dir/build.make:63: CMakeFiles/gatekeeper.dir/src/gatekeeper.cpp.o] Error 1
make[1]: *** [CMakeFiles/Makefile2:80: CMakeFiles/gatekeeper.dir/all] Error 2
make: *** [Makefile:141: all] Error 2
