[0.016s] Invoking command in '/root/colcon_ws/build/gatekeeper': CMAKE_PREFIX_PATH=/root/colcon_ws/install/dasc_msgs:/opt/ros/foxy:/root/colcon_ws/install/realsense_gazebo_plugin:/root/colcon_ws/install/px4_ros_com:/root/colcon_ws/install/dasc_robot:/root/colcon_ws/install/px4_msgs:/root/colcon_ws/install/gatekeeper:/root/colcon_ws/install/experiment LD_LIBRARY_PATH=/root/colcon_ws/install/dasc_msgs/lib:/root/colcon_ws/install/realsense_gazebo_plugin/lib:/root/colcon_ws/install/px4_ros_com/lib:/root/colcon_ws/install/dasc_robot/lib:/root/colcon_ws/install/px4_msgs/lib:/usr/lib/x86_64-linux-gnu/gazebo-11/plugins:/opt/ros/foxy/opt/yaml_cpp_vendor/lib:/opt/ros/foxy/opt/rviz_ogre_vendor/lib:/opt/ros/foxy/lib/x86_64-linux-gnu:/opt/ros/foxy/lib PYTHONPATH=/root/colcon_ws/install/dasc_msgs/lib/python3.8/site-packages:/root/colcon_ws/install/px4_msgs/lib/python3.8/site-packages:/opt/ros/foxy/lib/python3.8/site-packages /usr/bin/cmake --build /root/colcon_ws/build/gatekeeper -- -j16 -l16
[0.069s] [35m[1mScanning dependencies of target gatekeeper[0m
[0.087s] [ 40%] Built target nominal_controller
[0.105s] [ 60%] [32mBuilding CXX object CMakeFiles/gatekeeper.dir/src/gatekeeper.cpp.o[0m
[2.597s] [01m[K/root/colcon_ws/src/gatekeeper/src/gatekeeper.cpp:135:[m[K [01;31m[Kerror: [m[Kunterminated argument list invoking macro "RCLCPP_INFO"
[2.597s]   135 | }
[2.597s]       | 
[5.510s] [01m[K/root/colcon_ws/src/gatekeeper/src/gatekeeper.cpp:[m[K In member function â€˜[01m[Kvoid gatekeeper::Gatekeeper::cloud_callback(sensor_msgs::msg::PointCloud2_<std::allocator<void> >::SharedPtr)[m[Kâ€™:
[5.510s] [01m[K/root/colcon_ws/src/gatekeeper/src/gatekeeper.cpp:90:3:[m[K [01;31m[Kerror: [m[Kâ€˜[01m[KRCLCPP_INFO[m[Kâ€™ was not declared in this scope
[5.510s]    90 |   [01;31m[KRCLCPP_INFO[m[K(this->get_logger(), "PointCloudInsertion: %f ms", elapsed_ms.count();
[5.510s]       |   [01;31m[K^~~~~~~~~~~[m[K
[5.510s] [01m[K/root/colcon_ws/src/gatekeeper/src/gatekeeper.cpp:90:3:[m[K [01;31m[Kerror: [m[Kexpected â€˜[01m[K}[m[Kâ€™ at end of input
[5.510s] [01m[K/root/colcon_ws/src/gatekeeper/src/gatekeeper.cpp:32:1:[m[K [01;36m[Knote: [m[Kto match this â€˜[01m[K{[m[Kâ€™
[5.511s]    32 | [01;36m[K{[m[K
[5.511s]       | [01;36m[K^[m[K
[5.511s] [01m[K/root/colcon_ws/src/gatekeeper/src/gatekeeper.cpp:[m[K At global scope:
[5.511s] [01m[K/root/colcon_ws/src/gatekeeper/src/gatekeeper.cpp:90:3:[m[K [01;31m[Kerror: [m[Kexpected â€˜[01m[K}[m[Kâ€™ at end of input
[5.511s]    90 |   [01;31m[KRCLCPP_INFO[m[K(this->get_logger(), "PointCloudInsertion: %f ms", elapsed_ms.count();
[5.511s]       |   [01;31m[K^~~~~~~~~~~[m[K
[5.511s] [01m[K/root/colcon_ws/src/gatekeeper/src/gatekeeper.cpp:12:22:[m[K [01;36m[Knote: [m[Kto match this â€˜[01m[K{[m[Kâ€™
[5.511s]    12 | namespace gatekeeper [01;36m[K{[m[K
[5.511s]       |                      [01;36m[K^[m[K
[9.305s] make[2]: *** [CMakeFiles/gatekeeper.dir/build.make:63: CMakeFiles/gatekeeper.dir/src/gatekeeper.cpp.o] Error 1
[9.305s] make[1]: *** [CMakeFiles/Makefile2:80: CMakeFiles/gatekeeper.dir/all] Error 2
[9.305s] make: *** [Makefile:141: all] Error 2
[9.308s] Invoked command in '/root/colcon_ws/build/gatekeeper' returned '2': CMAKE_PREFIX_PATH=/root/colcon_ws/install/dasc_msgs:/opt/ros/foxy:/root/colcon_ws/install/realsense_gazebo_plugin:/root/colcon_ws/install/px4_ros_com:/root/colcon_ws/install/dasc_robot:/root/colcon_ws/install/px4_msgs:/root/colcon_ws/install/gatekeeper:/root/colcon_ws/install/experiment LD_LIBRARY_PATH=/root/colcon_ws/install/dasc_msgs/lib:/root/colcon_ws/install/realsense_gazebo_plugin/lib:/root/colcon_ws/install/px4_ros_com/lib:/root/colcon_ws/install/dasc_robot/lib:/root/colcon_ws/install/px4_msgs/lib:/usr/lib/x86_64-linux-gnu/gazebo-11/plugins:/opt/ros/foxy/opt/yaml_cpp_vendor/lib:/opt/ros/foxy/opt/rviz_ogre_vendor/lib:/opt/ros/foxy/lib/x86_64-linux-gnu:/opt/ros/foxy/lib PYTHONPATH=/root/colcon_ws/install/dasc_msgs/lib/python3.8/site-packages:/root/colcon_ws/install/px4_msgs/lib/python3.8/site-packages:/opt/ros/foxy/lib/python3.8/site-packages /usr/bin/cmake --build /root/colcon_ws/build/gatekeeper -- -j16 -l16
