[ 11%] Built target dascBots
[35m[1mScanning dependencies of target trajectory_follower[0m
[ 77%] Built target example_control_geometric_velocity
[ 77%] Built target example_control_geometric_acceleration
[ 77%] Built target example_control
[ 77%] Built target example_control_geometric
[ 77%] Built target example_control_multi_rover
[ 77%] Built target joystick_controller
[ 88%] Built target dasc_robot_lib
[ 94%] [32mBuilding CXX object CMakeFiles/trajectory_follower.dir/src/trajectory_follower.cpp.o[0m
[01m[K/root/colcon_ws/src/robot-framework/src/trajectory_follower.cpp:4:10:[m[K [01;31m[Kfatal error: [m[Kdasc_msgs/msg/quad_setpoint.hpp: No such file or directory
    4 | #include [01;31m[K<dasc_msgs/msg/quad_setpoint.hpp>[m[K
      |          [01;31m[K^~~~~~~~~~~~~~~~~~~~~~~~~~~~~~~~~[m[K
compilation terminated.
make[2]: *** [CMakeFiles/trajectory_follower.dir/build.make:63: CMakeFiles/trajectory_follower.dir/src/trajectory_follower.cpp.o] Error 1
make[1]: *** [CMakeFiles/Makefile2:94: CMakeFiles/trajectory_follower.dir/all] Error 2
make: *** [Makefile:141: all] Error 2
