[0.021s] Invoking command in '/root/colcon_ws/build/dasc_robot': CMAKE_PREFIX_PATH=/root/colcon_ws/install/px4_ros_com:/root/colcon_ws/install/px4_msgs:/root/colcon_ws/install/dasc_msgs:/opt/ros/foxy:/root/colcon_ws/install/realsense_gazebo_plugin:/root/colcon_ws/install/dasc_robot:/root/colcon_ws/install/gatekeeper:/root/colcon_ws/install/experiment LD_LIBRARY_PATH=/root/colcon_ws/install/px4_ros_com/lib:/root/colcon_ws/install/px4_msgs/lib:/root/colcon_ws/install/dasc_msgs/lib:/root/colcon_ws/install/realsense_gazebo_plugin/lib:/root/colcon_ws/install/dasc_robot/lib:/usr/lib/x86_64-linux-gnu/gazebo-11/plugins:/opt/ros/foxy/opt/yaml_cpp_vendor/lib:/opt/ros/foxy/opt/rviz_ogre_vendor/lib:/opt/ros/foxy/lib/x86_64-linux-gnu:/opt/ros/foxy/lib PYTHONPATH=/root/colcon_ws/install/px4_msgs/lib/python3.8/site-packages:/root/colcon_ws/install/dasc_msgs/lib/python3.8/site-packages:/opt/ros/foxy/lib/python3.8/site-packages /usr/bin/cmake --build /root/colcon_ws/build/dasc_robot -- -j16 -l16
[0.072s] [35m[1mScanning dependencies of target dascBots[0m
[0.109s] [  5%] [32mBuilding CXX object CMakeFiles/dascBots.dir/src/DASCRobots.cpp.o[0m
[9.953s] [ 11%] [32m[1mLinking CXX static library libdascBots.a[0m
[10.086s] [ 11%] Built target dascBots
[10.099s] [35m[1mScanning dependencies of target example_control_geometric_acceleration[0m
[10.099s] [35m[1mScanning dependencies of target example_control_geometric[0m
[10.099s] [35m[1mScanning dependencies of target example_control_geometric_velocity[0m
[10.099s] [35m[1mScanning dependencies of target example_control_multi_rover[0m
[10.099s] [35m[1mScanning dependencies of target example_control[0m
[10.099s] [35m[1mScanning dependencies of target trajectory_follower[0m
[10.100s] [35m[1mScanning dependencies of target joystick_controller[0m
[10.100s] [35m[1mScanning dependencies of target dasc_robot_lib[0m
[10.125s] [ 38%] [32mBuilding CXX object CMakeFiles/example_control_geometric_velocity.dir/src/example_control_geometric_velocity.cpp.o[0m
[10.125s] [ 38%] [32mBuilding CXX object CMakeFiles/joystick_controller.dir/src/joystick_control.cpp.o[0m
[10.125s] [ 38%] [32mBuilding CXX object CMakeFiles/trajectory_follower.dir/src/trajectory_follower.cpp.o[0m
[10.125s] [ 38%] [32mBuilding CXX object CMakeFiles/example_control.dir/src/example_control.cpp.o[0m
[10.125s] [ 38%] [32mBuilding CXX object CMakeFiles/example_control_geometric_acceleration.dir/src/example_control_geometric_acceleration.cpp.o[0m
[10.125s] [ 44%] [32mBuilding CXX object CMakeFiles/example_control_geometric.dir/src/example_control_geometric.cpp.o[0m
[10.129s] [ 50%] [32mBuilding CXX object CMakeFiles/example_control_multi_rover.dir/src/example_control_multi_rover.cpp.o[0m
[10.134s] [ 55%] [32mBuilding CXX object CMakeFiles/dasc_robot_lib.dir/src/dasc_robot_lib.cpp.o[0m
[12.368s] [ 61%] [32m[1mLinking CXX executable example_control_geometric_acceleration[0m
[12.370s] [ 66%] [32m[1mLinking CXX executable example_control[0m
[12.402s] [ 72%] [32m[1mLinking CXX executable example_control_geometric_velocity[0m
[12.427s] [ 77%] [32m[1mLinking CXX executable example_control_geometric[0m
[12.441s] [ 83%] [32m[1mLinking CXX executable example_control_multi_rover[0m
[13.680s] /root/colcon_ws/src/robot-framework/src/trajectory_follower.cpp: In member function â€˜void TrajectoryFollower::timer_callback()â€™:
[13.680s] /root/colcon_ws/src/robot-framework/src/trajectory_follower.cpp:179:17: error: â€˜QuadTrajectoryâ€™ {aka â€˜struct dasc_msgs::msg::QuadTrajectory_<std::allocator<void> >â€™} has no member named â€˜yaw_ratesâ€™
[13.680s]   179 |            traj.yaw_rates[i],
[13.681s]       |                 ^~~~~~~~~
[13.681s] make[2]: *** [CMakeFiles/trajectory_follower.dir/build.make:63: CMakeFiles/trajectory_follower.dir/src/trajectory_follower.cpp.o] Error 1
[13.681s] make[1]: *** [CMakeFiles/Makefile2:94: CMakeFiles/trajectory_follower.dir/all] Error 2
[13.681s] make[1]: *** Waiting for unfinished jobs....
[14.143s] /usr/bin/ld: libdascBots.a(DASCRobots.cpp.o):(.data.rel.ro._ZTC9DASCRobot0_4DASC[_ZTV9DASCRobot]+0x10): undefined reference to `typeinfo for DASC'
[14.143s] /usr/bin/ld: libdascBots.a(DASCRobots.cpp.o):(.data.rel.ro._ZTC9DASCRobot0_4DASC[_ZTV9DASCRobot]+0x90): undefined reference to `DASC::cmdFullState(double, double, double, double, double, double, double, double, double, double, double)'
[14.143s] /usr/bin/ld: libdascBots.a(DASCRobots.cpp.o):(.data.rel.ro._ZTC9DASCRobot0_4DASC[_ZTV9DASCRobot]+0xb8): undefined reference to `typeinfo for DASC'
[14.143s] /usr/bin/ld: libdascBots.a(DASCRobots.cpp.o):(.data.rel.ro._ZTI9DASCRobot[_ZTI9DASCRobot]+0x10): undefined reference to `typeinfo for DASC'
[14.143s] collect2: error: ld returned 1 exit status
[14.144s] /usr/bin/ld: libdascBots.a(DASCRobots.cpp.o):(.data.rel.ro._ZTC9DASCRobot0_4DASC[_ZTV9DASCRobot]+0x10): undefined reference to `typeinfo for DASC'
[14.144s] /usr/bin/ld: libdascBots.a(DASCRobots.cpp.o):(.data.rel.ro._ZTC9DASCRobot0_4DASC[_ZTV9DASCRobot]+0x90): undefined reference to `DASC::cmdFullState(double, double, double, double, double, double, double, double, double, double, double)'
[14.144s] /usr/bin/ld: libdascBots.a(DASCRobots.cpp.o):(.data.rel.ro._ZTC9DASCRobot0_4DASC[_ZTV9DASCRobot]+0xb8): undefined reference to `typeinfo for DASC'
[14.144s] /usr/bin/ld: libdascBots.a(DASCRobots.cpp.o):(.data.rel.ro._ZTI9DASCRobot[_ZTI9DASCRobot]+0x10): undefined reference to `typeinfo for DASC'
[14.144s] collect2: error: ld returned 1 exit status
[14.145s] make[2]: *** [CMakeFiles/example_control.dir/build.make:225: example_control] Error 1
[14.145s] make[1]: *** [CMakeFiles/Makefile2:310: CMakeFiles/example_control.dir/all] Error 2
[14.145s] make[2]: *** [CMakeFiles/example_control_geometric_acceleration.dir/build.make:225: example_control_geometric_acceleration] Error 1
[14.145s] make[1]: *** [CMakeFiles/Makefile2:283: CMakeFiles/example_control_geometric_acceleration.dir/all] Error 2
[14.152s] /usr/bin/ld: libdascBots.a(DASCRobots.cpp.o):(.data.rel.ro._ZTC9DASCRobot0_4DASC[_ZTV9DASCRobot]+0x10): undefined reference to `typeinfo for DASC'
[14.152s] /usr/bin/ld: libdascBots.a(DASCRobots.cpp.o):(.data.rel.ro._ZTC9DASCRobot0_4DASC[_ZTV9DASCRobot]+0x90): undefined reference to `DASC::cmdFullState(double, double, double, double, double, double, double, double, double, double, double)'
[14.152s] /usr/bin/ld: libdascBots.a(DASCRobots.cpp.o):(.data.rel.ro._ZTC9DASCRobot0_4DASC[_ZTV9DASCRobot]+0xb8): undefined reference to `typeinfo for DASC'
[14.152s] /usr/bin/ld: libdascBots.a(DASCRobots.cpp.o):(.data.rel.ro._ZTI9DASCRobot[_ZTI9DASCRobot]+0x10): undefined reference to `typeinfo for DASC'
[14.152s] collect2: error: ld returned 1 exit status
[14.153s] make[2]: *** [CMakeFiles/example_control_geometric_velocity.dir/build.make:225: example_control_geometric_velocity] Error 1
[14.154s] make[1]: *** [CMakeFiles/Makefile2:175: CMakeFiles/example_control_geometric_velocity.dir/all] Error 2
[14.168s] /usr/bin/ld: libdascBots.a(DASCRobots.cpp.o):(.data.rel.ro._ZTC9DASCRobot0_4DASC[_ZTV9DASCRobot]+0x10): undefined reference to `typeinfo for DASC'
[14.168s] /usr/bin/ld: libdascBots.a(DASCRobots.cpp.o):(.data.rel.ro._ZTC9DASCRobot0_4DASC[_ZTV9DASCRobot]+0x90): undefined reference to `DASC::cmdFullState(double, double, double, double, double, double, double, double, double, double, double)'
[14.169s] /usr/bin/ld: libdascBots.a(DASCRobots.cpp.o):(.data.rel.ro._ZTC9DASCRobot0_4DASC[_ZTV9DASCRobot]+0xb8): undefined reference to `typeinfo for DASC'
[14.169s] /usr/bin/ld: libdascBots.a(DASCRobots.cpp.o):(.data.rel.ro._ZTI9DASCRobot[_ZTI9DASCRobot]+0x10): undefined reference to `typeinfo for DASC'
[14.169s] collect2: error: ld returned 1 exit status
[14.169s] /usr/bin/ld: libdascBots.a(DASCRobots.cpp.o):(.data.rel.ro._ZTC9DASCRobot0_4DASC[_ZTV9DASCRobot]+0x10): undefined reference to `typeinfo for DASC'
[14.169s] /usr/bin/ld: libdascBots.a(DASCRobots.cpp.o):(.data.rel.ro._ZTC9DASCRobot0_4DASC[_ZTV9DASCRobot]+0x90): undefined reference to `DASC::cmdFullState(double, double, double, double, double, double, double, double, double, double, double)'
[14.169s] /usr/bin/ld: libdascBots.a(DASCRobots.cpp.o):(.data.rel.ro._ZTC9DASCRobot0_4DASC[_ZTV9DASCRobot]+0xb8): undefined reference to `typeinfo for DASC'
[14.169s] /usr/bin/ld: libdascBots.a(DASCRobots.cpp.o):(.data.rel.ro._ZTI9DASCRobot[_ZTI9DASCRobot]+0x10): undefined reference to `typeinfo for DASC'
[14.169s] collect2: error: ld returned 1 exit status
[14.170s] make[2]: *** [CMakeFiles/example_control_multi_rover.dir/build.make:225: example_control_multi_rover] Error 1
[14.170s] make[2]: *** [CMakeFiles/example_control_geometric.dir/build.make:225: example_control_geometric] Error 1
[14.170s] make[1]: *** [CMakeFiles/Makefile2:229: CMakeFiles/example_control_multi_rover.dir/all] Error 2
[14.170s] make[1]: *** [CMakeFiles/Makefile2:148: CMakeFiles/example_control_geometric.dir/all] Error 2
[14.227s] [ 88%] [32m[1mLinking CXX shared library libdasc_robot_lib.so[0m
[14.731s] [ 88%] Built target dasc_robot_lib
[15.397s] /root/colcon_ws/src/robot-framework/src/joystick_control.cpp: In member function â€˜void JoystickController::takeoff()â€™:
[15.397s] /root/colcon_ws/src/robot-framework/src/joystick_control.cpp:63:12: warning: unused variable â€˜target_yawâ€™ [-Wunused-variable]
[15.397s]    63 |     double target_yaw    = 0.0;
[15.397s]       |            ^~~~~~~~~~
[15.410s] [ 94%] [32m[1mLinking CXX executable joystick_controller[0m
[15.948s] /usr/bin/ld: libdascBots.a(DASCRobots.cpp.o):(.data.rel.ro._ZTC9DASCRobot0_4DASC[_ZTV9DASCRobot]+0x10): undefined reference to `typeinfo for DASC'
[15.948s] /usr/bin/ld: libdascBots.a(DASCRobots.cpp.o):(.data.rel.ro._ZTC9DASCRobot0_4DASC[_ZTV9DASCRobot]+0x90): undefined reference to `DASC::cmdFullState(double, double, double, double, double, double, double, double, double, double, double)'
[15.948s] /usr/bin/ld: libdascBots.a(DASCRobots.cpp.o):(.data.rel.ro._ZTC9DASCRobot0_4DASC[_ZTV9DASCRobot]+0xb8): undefined reference to `typeinfo for DASC'
[15.948s] /usr/bin/ld: libdascBots.a(DASCRobots.cpp.o):(.data.rel.ro._ZTI9DASCRobot[_ZTI9DASCRobot]+0x10): undefined reference to `typeinfo for DASC'
[15.949s] collect2: error: ld returned 1 exit status
[15.949s] make[2]: *** [CMakeFiles/joystick_controller.dir/build.make:225: joystick_controller] Error 1
[15.950s] make[1]: *** [CMakeFiles/Makefile2:337: CMakeFiles/joystick_controller.dir/all] Error 2
[15.950s] make: *** [Makefile:141: all] Error 2
[15.952s] Invoked command in '/root/colcon_ws/build/dasc_robot' returned '2': CMAKE_PREFIX_PATH=/root/colcon_ws/install/px4_ros_com:/root/colcon_ws/install/px4_msgs:/root/colcon_ws/install/dasc_msgs:/opt/ros/foxy:/root/colcon_ws/install/realsense_gazebo_plugin:/root/colcon_ws/install/dasc_robot:/root/colcon_ws/install/gatekeeper:/root/colcon_ws/install/experiment LD_LIBRARY_PATH=/root/colcon_ws/install/px4_ros_com/lib:/root/colcon_ws/install/px4_msgs/lib:/root/colcon_ws/install/dasc_msgs/lib:/root/colcon_ws/install/realsense_gazebo_plugin/lib:/root/colcon_ws/install/dasc_robot/lib:/usr/lib/x86_64-linux-gnu/gazebo-11/plugins:/opt/ros/foxy/opt/yaml_cpp_vendor/lib:/opt/ros/foxy/opt/rviz_ogre_vendor/lib:/opt/ros/foxy/lib/x86_64-linux-gnu:/opt/ros/foxy/lib PYTHONPATH=/root/colcon_ws/install/px4_msgs/lib/python3.8/site-packages:/root/colcon_ws/install/dasc_msgs/lib/python3.8/site-packages:/opt/ros/foxy/lib/python3.8/site-packages /usr/bin/cmake --build /root/colcon_ws/build/dasc_robot -- -j16 -l16
