[0.017s] Invoking command in '/root/colcon_ws/build/gatekeeper': CMAKE_PREFIX_PATH=/root/colcon_ws/install/dasc_msgs:/opt/ros/foxy:/root/colcon_ws/install/realsense_gazebo_plugin:/root/colcon_ws/install/px4_ros_com:/root/colcon_ws/install/dasc_robot:/root/colcon_ws/install/px4_msgs:/root/colcon_ws/install/gatekeeper:/root/colcon_ws/install/experiment LD_LIBRARY_PATH=/root/colcon_ws/install/dasc_msgs/lib:/root/colcon_ws/install/realsense_gazebo_plugin/lib:/root/colcon_ws/install/px4_ros_com/lib:/root/colcon_ws/install/dasc_robot/lib:/root/colcon_ws/install/px4_msgs/lib:/usr/lib/x86_64-linux-gnu/gazebo-11/plugins:/opt/ros/foxy/opt/yaml_cpp_vendor/lib:/opt/ros/foxy/opt/rviz_ogre_vendor/lib:/opt/ros/foxy/lib/x86_64-linux-gnu:/opt/ros/foxy/lib PYTHONPATH=/root/colcon_ws/install/dasc_msgs/lib/python3.8/site-packages:/root/colcon_ws/install/px4_msgs/lib/python3.8/site-packages:/opt/ros/foxy/lib/python3.8/site-packages /usr/bin/cmake --build /root/colcon_ws/build/gatekeeper -- -j16 -l16
[0.060s] [35m[1mScanning dependencies of target gatekeeper[0m
[0.078s] [ 50%] Built target nominal_controller
[0.090s] [ 75%] [32mBuilding CXX object CMakeFiles/gatekeeper.dir/src/gatekeeper.cpp.o[0m
[6.127s] In file included from /root/colcon_ws/src/gatekeeper/src/gatekeeper.cpp:10:
[6.127s] /root/colcon_ws/src/gatekeeper/include/gatekeeper/gatekeeper.hpp:62:2: error: expected â€˜;â€™ after class definition
[6.127s]    62 | }
[6.127s]       |  ^
[6.127s]       |  ;
[6.127s] /root/colcon_ws/src/gatekeeper/include/gatekeeper/gatekeeper.hpp:67:2: warning: extra â€˜;â€™ [-Wpedantic]
[6.127s]    67 | }; // namespace gatekeeper
[6.128s]       |  ^
[6.128s] /root/colcon_ws/src/gatekeeper/src/gatekeeper.cpp:15:24: error: definition of implicitly-declared â€˜gatekeeper::Gatekeeper::Gatekeeper()â€™
[6.128s]    15 | Gatekeeper::Gatekeeper()
[6.128s]       |                        ^
[6.128s] /root/colcon_ws/src/gatekeeper/src/gatekeeper.cpp:33:32: error: variable or field â€˜cloud_callbackâ€™ declared void
[6.128s]    33 | void Gatekeeper::cloud_callback(
[6.128s]       |                                ^
[6.128s] In file included from /opt/ros/foxy/include/rclcpp/service.hpp:34,
[6.128s]                  from /opt/ros/foxy/include/rclcpp/callback_group.hpp:25,
[6.128s]                  from /opt/ros/foxy/include/rclcpp/any_executable.hpp:20,
[6.128s]                  from /opt/ros/foxy/include/rclcpp/memory_strategy.hpp:24,
[6.128s]                  from /opt/ros/foxy/include/rclcpp/memory_strategies.hpp:18,
[6.128s]                  from /opt/ros/foxy/include/rclcpp/executor_options.hpp:20,
[6.129s]                  from /opt/ros/foxy/include/rclcpp/executor.hpp:33,
[6.129s]                  from /opt/ros/foxy/include/rclcpp/executors/multi_threaded_executor.hpp:26,
[6.129s]                  from /opt/ros/foxy/include/rclcpp/executors.hpp:21,
[6.129s]                  from /opt/ros/foxy/include/rclcpp/rclcpp.hpp:146,
[6.129s]                  from /root/colcon_ws/src/gatekeeper/include/gatekeeper/gatekeeper.hpp:7,
[6.129s]                  from /root/colcon_ws/src/gatekeeper/src/gatekeeper.cpp:10:
[6.129s] /root/colcon_ws/src/gatekeeper/src/gatekeeper.cpp:35:3: error: expected primary-expression before â€˜doâ€™
[6.129s]    35 |   RCLCPP_INFO(this->get_logger(), "Received cloud");
[6.129s]       |   ^~~~~~~~~~~
[6.129s] /root/colcon_ws/src/gatekeeper/src/gatekeeper.cpp:40:6: error: â€˜Gatekeeperâ€™ has not been declared
[6.129s]    40 | void Gatekeeper::insertScan( const geometry_msgs::msg::Vector3 &sensorOrigin,
[6.129s]       |      ^~~~~~~~~~
[6.129s] In file included from /opt/ros/foxy/include/rclcpp/service.hpp:34,
[6.130s]                  from /opt/ros/foxy/include/rclcpp/callback_group.hpp:25,
[6.130s]                  from /opt/ros/foxy/include/rclcpp/any_executable.hpp:20,
[6.130s]                  from /opt/ros/foxy/include/rclcpp/memory_strategy.hpp:24,
[6.130s]                  from /opt/ros/foxy/include/rclcpp/memory_strategies.hpp:18,
[6.130s]                  from /opt/ros/foxy/include/rclcpp/executor_options.hpp:20,
[6.130s]                  from /opt/ros/foxy/include/rclcpp/executor.hpp:33,
[6.131s]                  from /opt/ros/foxy/include/rclcpp/executors/multi_threaded_executor.hpp:26,
[6.131s]                  from /opt/ros/foxy/include/rclcpp/executors.hpp:21,
[6.131s]                  from /opt/ros/foxy/include/rclcpp/rclcpp.hpp:146,
[6.131s]                  from /root/colcon_ws/src/gatekeeper/include/gatekeeper/gatekeeper.hpp:7,
[6.131s]                  from /root/colcon_ws/src/gatekeeper/src/gatekeeper.cpp:10:
[6.131s] /root/colcon_ws/src/gatekeeper/src/gatekeeper.cpp: In function â€˜void insertScan(const Vector3&, const PCLPointCloud&)â€™:
[6.131s] /root/colcon_ws/src/gatekeeper/src/gatekeeper.cpp:44:15: error: invalid use of â€˜thisâ€™ in non-member function
[6.131s]    44 |   RCLCPP_INFO(this->get_logger(), "insert Scan");
[6.131s]       |               ^~~~
[6.131s] /root/colcon_ws/src/gatekeeper/src/gatekeeper.cpp:44:15: error: invalid use of â€˜thisâ€™ in non-member function
[6.131s] /root/colcon_ws/src/gatekeeper/src/gatekeeper.cpp:44:3: error: template argument 1 is invalid
[6.131s]    44 |   RCLCPP_INFO(this->get_logger(), "insert Scan");
[6.132s]       |   ^~~~~~~~~~~
[6.132s] /root/colcon_ws/src/gatekeeper/src/gatekeeper.cpp:44:3: error: template argument 1 is invalid
[6.132s]    44 |   RCLCPP_INFO(this->get_logger(), "insert Scan");
[6.132s]       |   ^~~~~~~~~~~
[6.132s] /root/colcon_ws/src/gatekeeper/src/gatekeeper.cpp:44:3: error: template argument 1 is invalid
[6.132s]    44 |   RCLCPP_INFO(this->get_logger(), "insert Scan");
[6.132s]       |   ^~~~~~~~~~~
[6.132s] In file included from /opt/ros/foxy/include/rclcpp/client.hpp:40,
[6.132s]                  from /opt/ros/foxy/include/rclcpp/callback_group.hpp:23,
[6.132s]                  from /opt/ros/foxy/include/rclcpp/any_executable.hpp:20,
[6.132s]                  from /opt/ros/foxy/include/rclcpp/memory_strategy.hpp:24,
[6.133s]                  from /opt/ros/foxy/include/rclcpp/memory_strategies.hpp:18,
[6.133s]                  from /opt/ros/foxy/include/rclcpp/executor_options.hpp:20,
[6.133s]                  from /opt/ros/foxy/include/rclcpp/executor.hpp:33,
[6.133s]                  from /opt/ros/foxy/include/rclcpp/executors/multi_threaded_executor.hpp:26,
[6.133s]                  from /opt/ros/foxy/include/rclcpp/executors.hpp:21,
[6.133s]                  from /opt/ros/foxy/include/rclcpp/rclcpp.hpp:146,
[6.133s]                  from /root/colcon_ws/src/gatekeeper/include/gatekeeper/gatekeeper.hpp:7,
[6.133s]                  from /root/colcon_ws/src/gatekeeper/src/gatekeeper.cpp:10:
[6.133s] /root/colcon_ws/src/gatekeeper/src/gatekeeper.cpp:44:15: error: invalid use of â€˜thisâ€™ in non-member function
[6.134s]    44 |   RCLCPP_INFO(this->get_logger(), "insert Scan");
[6.134s]       |               ^~~~
[6.134s] /root/colcon_ws/src/gatekeeper/src/gatekeeper.cpp:44:15: error: invalid use of â€˜thisâ€™ in non-member function
[6.134s]    44 |   RCLCPP_INFO(this->get_logger(), "insert Scan");
[6.134s]       |               ^~~~
[6.134s] /root/colcon_ws/src/gatekeeper/src/gatekeeper.cpp:40:65: warning: unused parameter â€˜sensorOriginâ€™ [-Wunused-parameter]
[6.134s]    40 | void Gatekeeper::insertScan( const geometry_msgs::msg::Vector3 &sensorOrigin,
[6.134s]       |                              ~~~~~~~~~~~~~~~~~~~~~~~~~~~~~~~~~~~^~~~~~~~~~~~
[6.134s] /root/colcon_ws/src/gatekeeper/src/gatekeeper.cpp:41:24: warning: unused parameter â€˜pcâ€™ [-Wunused-parameter]
[6.135s]    41 |   const PCLPointCloud& pc)
[6.135s]       |   ~~~~~~~~~~~~~~~~~~~~~^~
[6.135s] /root/colcon_ws/src/gatekeeper/src/gatekeeper.cpp: At global scope:
[6.135s] /root/colcon_ws/src/gatekeeper/src/gatekeeper.cpp:51:1: error: expected declaration before â€˜}â€™ token
[6.135s]    51 | }; // namespace gatekeeper
[6.135s]       | ^
[6.135s] /root/colcon_ws/src/gatekeeper/src/gatekeeper.cpp: In function â€˜int main(int, char**)â€™:
[6.135s] /root/colcon_ws/src/gatekeeper/src/gatekeeper.cpp:61:11: warning: statement is a reference, not call, to function â€˜rclcpp::shutdownâ€™ [-Waddress]
[6.135s]    61 |   rclcpp::shutdown;
[6.135s]       |   ~~~~~~~~^~~~~~~~
[6.136s] /root/colcon_ws/src/gatekeeper/src/gatekeeper.cpp:61:11: warning: statement has no effect [-Wunused-value]
[6.136s] In file included from /usr/include/x86_64-linux-gnu/c++/9/bits/c++allocator.h:33,
[6.136s]                  from /usr/include/c++/9/bits/allocator.h:46,
[6.136s]                  from /usr/include/c++/9/memory:63,
[6.136s]                  from /opt/ros/foxy/include/rclcpp/rclcpp.hpp:144,
[6.136s]                  from /root/colcon_ws/src/gatekeeper/include/gatekeeper/gatekeeper.hpp:7,
[6.136s]                  from /root/colcon_ws/src/gatekeeper/src/gatekeeper.cpp:10:
[6.136s] /usr/include/c++/9/ext/new_allocator.h: In instantiation of â€˜void __gnu_cxx::new_allocator<_Tp>::construct(_Up*, _Args&& ...) [with _Up = gatekeeper::Gatekeeper; _Args = {}; _Tp = gatekeeper::Gatekeeper]â€™:
[6.136s] /usr/include/c++/9/bits/alloc_traits.h:482:2:   required from â€˜static void std::allocator_traits<std::allocator<_Tp1> >::construct(std::allocator_traits<std::allocator<_Tp1> >::allocator_type&, _Up*, _Args&& ...) [with _Up = gatekeeper::Gatekeeper; _Args = {}; _Tp = gatekeeper::Gatekeeper; std::allocator_traits<std::allocator<_Tp1> >::allocator_type = std::allocator<gatekeeper::Gatekeeper>]â€™
[6.136s] /usr/include/c++/9/bits/shared_ptr_base.h:548:39:   required from â€˜std::_Sp_counted_ptr_inplace<_Tp, _Alloc, _Lp>::_Sp_counted_ptr_inplace(_Alloc, _Args&& ...) [with _Args = {}; _Tp = gatekeeper::Gatekeeper; _Alloc = std::allocator<gatekeeper::Gatekeeper>; __gnu_cxx::_Lock_policy _Lp = __gnu_cxx::_S_atomic]â€™
[6.137s] /usr/include/c++/9/bits/shared_ptr_base.h:679:16:   required from â€˜std::__shared_count<_Lp>::__shared_count(_Tp*&, std::_Sp_alloc_shared_tag<_Alloc>, _Args&& ...) [with _Tp = gatekeeper::Gatekeeper; _Alloc = std::allocator<gatekeeper::Gatekeeper>; _Args = {}; __gnu_cxx::_Lock_policy _Lp = __gnu_cxx::_S_atomic]â€™
[6.138s] /usr/include/c++/9/bits/shared_ptr_base.h:1344:71:   required from â€˜std::__shared_ptr<_Tp, _Lp>::__shared_ptr(std::_Sp_alloc_shared_tag<_Tp>, _Args&& ...) [with _Alloc = std::allocator<gatekeeper::Gatekeeper>; _Args = {}; _Tp = gatekeeper::Gatekeeper; __gnu_cxx::_Lock_policy _Lp = __gnu_cxx::_S_atomic]â€™
[6.139s] /usr/include/c++/9/bits/shared_ptr.h:359:59:   required from â€˜std::shared_ptr<_Tp>::shared_ptr(std::_Sp_alloc_shared_tag<_Tp>, _Args&& ...) [with _Alloc = std::allocator<gatekeeper::Gatekeeper>; _Args = {}; _Tp = gatekeeper::Gatekeeper]â€™
[6.139s] /usr/include/c++/9/bits/shared_ptr.h:701:14:   required from â€˜std::shared_ptr<_Tp> std::allocate_shared(const _Alloc&, _Args&& ...) [with _Tp = gatekeeper::Gatekeeper; _Alloc = std::allocator<gatekeeper::Gatekeeper>; _Args = {}]â€™
[6.139s] /usr/include/c++/9/bits/shared_ptr.h:717:39:   required from â€˜std::shared_ptr<_Tp> std::make_shared(_Args&& ...) [with _Tp = gatekeeper::Gatekeeper; _Args = {}]â€™
[6.139s] /root/colcon_ws/src/gatekeeper/src/gatekeeper.cpp:58:56:   required from here
[6.139s] /usr/include/c++/9/ext/new_allocator.h:145:20: error: use of deleted function â€˜gatekeeper::Gatekeeper::Gatekeeper()â€™
[6.139s]   145 |  noexcept(noexcept(::new((void *)__p)
[6.139s]       |                    ^~~~~~~~~~~~~~~~~~
[6.140s]   146 |        _Up(std::forward<_Args>(__args)...)))
[6.140s]       |        ~~~~~~~~~~~~~~~~~~~~~~~~~~~~~~~~~~~
[6.140s] In file included from /root/colcon_ws/src/gatekeeper/src/gatekeeper.cpp:10:
[6.140s] /root/colcon_ws/src/gatekeeper/include/gatekeeper/gatekeeper.hpp:31:7: note: â€˜gatekeeper::Gatekeeper::Gatekeeper()â€™ is implicitly deleted because the default definition would be ill-formed:
[6.140s]    31 | class Gatekeeper : public rclcpp::Node {
[6.140s]       |       ^~~~~~~~~~
[6.140s] /root/colcon_ws/src/gatekeeper/include/gatekeeper/gatekeeper.hpp:31:7: error: no matching function for call to â€˜rclcpp::Node::Node()â€™
[6.140s] In file included from /opt/ros/foxy/include/rclcpp/executors/single_threaded_executor.hpp:28,
[6.141s]                  from /opt/ros/foxy/include/rclcpp/executors.hpp:22,
[6.141s]                  from /opt/ros/foxy/include/rclcpp/rclcpp.hpp:146,
[6.141s]                  from /root/colcon_ws/src/gatekeeper/include/gatekeeper/gatekeeper.hpp:7,
[6.141s]                  from /root/colcon_ws/src/gatekeeper/src/gatekeeper.cpp:10:
[6.141s] /opt/ros/foxy/include/rclcpp/node.hpp:1193:3: note: candidate: â€˜rclcpp::Node::Node(const rclcpp::Node&, const string&)â€™
[6.141s]  1193 |   Node(
[6.141s]       |   ^~~~
[6.141s] /opt/ros/foxy/include/rclcpp/node.hpp:1193:3: note:   candidate expects 2 arguments, 0 provided
[6.141s] /opt/ros/foxy/include/rclcpp/node.hpp:98:12: note: candidate: â€˜rclcpp::Node::Node(const string&, const string&, const rclcpp::NodeOptions&)â€™
[6.141s]    98 |   explicit Node(
[6.142s]       |            ^~~~
[6.142s] /opt/ros/foxy/include/rclcpp/node.hpp:98:12: note:   candidate expects 3 arguments, 0 provided
[6.142s] /opt/ros/foxy/include/rclcpp/node.hpp:86:12: note: candidate: â€˜rclcpp::Node::Node(const string&, const rclcpp::NodeOptions&)â€™
[6.142s]    86 |   explicit Node(
[6.142s]       |            ^~~~
[6.142s] /opt/ros/foxy/include/rclcpp/node.hpp:86:12: note:   candidate expects 2 arguments, 0 provided
[6.142s] make[2]: *** [CMakeFiles/gatekeeper.dir/build.make:63: CMakeFiles/gatekeeper.dir/src/gatekeeper.cpp.o] Error 1
[6.142s] make[1]: *** [CMakeFiles/Makefile2:80: CMakeFiles/gatekeeper.dir/all] Error 2
[6.142s] make: *** [Makefile:141: all] Error 2
[6.143s] Invoked command in '/root/colcon_ws/build/gatekeeper' returned '2': CMAKE_PREFIX_PATH=/root/colcon_ws/install/dasc_msgs:/opt/ros/foxy:/root/colcon_ws/install/realsense_gazebo_plugin:/root/colcon_ws/install/px4_ros_com:/root/colcon_ws/install/dasc_robot:/root/colcon_ws/install/px4_msgs:/root/colcon_ws/install/gatekeeper:/root/colcon_ws/install/experiment LD_LIBRARY_PATH=/root/colcon_ws/install/dasc_msgs/lib:/root/colcon_ws/install/realsense_gazebo_plugin/lib:/root/colcon_ws/install/px4_ros_com/lib:/root/colcon_ws/install/dasc_robot/lib:/root/colcon_ws/install/px4_msgs/lib:/usr/lib/x86_64-linux-gnu/gazebo-11/plugins:/opt/ros/foxy/opt/yaml_cpp_vendor/lib:/opt/ros/foxy/opt/rviz_ogre_vendor/lib:/opt/ros/foxy/lib/x86_64-linux-gnu:/opt/ros/foxy/lib PYTHONPATH=/root/colcon_ws/install/dasc_msgs/lib/python3.8/site-packages:/root/colcon_ws/install/px4_msgs/lib/python3.8/site-packages:/opt/ros/foxy/lib/python3.8/site-packages /usr/bin/cmake --build /root/colcon_ws/build/gatekeeper -- -j16 -l16
