[0.015s] Invoking command in '/root/colcon_ws/build/dasc_robot': CMAKE_PREFIX_PATH=/root/colcon_ws/install/px4_ros_com:/root/colcon_ws/install/px4_msgs:/root/colcon_ws/install/dasc_msgs:/opt/ros/foxy:/root/colcon_ws/install/realsense_gazebo_plugin:/root/colcon_ws/install/dasc_robot:/root/colcon_ws/install/gatekeeper:/root/colcon_ws/install/experiment LD_LIBRARY_PATH=/root/colcon_ws/install/px4_ros_com/lib:/root/colcon_ws/install/px4_msgs/lib:/root/colcon_ws/install/dasc_msgs/lib:/root/colcon_ws/install/realsense_gazebo_plugin/lib:/root/colcon_ws/install/dasc_robot/lib:/usr/lib/x86_64-linux-gnu/gazebo-11/plugins:/opt/ros/foxy/opt/yaml_cpp_vendor/lib:/opt/ros/foxy/opt/rviz_ogre_vendor/lib:/opt/ros/foxy/lib/x86_64-linux-gnu:/opt/ros/foxy/lib PYTHONPATH=/root/colcon_ws/install/px4_msgs/lib/python3.8/site-packages:/root/colcon_ws/install/dasc_msgs/lib/python3.8/site-packages:/opt/ros/foxy/lib/python3.8/site-packages /usr/bin/cmake --build /root/colcon_ws/build/dasc_robot -- -j16 -l16
[0.087s] [ 11%] Built target dascBots
[0.099s] [35m[1mScanning dependencies of target trajectory_follower[0m
[0.117s] [ 77%] Built target example_control_geometric_acceleration
[0.118s] [ 77%] Built target example_control_multi_rover
[0.118s] [ 77%] Built target example_control_geometric
[0.118s] [ 77%] Built target example_control_geometric_velocity
[0.118s] [ 77%] Built target example_control
[0.118s] [ 77%] Built target joystick_controller
[0.120s] [ 88%] Built target dasc_robot_lib
[0.126s] [ 94%] [32mBuilding CXX object CMakeFiles/trajectory_follower.dir/src/trajectory_follower.cpp.o[0m
[2.379s] /root/colcon_ws/src/robot-framework/src/trajectory_follower.cpp: In member function â€˜void TrajectoryFollower::traj_callback(dasc_msgs::msg::QuadTrajectory_<std::allocator<void> >::SharedPtr)â€™:
[2.380s] /root/colcon_ws/src/robot-framework/src/trajectory_follower.cpp:132:30: error: â€˜const SharedPtrâ€™ {aka â€˜const class std::shared_ptr<dasc_msgs::msg::QuadTrajectory_<std::allocator<void> > >â€™} has no member named â€˜tsâ€™
[2.380s]   132 |     for (size_t i=0; i < msg.ts.size(); i++){
[2.380s]       |                              ^~
[2.380s] /root/colcon_ws/src/robot-framework/src/trajectory_follower.cpp:146:19: error: â€˜QuadSetpointâ€™ {aka â€˜struct dasc_msgs::msg::QuadSetpoint_<std::allocator<void> >â€™} has no member named â€˜yawsâ€™; did you mean â€˜yawâ€™?
[2.380s]   146 |     last_setpoint.yaws = msg->yaws.back();
[2.380s]       |                   ^~~~
[2.380s]       |                   yaw
[2.380s] make[2]: *** [CMakeFiles/trajectory_follower.dir/build.make:63: CMakeFiles/trajectory_follower.dir/src/trajectory_follower.cpp.o] Error 1
[2.380s] make[1]: *** [CMakeFiles/Makefile2:94: CMakeFiles/trajectory_follower.dir/all] Error 2
[2.381s] make: *** [Makefile:141: all] Error 2
[2.383s] Invoked command in '/root/colcon_ws/build/dasc_robot' returned '2': CMAKE_PREFIX_PATH=/root/colcon_ws/install/px4_ros_com:/root/colcon_ws/install/px4_msgs:/root/colcon_ws/install/dasc_msgs:/opt/ros/foxy:/root/colcon_ws/install/realsense_gazebo_plugin:/root/colcon_ws/install/dasc_robot:/root/colcon_ws/install/gatekeeper:/root/colcon_ws/install/experiment LD_LIBRARY_PATH=/root/colcon_ws/install/px4_ros_com/lib:/root/colcon_ws/install/px4_msgs/lib:/root/colcon_ws/install/dasc_msgs/lib:/root/colcon_ws/install/realsense_gazebo_plugin/lib:/root/colcon_ws/install/dasc_robot/lib:/usr/lib/x86_64-linux-gnu/gazebo-11/plugins:/opt/ros/foxy/opt/yaml_cpp_vendor/lib:/opt/ros/foxy/opt/rviz_ogre_vendor/lib:/opt/ros/foxy/lib/x86_64-linux-gnu:/opt/ros/foxy/lib PYTHONPATH=/root/colcon_ws/install/px4_msgs/lib/python3.8/site-packages:/root/colcon_ws/install/dasc_msgs/lib/python3.8/site-packages:/opt/ros/foxy/lib/python3.8/site-packages /usr/bin/cmake --build /root/colcon_ws/build/dasc_robot -- -j16 -l16
