[0.013s] Invoking command in '/root/colcon_ws/build/gatekeeper': CMAKE_PREFIX_PATH=/root/colcon_ws/install/dasc_msgs:/opt/ros/foxy:/root/colcon_ws/install/realsense_gazebo_plugin:/root/colcon_ws/install/px4_ros_com:/root/colcon_ws/install/dasc_robot:/root/colcon_ws/install/px4_msgs:/root/colcon_ws/install/gatekeeper:/root/colcon_ws/install/experiment LD_LIBRARY_PATH=/root/colcon_ws/install/dasc_msgs/lib:/root/colcon_ws/install/realsense_gazebo_plugin/lib:/root/colcon_ws/install/px4_ros_com/lib:/root/colcon_ws/install/dasc_robot/lib:/root/colcon_ws/install/px4_msgs/lib:/usr/lib/x86_64-linux-gnu/gazebo-11/plugins:/opt/ros/foxy/opt/yaml_cpp_vendor/lib:/opt/ros/foxy/opt/rviz_ogre_vendor/lib:/opt/ros/foxy/lib/x86_64-linux-gnu:/opt/ros/foxy/lib PYTHONPATH=/root/colcon_ws/install/dasc_msgs/lib/python3.8/site-packages:/root/colcon_ws/install/px4_msgs/lib/python3.8/site-packages:/opt/ros/foxy/lib/python3.8/site-packages /usr/bin/cmake --build /root/colcon_ws/build/gatekeeper -- -j16 -l16
[0.073s] [35m[1mScanning dependencies of target gatekeeper[0m
[0.095s] [ 40%] Built target nominal_controller
[0.116s] [ 60%] [32mBuilding CXX object CMakeFiles/gatekeeper.dir/src/gatekeeper.cpp.o[0m
[14.200s] In file included from /opt/ros/foxy/include/rclcpp/service.hpp:34,
[14.201s]                  from /opt/ros/foxy/include/rclcpp/callback_group.hpp:25,
[14.201s]                  from /opt/ros/foxy/include/rclcpp/any_executable.hpp:20,
[14.201s]                  from /opt/ros/foxy/include/rclcpp/memory_strategy.hpp:24,
[14.201s]                  from /opt/ros/foxy/include/rclcpp/memory_strategies.hpp:18,
[14.201s]                  from /opt/ros/foxy/include/rclcpp/executor_options.hpp:20,
[14.201s]                  from /opt/ros/foxy/include/rclcpp/executor.hpp:33,
[14.201s]                  from /opt/ros/foxy/include/rclcpp/executors/multi_threaded_executor.hpp:26,
[14.201s]                  from /opt/ros/foxy/include/rclcpp/executors.hpp:21,
[14.201s]                  from /opt/ros/foxy/include/rclcpp/rclcpp.hpp:146,
[14.201s]                  from /root/colcon_ws/src/gatekeeper/include/gatekeeper/gatekeeper.hpp:7,
[14.201s]                  from /root/colcon_ws/src/gatekeeper/src/gatekeeper.cpp:10:
[14.201s] /root/colcon_ws/src/gatekeeper/src/gatekeeper.cpp: In member function â€˜void gatekeeper::Gatekeeper::cloud_callback(sensor_msgs::msg::PointCloud2_<std::allocator<void> >::SharedPtr)â€™:
[14.201s] /root/colcon_ws/src/gatekeeper/src/gatekeeper.cpp:50:9: error: static assertion failed: First argument to logging macros must be an rclcpp::Logger
[14.202s]    50 |         RCLCPP_INFO("failed in transform %s to %s", m_worldFrameId.c_str(), msg->header.frame_id.c_str());
[14.202s]       |         ^~~~~~~~~~~
[14.202s] In file included from /opt/ros/foxy/include/rclcpp/client.hpp:40,
[14.202s]                  from /opt/ros/foxy/include/rclcpp/callback_group.hpp:23,
[14.202s]                  from /opt/ros/foxy/include/rclcpp/any_executable.hpp:20,
[14.202s]                  from /opt/ros/foxy/include/rclcpp/memory_strategy.hpp:24,
[14.202s]                  from /opt/ros/foxy/include/rclcpp/memory_strategies.hpp:18,
[14.202s]                  from /opt/ros/foxy/include/rclcpp/executor_options.hpp:20,
[14.202s]                  from /opt/ros/foxy/include/rclcpp/executor.hpp:33,
[14.202s]                  from /opt/ros/foxy/include/rclcpp/executors/multi_threaded_executor.hpp:26,
[14.202s]                  from /opt/ros/foxy/include/rclcpp/executors.hpp:21,
[14.202s]                  from /opt/ros/foxy/include/rclcpp/rclcpp.hpp:146,
[14.202s]                  from /root/colcon_ws/src/gatekeeper/include/gatekeeper/gatekeeper.hpp:7,
[14.203s]                  from /root/colcon_ws/src/gatekeeper/src/gatekeeper.cpp:10:
[14.203s] /root/colcon_ws/src/gatekeeper/src/gatekeeper.cpp:50:9: error: request for member â€˜get_nameâ€™ in â€˜"failed in transform %s to %s"â€™, which is of non-class type â€˜const char [29]â€™
[14.203s]    50 |         RCLCPP_INFO("failed in transform %s to %s", m_worldFrameId.c_str(), msg->header.frame_id.c_str());
[14.203s]       |         ^~~~~~~~~~~
[14.203s] /root/colcon_ws/src/gatekeeper/src/gatekeeper.cpp:50:9: error: request for member â€˜get_nameâ€™ in â€˜"failed in transform %s to %s"â€™, which is of non-class type â€˜const char [29]â€™
[14.203s]    50 |         RCLCPP_INFO("failed in transform %s to %s", m_worldFrameId.c_str(), msg->header.frame_id.c_str());
[14.203s]       |         ^~~~~~~~~~~
[14.203s] make[2]: *** [CMakeFiles/gatekeeper.dir/build.make:63: CMakeFiles/gatekeeper.dir/src/gatekeeper.cpp.o] Error 1
[14.203s] make[1]: *** [CMakeFiles/Makefile2:80: CMakeFiles/gatekeeper.dir/all] Error 2
[14.203s] make: *** [Makefile:141: all] Error 2
[14.204s] Invoked command in '/root/colcon_ws/build/gatekeeper' returned '2': CMAKE_PREFIX_PATH=/root/colcon_ws/install/dasc_msgs:/opt/ros/foxy:/root/colcon_ws/install/realsense_gazebo_plugin:/root/colcon_ws/install/px4_ros_com:/root/colcon_ws/install/dasc_robot:/root/colcon_ws/install/px4_msgs:/root/colcon_ws/install/gatekeeper:/root/colcon_ws/install/experiment LD_LIBRARY_PATH=/root/colcon_ws/install/dasc_msgs/lib:/root/colcon_ws/install/realsense_gazebo_plugin/lib:/root/colcon_ws/install/px4_ros_com/lib:/root/colcon_ws/install/dasc_robot/lib:/root/colcon_ws/install/px4_msgs/lib:/usr/lib/x86_64-linux-gnu/gazebo-11/plugins:/opt/ros/foxy/opt/yaml_cpp_vendor/lib:/opt/ros/foxy/opt/rviz_ogre_vendor/lib:/opt/ros/foxy/lib/x86_64-linux-gnu:/opt/ros/foxy/lib PYTHONPATH=/root/colcon_ws/install/dasc_msgs/lib/python3.8/site-packages:/root/colcon_ws/install/px4_msgs/lib/python3.8/site-packages:/opt/ros/foxy/lib/python3.8/site-packages /usr/bin/cmake --build /root/colcon_ws/build/gatekeeper -- -j16 -l16
