[0.014s] Invoking command in '/root/colcon_ws/build/gatekeeper': CMAKE_PREFIX_PATH=/root/colcon_ws/install/dasc_msgs:/opt/ros/foxy:/root/colcon_ws/install/realsense_gazebo_plugin:/root/colcon_ws/install/px4_ros_com:/root/colcon_ws/install/dasc_robot:/root/colcon_ws/install/px4_msgs:/root/colcon_ws/install/gatekeeper:/root/colcon_ws/install/experiment LD_LIBRARY_PATH=/root/colcon_ws/install/dasc_msgs/lib:/root/colcon_ws/install/realsense_gazebo_plugin/lib:/root/colcon_ws/install/px4_ros_com/lib:/root/colcon_ws/install/dasc_robot/lib:/root/colcon_ws/install/px4_msgs/lib:/usr/lib/x86_64-linux-gnu/gazebo-11/plugins:/opt/ros/foxy/opt/yaml_cpp_vendor/lib:/opt/ros/foxy/opt/rviz_ogre_vendor/lib:/opt/ros/foxy/lib/x86_64-linux-gnu:/opt/ros/foxy/lib PYTHONPATH=/root/colcon_ws/install/dasc_msgs/lib/python3.8/site-packages:/root/colcon_ws/install/px4_msgs/lib/python3.8/site-packages:/opt/ros/foxy/lib/python3.8/site-packages /usr/bin/cmake --build /root/colcon_ws/build/gatekeeper -- -j16 -l16
[0.077s] [35m[1mScanning dependencies of target nominal_controller[0m
[0.116s] [ 60%] Built target gatekeeper
[0.118s] [ 80%] [32mBuilding CXX object CMakeFiles/nominal_controller.dir/src/nominal_controller.cpp.o[0m
[3.497s] /root/colcon_ws/src/gatekeeper/src/nominal_controller.cpp:134:5: error: expected unqualified-id before â€˜whileâ€™
[3.497s]   134 |     while (true) {
[3.498s]       |     ^~~~~
[3.498s] /root/colcon_ws/src/gatekeeper/src/nominal_controller.cpp:152:5: error: expected unqualified-id before â€˜whileâ€™
[3.498s]   152 |     while (true) {
[3.498s]       |     ^~~~~
[3.498s] /root/colcon_ws/src/gatekeeper/src/nominal_controller.cpp:169:5: error: â€˜traj_pub_â€™ does not name a type
[3.498s]   169 |     traj_pub_ -> publish(msg);
[3.498s]       |     ^~~~~~~~~
[3.498s] In file included from /opt/ros/foxy/include/rclcpp/service.hpp:34,
[3.498s]                  from /opt/ros/foxy/include/rclcpp/callback_group.hpp:25,
[3.498s]                  from /opt/ros/foxy/include/rclcpp/any_executable.hpp:20,
[3.498s]                  from /opt/ros/foxy/include/rclcpp/memory_strategy.hpp:24,
[3.498s]                  from /opt/ros/foxy/include/rclcpp/memory_strategies.hpp:18,
[3.498s]                  from /opt/ros/foxy/include/rclcpp/executor_options.hpp:20,
[3.499s]                  from /opt/ros/foxy/include/rclcpp/executor.hpp:33,
[3.499s]                  from /opt/ros/foxy/include/rclcpp/executors/multi_threaded_executor.hpp:26,
[3.499s]                  from /opt/ros/foxy/include/rclcpp/executors.hpp:21,
[3.499s]                  from /opt/ros/foxy/include/rclcpp/rclcpp.hpp:146,
[3.499s]                  from /root/colcon_ws/src/gatekeeper/src/nominal_controller.cpp:5:
[3.499s] /root/colcon_ws/src/gatekeeper/src/nominal_controller.cpp:170:5: error: expected unqualified-id before â€˜doâ€™
[3.499s]   170 |     RCLCPP_INFO(this->get_logger(), "PUBLISHED");
[3.499s]       |     ^~~~~~~~~~~
[3.499s] /root/colcon_ws/src/gatekeeper/src/nominal_controller.cpp:170:5: error: expected unqualified-id before â€˜whileâ€™
[3.499s]   170 |     RCLCPP_INFO(this->get_logger(), "PUBLISHED");
[3.499s]       |     ^~~~~~~~~~~
[3.499s] /root/colcon_ws/src/gatekeeper/src/nominal_controller.cpp:196:4: error: expected â€˜;â€™ after class definition
[3.499s]   196 |   }
[3.500s]       |    ^
[3.500s]       |    ;
[3.500s] /root/colcon_ws/src/gatekeeper/src/nominal_controller.cpp: In constructor â€˜NominalController::NominalController()â€™:
[3.500s] /root/colcon_ws/src/gatekeeper/src/nominal_controller.cpp:47:39: error: â€˜timer_callbackâ€™ is not a member of â€˜NominalControllerâ€™
[3.500s]    47 |         std::bind(&NominalController::timer_callback, this));
[3.500s]       |                                       ^~~~~~~~~~~~~~
[3.500s] /root/colcon_ws/src/gatekeeper/src/nominal_controller.cpp: In member function â€˜void NominalController::publish_one_trajectory()â€™:
[3.500s] /root/colcon_ws/src/gatekeeper/src/nominal_controller.cpp:116:5: warning: this â€˜whileâ€™ clause does not guard... [-Wmisleading-indentation]
[3.500s]   116 |     while (true);
[3.500s]       |     ^~~~~
[3.500s] /root/colcon_ws/src/gatekeeper/src/nominal_controller.cpp:117:6: note: ...this statement, but the latter is misleadingly indented as if it were guarded by the â€˜whileâ€™
[3.500s]   117 |      double th =  2.0 * M_PI * t / T;
[3.500s]       |      ^~~~~~
[3.500s] /root/colcon_ws/src/gatekeeper/src/nominal_controller.cpp:130:18: error: break statement not within loop or switch
[3.501s]   130 |       if (t > T) break;
[3.501s]       |                  ^~~~~
[3.501s] /root/colcon_ws/src/gatekeeper/src/nominal_controller.cpp:107:9: warning: unused variable â€˜Nâ€™ [-Wunused-variable]
[3.501s]   107 |     int N = (T / dt);
[3.501s]       |         ^
[3.502s] /root/colcon_ws/src/gatekeeper/src/nominal_controller.cpp:113:12: warning: unused variable â€˜Râ€™ [-Wunused-variable]
[3.502s]   113 |     double R = 0.5;
[3.502s]       |            ^
[3.502s] /root/colcon_ws/src/gatekeeper/src/nominal_controller.cpp: In function â€˜void joy_callback(sensor_msgs::msg::Joy_<std::allocator<void> >::SharedPtr)â€™:
[3.502s] /root/colcon_ws/src/gatekeeper/src/nominal_controller.cpp:198:60: warning: unused parameter â€˜msgâ€™ [-Wunused-parameter]
[3.502s]   198 |   void joy_callback(const sensor_msgs::msg::Joy::SharedPtr msg){
[3.502s]       |                     ~~~~~~~~~~~~~~~~~~~~~~~~~~~~~~~~~~~~~~~^~~
[3.502s] /root/colcon_ws/src/gatekeeper/src/nominal_controller.cpp: In function â€˜void timer_callback()â€™:
[3.503s] /root/colcon_ws/src/gatekeeper/src/nominal_controller.cpp:249:4: error: â€˜publish_one_trajectoryâ€™ was not declared in this scope
[3.503s]   249 |    publish_one_trajectory();
[3.503s]       |    ^~~~~~~~~~~~~~~~~~~~~~
[3.503s] /root/colcon_ws/src/gatekeeper/src/nominal_controller.cpp:256:24: error: â€˜last_tf_stampâ€™ was not declared in this scope
[3.503s]   256 |     msg.header.stamp = last_tf_stamp;
[3.503s]       |                        ^~~~~~~~~~~~~
[3.503s] /root/colcon_ws/src/gatekeeper/src/nominal_controller.cpp:260:22: error: â€˜last_xâ€™ was not declared in this scope
[3.503s]   260 |     msg.xs.push_back(last_x);
[3.504s]       |                      ^~~~~~
[3.504s] /root/colcon_ws/src/gatekeeper/src/nominal_controller.cpp:261:22: error: â€˜last_yâ€™ was not declared in this scope
[3.504s]   261 |     msg.ys.push_back(last_y);
[3.504s]       |                      ^~~~~~
[3.504s] /root/colcon_ws/src/gatekeeper/src/nominal_controller.cpp:262:22: error: â€˜last_zâ€™ was not declared in this scope
[3.504s]   262 |     msg.zs.push_back(last_z);
[3.504s]       |                      ^~~~~~
[3.504s] /root/colcon_ws/src/gatekeeper/src/nominal_controller.cpp:263:24: error: â€˜last_yawâ€™ was not declared in this scope
[3.504s]   263 |     msg.yaws.push_back(last_yaw);
[3.504s]       |                        ^~~~~~~~
[3.504s] /root/colcon_ws/src/gatekeeper/src/nominal_controller.cpp:269:22: error: â€˜target_xâ€™ was not declared in this scope
[3.504s]   269 |     msg.xs.push_back(target_x);
[3.504s]       |                      ^~~~~~~~
[3.504s] /root/colcon_ws/src/gatekeeper/src/nominal_controller.cpp:270:22: error: â€˜target_yâ€™ was not declared in this scope
[3.504s]   270 |     msg.ys.push_back(target_y);
[3.504s]       |                      ^~~~~~~~
[3.505s] /root/colcon_ws/src/gatekeeper/src/nominal_controller.cpp:271:22: error: â€˜target_zâ€™ was not declared in this scope
[3.505s]   271 |     msg.zs.push_back(target_z);
[3.505s]       |                      ^~~~~~~~
[3.505s] /root/colcon_ws/src/gatekeeper/src/nominal_controller.cpp:272:24: error: â€˜target_yawâ€™ was not declared in this scope
[3.505s]   272 |     msg.yaws.push_back(target_yaw);
[3.505s]       |                        ^~~~~~~~~~
[3.507s] /root/colcon_ws/src/gatekeeper/src/nominal_controller.cpp:308:5: error: â€˜traj_pub_â€™ was not declared in this scope
[3.508s]   308 |     traj_pub_ -> publish(msg);
[3.508s]       |     ^~~~~~~~~
[3.508s] /root/colcon_ws/src/gatekeeper/src/nominal_controller.cpp: At global scope:
[3.508s] /root/colcon_ws/src/gatekeeper/src/nominal_controller.cpp:311:1: error: expected declaration before â€˜}â€™ token
[3.508s]   311 | }; // class NominalController
[3.509s]       | ^
[3.509s] make[2]: *** [CMakeFiles/nominal_controller.dir/build.make:63: CMakeFiles/nominal_controller.dir/src/nominal_controller.cpp.o] Error 1
[3.509s] make[1]: *** [CMakeFiles/Makefile2:107: CMakeFiles/nominal_controller.dir/all] Error 2
[3.509s] make: *** [Makefile:141: all] Error 2
[3.509s] Invoked command in '/root/colcon_ws/build/gatekeeper' returned '2': CMAKE_PREFIX_PATH=/root/colcon_ws/install/dasc_msgs:/opt/ros/foxy:/root/colcon_ws/install/realsense_gazebo_plugin:/root/colcon_ws/install/px4_ros_com:/root/colcon_ws/install/dasc_robot:/root/colcon_ws/install/px4_msgs:/root/colcon_ws/install/gatekeeper:/root/colcon_ws/install/experiment LD_LIBRARY_PATH=/root/colcon_ws/install/dasc_msgs/lib:/root/colcon_ws/install/realsense_gazebo_plugin/lib:/root/colcon_ws/install/px4_ros_com/lib:/root/colcon_ws/install/dasc_robot/lib:/root/colcon_ws/install/px4_msgs/lib:/usr/lib/x86_64-linux-gnu/gazebo-11/plugins:/opt/ros/foxy/opt/yaml_cpp_vendor/lib:/opt/ros/foxy/opt/rviz_ogre_vendor/lib:/opt/ros/foxy/lib/x86_64-linux-gnu:/opt/ros/foxy/lib PYTHONPATH=/root/colcon_ws/install/dasc_msgs/lib/python3.8/site-packages:/root/colcon_ws/install/px4_msgs/lib/python3.8/site-packages:/opt/ros/foxy/lib/python3.8/site-packages /usr/bin/cmake --build /root/colcon_ws/build/gatekeeper -- -j16 -l16
