[0.010s] Invoking command in '/root/colcon_ws/build/gatekeeper': CMAKE_PREFIX_PATH=/root/colcon_ws/install/dasc_msgs:/opt/ros/foxy:/root/colcon_ws/install/realsense_gazebo_plugin:/root/colcon_ws/install/px4_ros_com:/root/colcon_ws/install/dasc_robot:/root/colcon_ws/install/px4_msgs:/root/colcon_ws/install/gatekeeper:/root/colcon_ws/install/experiment /usr/bin/cmake --build /root/colcon_ws/build/gatekeeper -- -j16 -l16
[0.054s] [35m[1mScanning dependencies of target nominal_controller[0m
[0.084s] [ 50%] [32mBuilding CXX object CMakeFiles/nominal_controller.dir/src/nominal_controller.cpp.o[0m
[1.953s] /root/colcon_ws/src/gatekeeper/src/nominal_controller.cpp: In constructor â€˜NominalController::NominalController()â€™:
[1.953s] /root/colcon_ws/src/gatekeeper/src/nominal_controller.cpp:29:32: error: no matching function for call to â€˜rclcpp::Publisher<dasc_msgs::msg::QuadTrajectory_<std::allocator<void> > >::Publisher()â€™
[1.953s]    29 |     : Node("nominal_controller")
[1.953s]       |                                ^
[1.953s] In file included from /opt/ros/foxy/include/rclcpp/topic_statistics/subscription_topic_statistics.hpp:31,
[1.953s]                  from /opt/ros/foxy/include/rclcpp/subscription.hpp:50,
[1.953s]                  from /opt/ros/foxy/include/rclcpp/any_executable.hpp:25,
[1.953s]                  from /opt/ros/foxy/include/rclcpp/memory_strategy.hpp:24,
[1.953s]                  from /opt/ros/foxy/include/rclcpp/memory_strategies.hpp:18,
[1.954s]                  from /opt/ros/foxy/include/rclcpp/executor_options.hpp:20,
[1.954s]                  from /opt/ros/foxy/include/rclcpp/executor.hpp:33,
[1.954s]                  from /opt/ros/foxy/include/rclcpp/executors/multi_threaded_executor.hpp:26,
[1.954s]                  from /opt/ros/foxy/include/rclcpp/executors.hpp:21,
[1.954s]                  from /opt/ros/foxy/include/rclcpp/rclcpp.hpp:146,
[1.954s]                  from /root/colcon_ws/src/gatekeeper/src/nominal_controller.cpp:5:
[1.954s] /opt/ros/foxy/include/rclcpp/publisher.hpp:73:3: note: candidate: â€˜rclcpp::Publisher<MessageT, AllocatorT>::Publisher(rclcpp::node_interfaces::NodeBaseInterface*, const string&, const rclcpp::QoS&, const rclcpp::PublisherOptionsWithAllocator<AllocatorT>&) [with MessageT = dasc_msgs::msg::QuadTrajectory_<std::allocator<void> >; AllocatorT = std::allocator<void>; std::string = std::__cxx11::basic_string<char>]â€™
[1.954s]    73 |   Publisher(
[1.954s]       |   ^~~~~~~~~
[1.954s] /opt/ros/foxy/include/rclcpp/publisher.hpp:73:3: note:   candidate expects 4 arguments, 0 provided
[1.954s] /opt/ros/foxy/include/rclcpp/publisher.hpp:51:7: note: candidate: â€˜rclcpp::Publisher<dasc_msgs::msg::QuadTrajectory_<std::allocator<void> > >::Publisher(const rclcpp::Publisher<dasc_msgs::msg::QuadTrajectory_<std::allocator<void> > >&)â€™
[1.954s]    51 | class Publisher : public PublisherBase
[1.955s]       |       ^~~~~~~~~
[1.955s] /opt/ros/foxy/include/rclcpp/publisher.hpp:51:7: note:   candidate expects 1 argument, 0 provided
[1.955s] /root/colcon_ws/src/gatekeeper/src/nominal_controller.cpp:32:93: error: no match for â€˜operator=â€™ (operand types are â€˜rclcpp::Publisher<dasc_msgs::msg::QuadTrajectory_<std::allocator<void> > >â€™ and â€˜std::shared_ptr<rclcpp::Publisher<dasc_msgs::msg::QuadTrajectory_<std::allocator<void> > > >â€™)
[1.955s]    32 |     traj_pub_ = this->create_publisher<dasc_msgs::msg::QuadTrajectory>("/committed_traj", 10);
[1.955s]       |                                                                                             ^
[1.955s] In file included from /opt/ros/foxy/include/rclcpp/topic_statistics/subscription_topic_statistics.hpp:31,
[1.955s]                  from /opt/ros/foxy/include/rclcpp/subscription.hpp:50,
[1.955s]                  from /opt/ros/foxy/include/rclcpp/any_executable.hpp:25,
[1.955s]                  from /opt/ros/foxy/include/rclcpp/memory_strategy.hpp:24,
[1.955s]                  from /opt/ros/foxy/include/rclcpp/memory_strategies.hpp:18,
[1.956s]                  from /opt/ros/foxy/include/rclcpp/executor_options.hpp:20,
[1.956s]                  from /opt/ros/foxy/include/rclcpp/executor.hpp:33,
[1.956s]                  from /opt/ros/foxy/include/rclcpp/executors/multi_threaded_executor.hpp:26,
[1.956s]                  from /opt/ros/foxy/include/rclcpp/executors.hpp:21,
[1.956s]                  from /opt/ros/foxy/include/rclcpp/rclcpp.hpp:146,
[1.956s]                  from /root/colcon_ws/src/gatekeeper/src/nominal_controller.cpp:5:
[1.956s] /opt/ros/foxy/include/rclcpp/publisher.hpp:51:7: note: candidate: â€˜rclcpp::Publisher<dasc_msgs::msg::QuadTrajectory_<std::allocator<void> > >& rclcpp::Publisher<dasc_msgs::msg::QuadTrajectory_<std::allocator<void> > >::operator=(const rclcpp::Publisher<dasc_msgs::msg::QuadTrajectory_<std::allocator<void> > >&)â€™ <deleted>
[1.956s]    51 | class Publisher : public PublisherBase
[1.956s]       |       ^~~~~~~~~
[1.957s] /opt/ros/foxy/include/rclcpp/publisher.hpp:51:7: note:   no known conversion for argument 1 from â€˜std::shared_ptr<rclcpp::Publisher<dasc_msgs::msg::QuadTrajectory_<std::allocator<void> > > >â€™ to â€˜const rclcpp::Publisher<dasc_msgs::msg::QuadTrajectory_<std::allocator<void> > >&â€™
[1.957s] /root/colcon_ws/src/gatekeeper/src/nominal_controller.cpp:35:59: error: â€˜_1â€™ was not declared in this scope; did you mean â€˜std::placeholders::_1â€™?
[1.957s]    35 |         std::bind(&NominalController::joy_callback, this, _1));
[1.957s]       |                                                           ^~
[1.957s]       |                                                           std::placeholders::_1
[1.958s] In file included from /root/colcon_ws/src/gatekeeper/src/nominal_controller.cpp:2:
[1.958s] /usr/include/c++/9/functional:211:34: note: â€˜std::placeholders::_1â€™ declared here
[1.959s]   211 |     extern const _Placeholder<1> _1;
[1.959s]       |                                  ^~
[1.959s] /root/colcon_ws/src/gatekeeper/src/nominal_controller.cpp: In member function â€˜void NominalController::timer_callback()â€™:
[1.959s] /root/colcon_ws/src/gatekeeper/src/nominal_controller.cpp:89:11: error: â€˜transformStampedâ€™ was not declared in this scope
[1.959s]    89 |           transformStamped = tf_buffer_->lookupTransform(
[1.959s]       |           ^~~~~~~~~~~~~~~~
[1.959s] /root/colcon_ws/src/gatekeeper/src/nominal_controller.cpp:111:9: error: â€˜using QuadTrajectory = struct dasc_msgs::msg::QuadTrajectory_<std::allocator<void> >â€™ {aka â€˜struct dasc_msgs::msg::QuadTrajectory_<std::allocator<void> >â€™} has no member named â€˜frame_idâ€™
[1.959s]   111 |     msg.frame_id = "world";
[1.959s]       |         ^~~~~~~~
[1.959s] /root/colcon_ws/src/gatekeeper/src/nominal_controller.cpp:142:15: error: base operand of â€˜->â€™ has non-pointer type â€˜rclcpp::Publisher<dasc_msgs::msg::QuadTrajectory_<std::allocator<void> > >â€™
[1.959s]   142 |     traj_pub_ -> publish(msg);
[1.959s]       |               ^~
[1.959s] make[2]: *** [CMakeFiles/nominal_controller.dir/build.make:63: CMakeFiles/nominal_controller.dir/src/nominal_controller.cpp.o] Error 1
[1.959s] make[1]: *** [CMakeFiles/Makefile2:78: CMakeFiles/nominal_controller.dir/all] Error 2
[1.959s] make: *** [Makefile:141: all] Error 2
[1.959s] Invoked command in '/root/colcon_ws/build/gatekeeper' returned '2': CMAKE_PREFIX_PATH=/root/colcon_ws/install/dasc_msgs:/opt/ros/foxy:/root/colcon_ws/install/realsense_gazebo_plugin:/root/colcon_ws/install/px4_ros_com:/root/colcon_ws/install/dasc_robot:/root/colcon_ws/install/px4_msgs:/root/colcon_ws/install/gatekeeper:/root/colcon_ws/install/experiment /usr/bin/cmake --build /root/colcon_ws/build/gatekeeper -- -j16 -l16
