[35m[1mScanning dependencies of target gatekeeper[0m
[ 40%] Built target nominal_controller
[ 60%] [32mBuilding CXX object CMakeFiles/gatekeeper.dir/src/gatekeeper.cpp.o[0m
/root/colcon_ws/src/gatekeeper/src/gatekeeper.cpp: In member function â€˜void gatekeeper::Gatekeeper::cloud_callback(sensor_msgs::msg::PointCloud2_<std::allocator<void> >::SharedPtr)â€™:
/root/colcon_ws/src/gatekeeper/src/gatekeeper.cpp:100:23: error: â€˜PointCloud2â€™ is not a member of â€˜pclâ€™; did you mean â€˜PointCloudâ€™?
  100 |   pcl::VoxelGrid<pcl::PointCloud2> vox;
      |                       ^~~~~~~~~~~
      |                       PointCloud
/root/colcon_ws/src/gatekeeper/src/gatekeeper.cpp:100:23: error: â€˜PointCloud2â€™ is not a member of â€˜pclâ€™; did you mean â€˜PointCloudâ€™?
  100 |   pcl::VoxelGrid<pcl::PointCloud2> vox;
      |                       ^~~~~~~~~~~
      |                       PointCloud
/root/colcon_ws/src/gatekeeper/src/gatekeeper.cpp:100:34: error: template argument 1 is invalid
  100 |   pcl::VoxelGrid<pcl::PointCloud2> vox;
      |                                  ^
/root/colcon_ws/src/gatekeeper/src/gatekeeper.cpp:101:7: error: request for member â€˜setInputCloudâ€™ in â€˜voxâ€™, which is of non-class type â€˜intâ€™
  101 |   vox.setInputCloud(filtered.make_shared());
      |       ^~~~~~~~~~~~~
/root/colcon_ws/src/gatekeeper/src/gatekeeper.cpp:101:30: error: â€˜using PCLPointCloud = class pcl::PointCloud<pcl::PointXYZ>â€™ {aka â€˜class pcl::PointCloud<pcl::PointXYZ>â€™} has no member named â€˜make_sharedâ€™; did you mean â€˜makeSharedâ€™?
  101 |   vox.setInputCloud(filtered.make_shared());
      |                              ^~~~~~~~~~~
      |                              makeShared
/root/colcon_ws/src/gatekeeper/src/gatekeeper.cpp:102:7: error: request for member â€˜setLeafSizeâ€™ in â€˜voxâ€™, which is of non-class type â€˜intâ€™
  102 |   vox.setLeafSize(0.05, 0.05, 0.05);
      |       ^~~~~~~~~~~
/root/colcon_ws/src/gatekeeper/src/gatekeeper.cpp:103:7: error: request for member â€˜filterâ€™ in â€˜voxâ€™, which is of non-class type â€˜intâ€™
  103 |   vox.filter(filtered);
      |       ^~~~~~
make[2]: *** [CMakeFiles/gatekeeper.dir/build.make:63: CMakeFiles/gatekeeper.dir/src/gatekeeper.cpp.o] Error 1
make[1]: *** [CMakeFiles/Makefile2:80: CMakeFiles/gatekeeper.dir/all] Error 2
make: *** [Makefile:141: all] Error 2
