[0.010s] Invoking command in '/root/colcon_ws/build/gatekeeper': CMAKE_PREFIX_PATH=/root/colcon_ws/install/dasc_msgs:/opt/ros/foxy:/root/colcon_ws/install/realsense_gazebo_plugin:/root/colcon_ws/install/px4_ros_com:/root/colcon_ws/install/dasc_robot:/root/colcon_ws/install/px4_msgs:/root/colcon_ws/install/gatekeeper:/root/colcon_ws/install/experiment LD_LIBRARY_PATH=/root/colcon_ws/install/dasc_msgs/lib:/root/colcon_ws/install/realsense_gazebo_plugin/lib:/root/colcon_ws/install/px4_ros_com/lib:/root/colcon_ws/install/dasc_robot/lib:/root/colcon_ws/install/px4_msgs/lib:/usr/lib/x86_64-linux-gnu/gazebo-11/plugins:/opt/ros/foxy/opt/yaml_cpp_vendor/lib:/opt/ros/foxy/opt/rviz_ogre_vendor/lib:/opt/ros/foxy/lib/x86_64-linux-gnu:/opt/ros/foxy/lib PYTHONPATH=/root/colcon_ws/install/dasc_msgs/lib/python3.8/site-packages:/root/colcon_ws/install/px4_msgs/lib/python3.8/site-packages:/opt/ros/foxy/lib/python3.8/site-packages /usr/bin/cmake --build /root/colcon_ws/build/gatekeeper -- -j16 -l16
[0.037s] -- Found ament_cmake: 0.9.9 (/opt/ros/foxy/share/ament_cmake/cmake)
[0.058s] -- Using PYTHON_EXECUTABLE: /usr/bin/python3
[0.193s] -- Override CMake install command with custom implementation using symlinks instead of copying resources
[0.199s] -- Found sensor_msgs: 2.0.4 (/opt/ros/foxy/share/sensor_msgs/cmake)
[0.215s] -- Using all available rosidl_typesupport_c: rosidl_typesupport_fastrtps_c;rosidl_typesupport_introspection_c
[0.217s] -- Found rosidl_adapter: 1.2.1 (/opt/ros/foxy/share/rosidl_adapter/cmake)
[0.337s] -- Using all available rosidl_typesupport_cpp: rosidl_typesupport_fastrtps_cpp;rosidl_typesupport_introspection_cpp
[0.455s] -- Found dasc_msgs: 0.0.0 (/root/colcon_ws/install/dasc_msgs/share/dasc_msgs/cmake)
[0.475s] -- Found rclcpp: 2.4.0 (/opt/ros/foxy/share/rclcpp/cmake)
[0.499s] -- Found rmw_implementation_cmake: 1.0.3 (/opt/ros/foxy/share/rmw_implementation_cmake/cmake)
[0.500s] -- Using RMW implementation 'rmw_fastrtps_cpp' as default
[0.601s] -- Found tf2: 0.13.12 (/opt/ros/foxy/share/tf2/cmake)
[0.611s] -- Found tf2_ros: 0.13.12 (/opt/ros/foxy/share/tf2_ros/cmake)
[0.853s] -- Eigen found (include: /usr/include/eigen3, version: 3.3.7)
[0.931s] -- The imported target "vtkParseOGLExt" references the file
[0.932s]    "/usr/bin/vtkParseOGLExt-7.1"
[0.932s] but this file does not exist.  Possible reasons include:
[0.932s] * The file was deleted, renamed, or moved to another location.
[0.932s] * An install or uninstall procedure did not complete successfully.
[0.932s] * The installation package was faulty and contained
[0.932s]    "/usr/lib/cmake/vtk-7.1/VTKTargets.cmake"
[0.932s] but not all the files it references.
[0.932s] 
[0.932s] -- The imported target "vtkRenderingPythonTkWidgets" references the file
[0.932s]    "/usr/lib/x86_64-linux-gnu/libvtkRenderingPythonTkWidgets.so"
[0.932s] but this file does not exist.  Possible reasons include:
[0.932s] * The file was deleted, renamed, or moved to another location.
[0.932s] * An install or uninstall procedure did not complete successfully.
[0.933s] * The installation package was faulty and contained
[0.933s]    "/usr/lib/cmake/vtk-7.1/VTKTargets.cmake"
[0.933s] but not all the files it references.
[0.933s] 
[0.933s] -- The imported target "vtk" references the file
[0.933s]    "/usr/bin/vtk"
[0.933s] but this file does not exist.  Possible reasons include:
[0.933s] * The file was deleted, renamed, or moved to another location.
[0.933s] * An install or uninstall procedure did not complete successfully.
[0.933s] * The installation package was faulty and contained
[0.933s]    "/usr/lib/cmake/vtk-7.1/VTKTargets.cmake"
[0.933s] but not all the files it references.
[0.933s] 
[0.933s] -- The imported target "pvtk" references the file
[0.934s]    "/usr/bin/pvtk"
[0.934s] but this file does not exist.  Possible reasons include:
[0.934s] * The file was deleted, renamed, or moved to another location.
[0.934s] * An install or uninstall procedure did not complete successfully.
[0.934s] * The installation package was faulty and contained
[0.934s]    "/usr/lib/cmake/vtk-7.1/VTKTargets.cmake"
[0.934s] but not all the files it references.
[0.934s] 
[0.950s] -- OpenNI found (include: /usr/include/ni, lib: /usr/lib/libOpenNI.so)
[0.956s] -- OpenNI2 found (include: /usr/include/openni2, lib: /usr/lib/libOpenNI2.so)
[0.957s] ** WARNING ** io features related to pcap will be disabled
[0.957s] ** WARNING ** io features related to png will be disabled
[0.968s] ** WARNING ** io features related to libusb-1.0 will be disabled
[0.974s] -- OpenNI found (include: /usr/include/ni, lib: /usr/lib/libOpenNI.so)
[0.977s] -- OpenNI2 found (include: /usr/include/openni2, lib: /usr/lib/libOpenNI2.so)
[0.987s] -- QHULL found (include: /usr/include, lib: optimized;/usr/lib/x86_64-linux-gnu/libqhull.so;debug;/usr/lib/x86_64-linux-gnu/libqhull.so)
[0.992s] -- OpenNI found (include: /usr/include/ni, lib: /usr/lib/libOpenNI.so)
[1.002s] -- looking for PCL_COMMON
[1.002s] -- looking for PCL_KDTREE
[1.003s] -- looking for PCL_OCTREE
[1.003s] -- looking for PCL_SEARCH
[1.004s] -- looking for PCL_SAMPLE_CONSENSUS
[1.004s] -- looking for PCL_FILTERS
[1.005s] -- looking for PCL_2D
[1.005s] -- looking for PCL_GEOMETRY
[1.005s] -- looking for PCL_IO
[1.006s] -- looking for PCL_FEATURES
[1.006s] -- looking for PCL_ML
[1.007s] -- looking for PCL_SEGMENTATION
[1.007s] -- looking for PCL_VISUALIZATION
[1.008s] -- looking for PCL_SURFACE
[1.008s] -- looking for PCL_REGISTRATION
[1.009s] -- looking for PCL_KEYPOINTS
[1.009s] -- looking for PCL_TRACKING
[1.009s] -- looking for PCL_RECOGNITION
[1.010s] -- looking for PCL_STEREO
[1.011s] -- looking for PCL_APPS
[1.011s] -- looking for PCL_IN_HAND_SCANNER
[1.012s] -- looking for PCL_POINT_CLOUD_EDITOR
[1.012s] -- looking for PCL_OUTOFCORE
[1.013s] -- looking for PCL_PEOPLE
[1.016s] -- Found ament_lint_auto: 0.9.6 (/opt/ros/foxy/share/ament_lint_auto/cmake)
[1.079s] -- Added test 'copyright' to check source files copyright and LICENSE
[1.079s] -- Added test 'cppcheck' to perform static code analysis on C / C++ code
[1.080s] -- Configured cppcheck include dirs: /root/colcon_ws/src/gatekeeper/include
[1.080s] -- Configured cppcheck exclude dirs and/or files: 
[1.081s] -- Added test 'cpplint' to check C / C++ code against the Google style
[1.081s] -- Configured cpplint exclude dirs and/or files: 
[1.081s] -- Added test 'lint_cmake' to check CMake code style
[1.082s] -- Added test 'uncrustify' to check C / C++ code style
[1.082s] -- Configured uncrustify additional arguments: 
[1.082s] -- Added test 'xmllint' to check XML markup files
[1.086s] -- Configuring done
[1.124s] -- Generating done
[1.126s] -- Build files have been written to: /root/colcon_ws/build/gatekeeper
[1.156s] [35m[1mScanning dependencies of target nominal_controller[0m
[1.181s] [ 40%] [32mBuilding CXX object CMakeFiles/nominal_controller.dir/src/nominal_controller.cpp.o[0m
[1.181s] [ 80%] Built target gatekeeper
[1.353s] [01m[K/root/colcon_ws/src/gatekeeper/src/nominal_controller.cpp:8:10:[m[K [01;31m[Kfatal error: [m[Kbuiltin_interfaces/msg/Time.hpp: No such file or directory
[1.353s]     8 | #include [01;31m[K<builtin_interfaces/msg/Time.hpp>[m[K
[1.353s]       |          [01;31m[K^~~~~~~~~~~~~~~~~~~~~~~~~~~~~~~~~[m[K
[1.354s] compilation terminated.
[1.354s] make[2]: *** [CMakeFiles/nominal_controller.dir/build.make:63: CMakeFiles/nominal_controller.dir/src/nominal_controller.cpp.o] Error 1
[1.355s] make[1]: *** [CMakeFiles/Makefile2:107: CMakeFiles/nominal_controller.dir/all] Error 2
[1.355s] make: *** [Makefile:141: all] Error 2
[1.357s] Invoked command in '/root/colcon_ws/build/gatekeeper' returned '2': CMAKE_PREFIX_PATH=/root/colcon_ws/install/dasc_msgs:/opt/ros/foxy:/root/colcon_ws/install/realsense_gazebo_plugin:/root/colcon_ws/install/px4_ros_com:/root/colcon_ws/install/dasc_robot:/root/colcon_ws/install/px4_msgs:/root/colcon_ws/install/gatekeeper:/root/colcon_ws/install/experiment LD_LIBRARY_PATH=/root/colcon_ws/install/dasc_msgs/lib:/root/colcon_ws/install/realsense_gazebo_plugin/lib:/root/colcon_ws/install/px4_ros_com/lib:/root/colcon_ws/install/dasc_robot/lib:/root/colcon_ws/install/px4_msgs/lib:/usr/lib/x86_64-linux-gnu/gazebo-11/plugins:/opt/ros/foxy/opt/yaml_cpp_vendor/lib:/opt/ros/foxy/opt/rviz_ogre_vendor/lib:/opt/ros/foxy/lib/x86_64-linux-gnu:/opt/ros/foxy/lib PYTHONPATH=/root/colcon_ws/install/dasc_msgs/lib/python3.8/site-packages:/root/colcon_ws/install/px4_msgs/lib/python3.8/site-packages:/opt/ros/foxy/lib/python3.8/site-packages /usr/bin/cmake --build /root/colcon_ws/build/gatekeeper -- -j16 -l16
