[0.008s] Invoking command in '/root/colcon_ws/build/gatekeeper': CMAKE_PREFIX_PATH=/root/colcon_ws/install/dasc_msgs:/opt/ros/foxy:/root/colcon_ws/install/realsense_gazebo_plugin:/root/colcon_ws/install/px4_ros_com:/root/colcon_ws/install/dasc_robot:/root/colcon_ws/install/px4_msgs:/root/colcon_ws/install/gatekeeper:/root/colcon_ws/install/experiment LD_LIBRARY_PATH=/root/colcon_ws/install/dasc_msgs/lib:/root/colcon_ws/install/realsense_gazebo_plugin/lib:/root/colcon_ws/install/px4_ros_com/lib:/root/colcon_ws/install/dasc_robot/lib:/root/colcon_ws/install/px4_msgs/lib:/usr/lib/x86_64-linux-gnu/gazebo-11/plugins:/opt/ros/foxy/opt/yaml_cpp_vendor/lib:/opt/ros/foxy/opt/rviz_ogre_vendor/lib:/opt/ros/foxy/lib/x86_64-linux-gnu:/opt/ros/foxy/lib PYTHONPATH=/root/colcon_ws/install/dasc_msgs/lib/python3.8/site-packages:/root/colcon_ws/install/px4_msgs/lib/python3.8/site-packages:/opt/ros/foxy/lib/python3.8/site-packages /usr/bin/cmake --build /root/colcon_ws/build/gatekeeper -- -j16 -l16
[0.051s] [35m[1mScanning dependencies of target nominal_controller[0m
[0.052s] [35m[1mScanning dependencies of target gatekeeper[0m
[0.076s] [ 20%] [32mBuilding CXX object CMakeFiles/nominal_controller.dir/src/nominal_controller.cpp.o[0m
[0.093s] [ 40%] [32mBuilding CXX object CMakeFiles/gatekeeper.dir/src/gatekeeper.cpp.o[0m
[1.654s] In file included from [01m[K/root/colcon_ws/src/gatekeeper/src/gatekeeper.cpp:10[m[K:
[1.655s] [01m[K/root/colcon_ws/src/gatekeeper/include/gatekeeper/gatekeeper.hpp:11:2:[m[K [01;31m[Kerror: [m[Kinvalid preprocessing directive #incldue; did you mean #include?
[1.655s]    11 | #[01;31m[Kincldue[m[K <dasc_msgs/msg/quad_trajectory.hpp>
[1.655s]       |  [01;31m[K^~~~~~~[m[K
[1.655s]       |  [32m[Kinclude[m[K
[3.036s] [ 60%] [32m[1mLinking CXX executable nominal_controller[0m
[3.177s] [ 60%] Built target nominal_controller
[6.011s] In file included from [01m[K/root/colcon_ws/src/gatekeeper/src/gatekeeper.cpp:10[m[K:
[6.011s] [01m[K/root/colcon_ws/src/gatekeeper/include/gatekeeper/gatekeeper.hpp:43:26:[m[K [01;31m[Kerror: [m[Kâ€˜[01m[Kdasc_msgs[m[Kâ€™ was not declared in this scope
[6.011s]    43 |     rclcpp::Subscription<[01;31m[Kdasc_msgs[m[K::msg::QuadTrajectory>::SharedPtr m_nominalTrajSub;
[6.011s]       |                          [01;31m[K^~~~~~~~~[m[K
[6.011s] [01m[K/root/colcon_ws/src/gatekeeper/include/gatekeeper/gatekeeper.hpp:43:56:[m[K [01;31m[Kerror: [m[Ktemplate argument 1 is invalid
[6.012s]    43 |     rclcpp::Subscription<dasc_msgs::msg::QuadTrajectory[01;31m[K>[m[K::SharedPtr m_nominalTrajSub;
[6.012s]       |                                                        [01;31m[K^[m[K
[6.012s] [01m[K/root/colcon_ws/src/gatekeeper/include/gatekeeper/gatekeeper.hpp:43:56:[m[K [01;31m[Kerror: [m[Ktemplate argument 3 is invalid
[6.012s] [01m[K/root/colcon_ws/src/gatekeeper/include/gatekeeper/gatekeeper.hpp:43:59:[m[K [01;31m[Kerror: [m[Kexpected â€˜[01m[K;[m[Kâ€™ at end of member declaration
[6.012s]    43 |     rclcpp::Subscription<dasc_msgs::msg::QuadTrajectory>::[01;31m[KSharedPtr[m[K m_nominalTrajSub;
[6.012s]       |                                                           [01;31m[K^~~~~~~~~[m[K
[6.012s]       |                                                                    [32m[K;[m[K
[6.017s] [01m[K/root/colcon_ws/src/gatekeeper/include/gatekeeper/gatekeeper.hpp:43:69:[m[K [01;31m[Kerror: [m[Kâ€˜[01m[Km_nominalTrajSub[m[Kâ€™ does not name a type
[6.018s]    43 |     rclcpp::Subscription<dasc_msgs::msg::QuadTrajectory>::SharedPtr [01;31m[Km_nominalTrajSub[m[K;
[6.018s]       |                                                                     [01;31m[K^~~~~~~~~~~~~~~~[m[K
[6.046s] [01m[K/root/colcon_ws/src/gatekeeper/src/gatekeeper.cpp:[m[K In constructor â€˜[01m[Kgatekeeper::Gatekeeper::Gatekeeper()[m[Kâ€™:
[6.047s] [01m[K/root/colcon_ws/src/gatekeeper/src/gatekeeper.cpp:24:3:[m[K [01;31m[Kerror: [m[Kâ€˜[01m[Km_nominalTrajSub[m[Kâ€™ was not declared in this scope
[6.047s]    24 |   [01;31m[Km_nominalTrajSub[m[K = this->create_subscription<dasc_msgs::msg::QuadTrajectory>("/nominal_trajectory", 10,
[6.047s]       |   [01;31m[K^~~~~~~~~~~~~~~~[m[K
[6.051s] [01m[K/root/colcon_ws/src/gatekeeper/src/gatekeeper.cpp:24:48:[m[K [01;31m[Kerror: [m[Kâ€˜[01m[Kdasc_msgs[m[Kâ€™ was not declared in this scope
[6.051s]    24 |   m_nominalTrajSub = this->create_subscription<[01;31m[Kdasc_msgs[m[K::msg::QuadTrajectory>("/nominal_trajectory", 10,
[6.051s]       |                                                [01;31m[K^~~~~~~~~[m[K
[6.051s] [01m[K/root/colcon_ws/src/gatekeeper/src/gatekeeper.cpp:24:28:[m[K [01;31m[Kerror: [m[Kparse error in template argument list
[6.051s]    24 |   m_nominalTrajSub = this->[01;31m[Kcreate_subscription<dasc_msgs::msg::QuadTrajectory>[m[K("/nominal_trajectory", 10,
[6.051s]       |                            [01;31m[K^~~~~~~~~~~~~~~~~~~~~~~~~~~~~~~~~~~~~~~~~~~~~~~~~~~[m[K
[6.051s] [01m[K/root/colcon_ws/src/gatekeeper/src/gatekeeper.cpp:25:30:[m[K [01;31m[Kerror: [m[Kâ€˜[01m[KnominalTraj_callback[m[Kâ€™ is not a member of â€˜[01m[Kgatekeeper::Gatekeeper[m[Kâ€™
[6.051s]    25 |       std::bind(&Gatekeeper::[01;31m[KnominalTraj_callback[m[K, this, ph::_1));
[6.051s]       |                              [01;31m[K^~~~~~~~~~~~~~~~~~~~[m[K
[6.079s] [01m[K/root/colcon_ws/src/gatekeeper/src/gatekeeper.cpp:[m[K At global scope:
[6.079s] [01m[K/root/colcon_ws/src/gatekeeper/src/gatekeeper.cpp:118:45:[m[K [01;31m[Kerror: [m[Kâ€˜[01m[Kdasc_msgs[m[Kâ€™ does not name a type
[6.079s]   118 | void Gatekeeper::nominalTraj_callback(const [01;31m[Kdasc_msgs[m[K::msg::QuadTrajectory msg){
[6.079s]       |                                             [01;31m[K^~~~~~~~~[m[K
[6.080s] [01m[K/root/colcon_ws/src/gatekeeper/src/gatekeeper.cpp:118:59:[m[K [01;31m[Kerror: [m[Kexpected unqualified-id before â€˜[01m[K::[m[Kâ€™ token
[6.080s]   118 | void Gatekeeper::nominalTraj_callback(const dasc_msgs::msg[01;31m[K::[m[KQuadTrajectory msg){
[6.080s]       |                                                           [01;31m[K^~[m[K
[6.080s] [01m[K/root/colcon_ws/src/gatekeeper/src/gatekeeper.cpp:118:59:[m[K [01;31m[Kerror: [m[Kexpected â€˜[01m[K)[m[Kâ€™ before â€˜[01m[K::[m[Kâ€™ token
[6.080s]   118 | void Gatekeeper::nominalTraj_callback[34m[K([m[Kconst dasc_msgs::msg[01;31m[K:[m[K[32m[K:[m[KQuadTrajectory msg){
[6.080s]       |                                      [34m[K~[m[K                    [01;31m[K^[m[K[32m[K~[m[K
[6.080s]       |                                                           [32m[K)[m[K
[6.080s] [01m[K/root/colcon_ws/src/gatekeeper/src/gatekeeper.cpp:118:59:[m[K [01;31m[Kerror: [m[Kexpected initializer before â€˜[01m[K::[m[Kâ€™ token
[6.080s]   118 | void Gatekeeper::nominalTraj_callback(const dasc_msgs::msg[01;31m[K::[m[KQuadTrajectory msg){
[6.080s]       |                                                           [01;31m[K^~[m[K
[10.250s] make[2]: *** [CMakeFiles/gatekeeper.dir/build.make:63: CMakeFiles/gatekeeper.dir/src/gatekeeper.cpp.o] Error 1
[10.250s] make[1]: *** [CMakeFiles/Makefile2:80: CMakeFiles/gatekeeper.dir/all] Error 2
[10.250s] make: *** [Makefile:141: all] Error 2
[10.253s] Invoked command in '/root/colcon_ws/build/gatekeeper' returned '2': CMAKE_PREFIX_PATH=/root/colcon_ws/install/dasc_msgs:/opt/ros/foxy:/root/colcon_ws/install/realsense_gazebo_plugin:/root/colcon_ws/install/px4_ros_com:/root/colcon_ws/install/dasc_robot:/root/colcon_ws/install/px4_msgs:/root/colcon_ws/install/gatekeeper:/root/colcon_ws/install/experiment LD_LIBRARY_PATH=/root/colcon_ws/install/dasc_msgs/lib:/root/colcon_ws/install/realsense_gazebo_plugin/lib:/root/colcon_ws/install/px4_ros_com/lib:/root/colcon_ws/install/dasc_robot/lib:/root/colcon_ws/install/px4_msgs/lib:/usr/lib/x86_64-linux-gnu/gazebo-11/plugins:/opt/ros/foxy/opt/yaml_cpp_vendor/lib:/opt/ros/foxy/opt/rviz_ogre_vendor/lib:/opt/ros/foxy/lib/x86_64-linux-gnu:/opt/ros/foxy/lib PYTHONPATH=/root/colcon_ws/install/dasc_msgs/lib/python3.8/site-packages:/root/colcon_ws/install/px4_msgs/lib/python3.8/site-packages:/opt/ros/foxy/lib/python3.8/site-packages /usr/bin/cmake --build /root/colcon_ws/build/gatekeeper -- -j16 -l16
