[35m[1mScanning dependencies of target nominal_controller[0m
[ 40%] [32mBuilding CXX object CMakeFiles/nominal_controller.dir/src/nominal_controller.cpp.o[0m
[ 80%] Built target gatekeeper
/root/colcon_ws/src/gatekeeper/src/nominal_controller.cpp:134:5: error: expected unqualified-id before â€˜whileâ€™
  134 |     while (true) {
      |     ^~~~~
/root/colcon_ws/src/gatekeeper/src/nominal_controller.cpp:152:5: error: expected unqualified-id before â€˜whileâ€™
  152 |     while (true) {
      |     ^~~~~
/root/colcon_ws/src/gatekeeper/src/nominal_controller.cpp:169:5: error: â€˜traj_pub_â€™ does not name a type
  169 |     traj_pub_ -> publish(msg);
      |     ^~~~~~~~~
In file included from /opt/ros/foxy/include/rclcpp/service.hpp:34,
                 from /opt/ros/foxy/include/rclcpp/callback_group.hpp:25,
                 from /opt/ros/foxy/include/rclcpp/any_executable.hpp:20,
                 from /opt/ros/foxy/include/rclcpp/memory_strategy.hpp:24,
                 from /opt/ros/foxy/include/rclcpp/memory_strategies.hpp:18,
                 from /opt/ros/foxy/include/rclcpp/executor_options.hpp:20,
                 from /opt/ros/foxy/include/rclcpp/executor.hpp:33,
                 from /opt/ros/foxy/include/rclcpp/executors/multi_threaded_executor.hpp:26,
                 from /opt/ros/foxy/include/rclcpp/executors.hpp:21,
                 from /opt/ros/foxy/include/rclcpp/rclcpp.hpp:146,
                 from /root/colcon_ws/src/gatekeeper/src/nominal_controller.cpp:5:
/root/colcon_ws/src/gatekeeper/src/nominal_controller.cpp:170:5: error: expected unqualified-id before â€˜doâ€™
  170 |     RCLCPP_INFO(this->get_logger(), "PUBLISHED");
      |     ^~~~~~~~~~~
/root/colcon_ws/src/gatekeeper/src/nominal_controller.cpp:170:5: error: expected unqualified-id before â€˜whileâ€™
  170 |     RCLCPP_INFO(this->get_logger(), "PUBLISHED");
      |     ^~~~~~~~~~~
/root/colcon_ws/src/gatekeeper/src/nominal_controller.cpp:196:4: error: expected â€˜;â€™ after class definition
  196 |   }
      |    ^
      |    ;
/root/colcon_ws/src/gatekeeper/src/nominal_controller.cpp: In constructor â€˜NominalController::NominalController()â€™:
/root/colcon_ws/src/gatekeeper/src/nominal_controller.cpp:47:39: error: â€˜timer_callbackâ€™ is not a member of â€˜NominalControllerâ€™
   47 |         std::bind(&NominalController::timer_callback, this));
      |                                       ^~~~~~~~~~~~~~
/root/colcon_ws/src/gatekeeper/src/nominal_controller.cpp: In member function â€˜void NominalController::publish_one_trajectory()â€™:
/root/colcon_ws/src/gatekeeper/src/nominal_controller.cpp:116:5: warning: this â€˜whileâ€™ clause does not guard... [-Wmisleading-indentation]
  116 |     while (true);
      |     ^~~~~
/root/colcon_ws/src/gatekeeper/src/nominal_controller.cpp:117:6: note: ...this statement, but the latter is misleadingly indented as if it were guarded by the â€˜whileâ€™
  117 |      double th =  2.0 * M_PI * t / T;
      |      ^~~~~~
/root/colcon_ws/src/gatekeeper/src/nominal_controller.cpp:130:18: error: break statement not within loop or switch
  130 |       if (t > T) break;
      |                  ^~~~~
/root/colcon_ws/src/gatekeeper/src/nominal_controller.cpp:107:9: warning: unused variable â€˜Nâ€™ [-Wunused-variable]
  107 |     int N = (T / dt);
      |         ^
/root/colcon_ws/src/gatekeeper/src/nominal_controller.cpp:113:12: warning: unused variable â€˜Râ€™ [-Wunused-variable]
  113 |     double R = 0.5;
      |            ^
/root/colcon_ws/src/gatekeeper/src/nominal_controller.cpp: In function â€˜void joy_callback(sensor_msgs::msg::Joy_<std::allocator<void> >::SharedPtr)â€™:
/root/colcon_ws/src/gatekeeper/src/nominal_controller.cpp:202:35: error: â€˜tf_buffer_â€™ was not declared in this scope
  202 |           auto transformStamped = tf_buffer_->lookupTransform(
      |                                   ^~~~~~~~~~
/root/colcon_ws/src/gatekeeper/src/nominal_controller.cpp:206:11: error: â€˜last_xâ€™ was not declared in this scope
  206 |           last_x = transformStamped.transform.translation.x;
      |           ^~~~~~
/root/colcon_ws/src/gatekeeper/src/nominal_controller.cpp:207:11: error: â€˜last_yâ€™ was not declared in this scope
  207 |           last_y = transformStamped.transform.translation.y;
      |           ^~~~~~
/root/colcon_ws/src/gatekeeper/src/nominal_controller.cpp:208:11: error: â€˜last_zâ€™ was not declared in this scope
  208 |           last_z = transformStamped.transform.translation.z;
      |           ^~~~~~
/root/colcon_ws/src/gatekeeper/src/nominal_controller.cpp:209:11: error: â€˜last_tf_stampâ€™ was not declared in this scope
  209 |           last_tf_stamp = transformStamped.header.stamp;
      |           ^~~~~~~~~~~~~
In file included from /opt/ros/foxy/include/rclcpp/service.hpp:34,
                 from /opt/ros/foxy/include/rclcpp/callback_group.hpp:25,
                 from /opt/ros/foxy/include/rclcpp/any_executable.hpp:20,
                 from /opt/ros/foxy/include/rclcpp/memory_strategy.hpp:24,
                 from /opt/ros/foxy/include/rclcpp/memory_strategies.hpp:18,
                 from /opt/ros/foxy/include/rclcpp/executor_options.hpp:20,
                 from /opt/ros/foxy/include/rclcpp/executor.hpp:33,
                 from /opt/ros/foxy/include/rclcpp/executors/multi_threaded_executor.hpp:26,
                 from /opt/ros/foxy/include/rclcpp/executors.hpp:21,
                 from /opt/ros/foxy/include/rclcpp/rclcpp.hpp:146,
                 from /root/colcon_ws/src/gatekeeper/src/nominal_controller.cpp:5:
/root/colcon_ws/src/gatekeeper/src/nominal_controller.cpp:213:11: error: invalid use of â€˜thisâ€™ in non-member function
  213 |           this->get_logger(), "Could not transform %s to %s: %s",
      |           ^~~~
/root/colcon_ws/src/gatekeeper/src/nominal_controller.cpp:213:11: error: invalid use of â€˜thisâ€™ in non-member function
/root/colcon_ws/src/gatekeeper/src/nominal_controller.cpp:212:9: error: template argument 1 is invalid
  212 |         RCLCPP_INFO(
      |         ^~~~~~~~~~~
/root/colcon_ws/src/gatekeeper/src/nominal_controller.cpp:212:9: error: template argument 1 is invalid
  212 |         RCLCPP_INFO(
      |         ^~~~~~~~~~~
/root/colcon_ws/src/gatekeeper/src/nominal_controller.cpp:212:9: error: template argument 1 is invalid
  212 |         RCLCPP_INFO(
      |         ^~~~~~~~~~~
In file included from /opt/ros/foxy/include/rclcpp/client.hpp:40,
                 from /opt/ros/foxy/include/rclcpp/callback_group.hpp:23,
                 from /opt/ros/foxy/include/rclcpp/any_executable.hpp:20,
                 from /opt/ros/foxy/include/rclcpp/memory_strategy.hpp:24,
                 from /opt/ros/foxy/include/rclcpp/memory_strategies.hpp:18,
                 from /opt/ros/foxy/include/rclcpp/executor_options.hpp:20,
                 from /opt/ros/foxy/include/rclcpp/executor.hpp:33,
                 from /opt/ros/foxy/include/rclcpp/executors/multi_threaded_executor.hpp:26,
                 from /opt/ros/foxy/include/rclcpp/executors.hpp:21,
                 from /opt/ros/foxy/include/rclcpp/rclcpp.hpp:146,
                 from /root/colcon_ws/src/gatekeeper/src/nominal_controller.cpp:5:
/root/colcon_ws/src/gatekeeper/src/nominal_controller.cpp:213:11: error: invalid use of â€˜thisâ€™ in non-member function
  213 |           this->get_logger(), "Could not transform %s to %s: %s",
      |           ^~~~
/root/colcon_ws/src/gatekeeper/src/nominal_controller.cpp:213:11: error: invalid use of â€˜thisâ€™ in non-member function
  213 |           this->get_logger(), "Could not transform %s to %s: %s",
      |           ^~~~
/root/colcon_ws/src/gatekeeper/src/nominal_controller.cpp:225:5: error: â€˜target_xâ€™ was not declared in this scope
  225 |     target_x += cmd_pitch/10.0;
      |     ^~~~~~~~
/root/colcon_ws/src/gatekeeper/src/nominal_controller.cpp:226:5: error: â€˜target_yâ€™ was not declared in this scope
  226 |     target_y += cmd_roll/10.0;
      |     ^~~~~~~~
/root/colcon_ws/src/gatekeeper/src/nominal_controller.cpp:227:5: error: â€˜target_zâ€™ was not declared in this scope
  227 |     target_z += cmd_throttle/10.0;
      |     ^~~~~~~~
/root/colcon_ws/src/gatekeeper/src/nominal_controller.cpp:228:5: error: â€˜target_yawâ€™ was not declared in this scope
  228 |     target_yaw += cmd_yaw / 10.0;
      |     ^~~~~~~~~~
/root/colcon_ws/src/gatekeeper/src/nominal_controller.cpp:232:25: error: â€˜last_xâ€™ was not declared in this scope
  232 |     target_x = std::max(last_x - 1.0, std::min(target_x, last_x + 1.0));
      |                         ^~~~~~
/root/colcon_ws/src/gatekeeper/src/nominal_controller.cpp:233:25: error: â€˜last_yâ€™ was not declared in this scope
  233 |     target_y = std::max(last_y - 1.0, std::min(target_y, last_y + 1.0));
      |                         ^~~~~~
/root/colcon_ws/src/gatekeeper/src/nominal_controller.cpp:234:25: error: â€˜last_zâ€™ was not declared in this scope
  234 |     target_z = std::max(last_z - 1.0, std::min(target_z, last_z + 1.0));
      |                         ^~~~~~
/root/colcon_ws/src/gatekeeper/src/nominal_controller.cpp:235:18: error: â€˜clampToPiâ€™ was not declared in this scope
  235 |     target_yaw = clampToPi(target_yaw);
      |                  ^~~~~~~~~
In file included from /opt/ros/foxy/include/rclcpp/service.hpp:34,
                 from /opt/ros/foxy/include/rclcpp/callback_group.hpp:25,
                 from /opt/ros/foxy/include/rclcpp/any_executable.hpp:20,
                 from /opt/ros/foxy/include/rclcpp/memory_strategy.hpp:24,
                 from /opt/ros/foxy/include/rclcpp/memory_strategies.hpp:18,
                 from /opt/ros/foxy/include/rclcpp/executor_options.hpp:20,
                 from /opt/ros/foxy/include/rclcpp/executor.hpp:33,
                 from /opt/ros/foxy/include/rclcpp/executors/multi_threaded_executor.hpp:26,
                 from /opt/ros/foxy/include/rclcpp/executors.hpp:21,
                 from /opt/ros/foxy/include/rclcpp/rclcpp.hpp:146,
                 from /root/colcon_ws/src/gatekeeper/src/nominal_controller.cpp:5:
/root/colcon_ws/src/gatekeeper/src/nominal_controller.cpp:237:17: error: invalid use of â€˜thisâ€™ in non-member function
  237 |     RCLCPP_INFO(this->get_logger(), "TARGET %f, %f, %f, %f", target_x, target_y, target_z, target_yaw);
      |                 ^~~~
/root/colcon_ws/src/gatekeeper/src/nominal_controller.cpp:237:17: error: invalid use of â€˜thisâ€™ in non-member function
/root/colcon_ws/src/gatekeeper/src/nominal_controller.cpp:237:5: error: template argument 1 is invalid
  237 |     RCLCPP_INFO(this->get_logger(), "TARGET %f, %f, %f, %f", target_x, target_y, target_z, target_yaw);
      |     ^~~~~~~~~~~
/root/colcon_ws/src/gatekeeper/src/nominal_controller.cpp:237:5: error: template argument 1 is invalid
  237 |     RCLCPP_INFO(this->get_logger(), "TARGET %f, %f, %f, %f", target_x, target_y, target_z, target_yaw);
      |     ^~~~~~~~~~~
/root/colcon_ws/src/gatekeeper/src/nominal_controller.cpp:237:5: error: template argument 1 is invalid
  237 |     RCLCPP_INFO(this->get_logger(), "TARGET %f, %f, %f, %f", target_x, target_y, target_z, target_yaw);
      |     ^~~~~~~~~~~
In file included from /opt/ros/foxy/include/rclcpp/client.hpp:40,
                 from /opt/ros/foxy/include/rclcpp/callback_group.hpp:23,
                 from /opt/ros/foxy/include/rclcpp/any_executable.hpp:20,
                 from /opt/ros/foxy/include/rclcpp/memory_strategy.hpp:24,
                 from /opt/ros/foxy/include/rclcpp/memory_strategies.hpp:18,
                 from /opt/ros/foxy/include/rclcpp/executor_options.hpp:20,
                 from /opt/ros/foxy/include/rclcpp/executor.hpp:33,
                 from /opt/ros/foxy/include/rclcpp/executors/multi_threaded_executor.hpp:26,
                 from /opt/ros/foxy/include/rclcpp/executors.hpp:21,
                 from /opt/ros/foxy/include/rclcpp/rclcpp.hpp:146,
                 from /root/colcon_ws/src/gatekeeper/src/nominal_controller.cpp:5:
/root/colcon_ws/src/gatekeeper/src/nominal_controller.cpp:237:17: error: invalid use of â€˜thisâ€™ in non-member function
  237 |     RCLCPP_INFO(this->get_logger(), "TARGET %f, %f, %f, %f", target_x, target_y, target_z, target_yaw);
      |                 ^~~~
/root/colcon_ws/src/gatekeeper/src/nominal_controller.cpp:237:17: error: invalid use of â€˜thisâ€™ in non-member function
  237 |     RCLCPP_INFO(this->get_logger(), "TARGET %f, %f, %f, %f", target_x, target_y, target_z, target_yaw);
      |                 ^~~~
/root/colcon_ws/src/gatekeeper/src/nominal_controller.cpp: In function â€˜void timer_callback()â€™:
/root/colcon_ws/src/gatekeeper/src/nominal_controller.cpp:249:4: error: â€˜publish_one_trajectoryâ€™ was not declared in this scope
  249 |    publish_one_trajectory();
      |    ^~~~~~~~~~~~~~~~~~~~~~
/root/colcon_ws/src/gatekeeper/src/nominal_controller.cpp:256:24: error: â€˜last_tf_stampâ€™ was not declared in this scope
  256 |     msg.header.stamp = last_tf_stamp;
      |                        ^~~~~~~~~~~~~
/root/colcon_ws/src/gatekeeper/src/nominal_controller.cpp:260:22: error: â€˜last_xâ€™ was not declared in this scope
  260 |     msg.xs.push_back(last_x);
      |                      ^~~~~~
/root/colcon_ws/src/gatekeeper/src/nominal_controller.cpp:261:22: error: â€˜last_yâ€™ was not declared in this scope
  261 |     msg.ys.push_back(last_y);
      |                      ^~~~~~
/root/colcon_ws/src/gatekeeper/src/nominal_controller.cpp:262:22: error: â€˜last_zâ€™ was not declared in this scope
  262 |     msg.zs.push_back(last_z);
      |                      ^~~~~~
/root/colcon_ws/src/gatekeeper/src/nominal_controller.cpp:263:24: error: â€˜last_yawâ€™ was not declared in this scope
  263 |     msg.yaws.push_back(last_yaw);
      |                        ^~~~~~~~
/root/colcon_ws/src/gatekeeper/src/nominal_controller.cpp:269:22: error: â€˜target_xâ€™ was not declared in this scope
  269 |     msg.xs.push_back(target_x);
      |                      ^~~~~~~~
/root/colcon_ws/src/gatekeeper/src/nominal_controller.cpp:270:22: error: â€˜target_yâ€™ was not declared in this scope
  270 |     msg.ys.push_back(target_y);
      |                      ^~~~~~~~
/root/colcon_ws/src/gatekeeper/src/nominal_controller.cpp:271:22: error: â€˜target_zâ€™ was not declared in this scope
  271 |     msg.zs.push_back(target_z);
      |                      ^~~~~~~~
/root/colcon_ws/src/gatekeeper/src/nominal_controller.cpp:272:24: error: â€˜target_yawâ€™ was not declared in this scope
  272 |     msg.yaws.push_back(target_yaw);
      |                        ^~~~~~~~~~
/root/colcon_ws/src/gatekeeper/src/nominal_controller.cpp:308:5: error: â€˜traj_pub_â€™ was not declared in this scope
  308 |     traj_pub_ -> publish(msg);
      |     ^~~~~~~~~
/root/colcon_ws/src/gatekeeper/src/nominal_controller.cpp: At global scope:
/root/colcon_ws/src/gatekeeper/src/nominal_controller.cpp:311:1: error: expected declaration before â€˜}â€™ token
  311 | }; // class NominalController
      | ^
make[2]: *** [CMakeFiles/nominal_controller.dir/build.make:63: CMakeFiles/nominal_controller.dir/src/nominal_controller.cpp.o] Error 1
make[1]: *** [CMakeFiles/Makefile2:107: CMakeFiles/nominal_controller.dir/all] Error 2
make: *** [Makefile:141: all] Error 2
