[0.016s] Invoking command in '/root/colcon_ws/build/gatekeeper': CMAKE_PREFIX_PATH=/root/colcon_ws/install/dasc_msgs:/opt/ros/foxy:/root/colcon_ws/install/realsense_gazebo_plugin:/root/colcon_ws/install/px4_ros_com:/root/colcon_ws/install/dasc_robot:/root/colcon_ws/install/px4_msgs:/root/colcon_ws/install/gatekeeper:/root/colcon_ws/install/experiment LD_LIBRARY_PATH=/root/colcon_ws/install/dasc_msgs/lib:/root/colcon_ws/install/realsense_gazebo_plugin/lib:/root/colcon_ws/install/px4_ros_com/lib:/root/colcon_ws/install/dasc_robot/lib:/root/colcon_ws/install/px4_msgs/lib:/usr/lib/x86_64-linux-gnu/gazebo-11/plugins:/opt/ros/foxy/opt/yaml_cpp_vendor/lib:/opt/ros/foxy/opt/rviz_ogre_vendor/lib:/opt/ros/foxy/lib/x86_64-linux-gnu:/opt/ros/foxy/lib PYTHONPATH=/root/colcon_ws/install/dasc_msgs/lib/python3.8/site-packages:/root/colcon_ws/install/px4_msgs/lib/python3.8/site-packages:/opt/ros/foxy/lib/python3.8/site-packages /usr/bin/cmake --build /root/colcon_ws/build/gatekeeper -- -j16 -l16
[0.086s] [35m[1mScanning dependencies of target nominal_controller[0m
[0.122s] [ 40%] [32mBuilding CXX object CMakeFiles/nominal_controller.dir/src/nominal_controller.cpp.o[0m
[0.123s] [ 80%] Built target gatekeeper
[3.511s] /root/colcon_ws/src/gatekeeper/src/nominal_controller.cpp:134:5: error: expected unqualified-id before â€˜whileâ€™
[3.511s]   134 |     while (true) {
[3.511s]       |     ^~~~~
[3.511s] /root/colcon_ws/src/gatekeeper/src/nominal_controller.cpp:152:5: error: expected unqualified-id before â€˜whileâ€™
[3.511s]   152 |     while (true) {
[3.511s]       |     ^~~~~
[3.511s] /root/colcon_ws/src/gatekeeper/src/nominal_controller.cpp:169:5: error: â€˜traj_pub_â€™ does not name a type
[3.511s]   169 |     traj_pub_ -> publish(msg);
[3.511s]       |     ^~~~~~~~~
[3.511s] In file included from /opt/ros/foxy/include/rclcpp/service.hpp:34,
[3.512s]                  from /opt/ros/foxy/include/rclcpp/callback_group.hpp:25,
[3.512s]                  from /opt/ros/foxy/include/rclcpp/any_executable.hpp:20,
[3.512s]                  from /opt/ros/foxy/include/rclcpp/memory_strategy.hpp:24,
[3.512s]                  from /opt/ros/foxy/include/rclcpp/memory_strategies.hpp:18,
[3.512s]                  from /opt/ros/foxy/include/rclcpp/executor_options.hpp:20,
[3.512s]                  from /opt/ros/foxy/include/rclcpp/executor.hpp:33,
[3.512s]                  from /opt/ros/foxy/include/rclcpp/executors/multi_threaded_executor.hpp:26,
[3.512s]                  from /opt/ros/foxy/include/rclcpp/executors.hpp:21,
[3.512s]                  from /opt/ros/foxy/include/rclcpp/rclcpp.hpp:146,
[3.512s]                  from /root/colcon_ws/src/gatekeeper/src/nominal_controller.cpp:5:
[3.512s] /root/colcon_ws/src/gatekeeper/src/nominal_controller.cpp:170:5: error: expected unqualified-id before â€˜doâ€™
[3.512s]   170 |     RCLCPP_INFO(this->get_logger(), "PUBLISHED");
[3.512s]       |     ^~~~~~~~~~~
[3.512s] /root/colcon_ws/src/gatekeeper/src/nominal_controller.cpp:170:5: error: expected unqualified-id before â€˜whileâ€™
[3.512s]   170 |     RCLCPP_INFO(this->get_logger(), "PUBLISHED");
[3.512s]       |     ^~~~~~~~~~~
[3.513s] /root/colcon_ws/src/gatekeeper/src/nominal_controller.cpp:196:4: error: expected â€˜;â€™ after class definition
[3.513s]   196 |   }
[3.513s]       |    ^
[3.513s]       |    ;
[3.513s] /root/colcon_ws/src/gatekeeper/src/nominal_controller.cpp: In constructor â€˜NominalController::NominalController()â€™:
[3.513s] /root/colcon_ws/src/gatekeeper/src/nominal_controller.cpp:47:39: error: â€˜timer_callbackâ€™ is not a member of â€˜NominalControllerâ€™
[3.513s]    47 |         std::bind(&NominalController::timer_callback, this));
[3.513s]       |                                       ^~~~~~~~~~~~~~
[3.513s] /root/colcon_ws/src/gatekeeper/src/nominal_controller.cpp: In member function â€˜void NominalController::publish_one_trajectory()â€™:
[3.513s] /root/colcon_ws/src/gatekeeper/src/nominal_controller.cpp:116:5: warning: this â€˜whileâ€™ clause does not guard... [-Wmisleading-indentation]
[3.513s]   116 |     while (true);
[3.513s]       |     ^~~~~
[3.513s] /root/colcon_ws/src/gatekeeper/src/nominal_controller.cpp:117:6: note: ...this statement, but the latter is misleadingly indented as if it were guarded by the â€˜whileâ€™
[3.513s]   117 |      double th =  2.0 * M_PI * t / T;
[3.514s]       |      ^~~~~~
[3.514s] /root/colcon_ws/src/gatekeeper/src/nominal_controller.cpp:130:18: error: break statement not within loop or switch
[3.514s]   130 |       if (t > T) break;
[3.514s]       |                  ^~~~~
[3.514s] /root/colcon_ws/src/gatekeeper/src/nominal_controller.cpp:107:9: warning: unused variable â€˜Nâ€™ [-Wunused-variable]
[3.514s]   107 |     int N = (T / dt);
[3.515s]       |         ^
[3.515s] /root/colcon_ws/src/gatekeeper/src/nominal_controller.cpp:113:12: warning: unused variable â€˜Râ€™ [-Wunused-variable]
[3.515s]   113 |     double R = 0.5;
[3.515s]       |            ^
[3.515s] /root/colcon_ws/src/gatekeeper/src/nominal_controller.cpp: In function â€˜void joy_callback(sensor_msgs::msg::Joy_<std::allocator<void> >::SharedPtr)â€™:
[3.515s] /root/colcon_ws/src/gatekeeper/src/nominal_controller.cpp:202:35: error: â€˜tf_buffer_â€™ was not declared in this scope
[3.515s]   202 |           auto transformStamped = tf_buffer_->lookupTransform(
[3.515s]       |                                   ^~~~~~~~~~
[3.515s] /root/colcon_ws/src/gatekeeper/src/nominal_controller.cpp:206:11: error: â€˜last_xâ€™ was not declared in this scope
[3.515s]   206 |           last_x = transformStamped.transform.translation.x;
[3.515s]       |           ^~~~~~
[3.516s] /root/colcon_ws/src/gatekeeper/src/nominal_controller.cpp:207:11: error: â€˜last_yâ€™ was not declared in this scope
[3.516s]   207 |           last_y = transformStamped.transform.translation.y;
[3.516s]       |           ^~~~~~
[3.516s] /root/colcon_ws/src/gatekeeper/src/nominal_controller.cpp:208:11: error: â€˜last_zâ€™ was not declared in this scope
[3.516s]   208 |           last_z = transformStamped.transform.translation.z;
[3.516s]       |           ^~~~~~
[3.516s] /root/colcon_ws/src/gatekeeper/src/nominal_controller.cpp:209:11: error: â€˜last_tf_stampâ€™ was not declared in this scope
[3.516s]   209 |           last_tf_stamp = transformStamped.header.stamp;
[3.516s]       |           ^~~~~~~~~~~~~
[3.516s] In file included from /opt/ros/foxy/include/rclcpp/service.hpp:34,
[3.516s]                  from /opt/ros/foxy/include/rclcpp/callback_group.hpp:25,
[3.516s]                  from /opt/ros/foxy/include/rclcpp/any_executable.hpp:20,
[3.517s]                  from /opt/ros/foxy/include/rclcpp/memory_strategy.hpp:24,
[3.517s]                  from /opt/ros/foxy/include/rclcpp/memory_strategies.hpp:18,
[3.517s]                  from /opt/ros/foxy/include/rclcpp/executor_options.hpp:20,
[3.517s]                  from /opt/ros/foxy/include/rclcpp/executor.hpp:33,
[3.517s]                  from /opt/ros/foxy/include/rclcpp/executors/multi_threaded_executor.hpp:26,
[3.517s]                  from /opt/ros/foxy/include/rclcpp/executors.hpp:21,
[3.517s]                  from /opt/ros/foxy/include/rclcpp/rclcpp.hpp:146,
[3.517s]                  from /root/colcon_ws/src/gatekeeper/src/nominal_controller.cpp:5:
[3.517s] /root/colcon_ws/src/gatekeeper/src/nominal_controller.cpp:213:11: error: invalid use of â€˜thisâ€™ in non-member function
[3.517s]   213 |           this->get_logger(), "Could not transform %s to %s: %s",
[3.517s]       |           ^~~~
[3.517s] /root/colcon_ws/src/gatekeeper/src/nominal_controller.cpp:213:11: error: invalid use of â€˜thisâ€™ in non-member function
[3.517s] /root/colcon_ws/src/gatekeeper/src/nominal_controller.cpp:212:9: error: template argument 1 is invalid
[3.517s]   212 |         RCLCPP_INFO(
[3.517s]       |         ^~~~~~~~~~~
[3.517s] /root/colcon_ws/src/gatekeeper/src/nominal_controller.cpp:212:9: error: template argument 1 is invalid
[3.518s]   212 |         RCLCPP_INFO(
[3.518s]       |         ^~~~~~~~~~~
[3.518s] /root/colcon_ws/src/gatekeeper/src/nominal_controller.cpp:212:9: error: template argument 1 is invalid
[3.518s]   212 |         RCLCPP_INFO(
[3.518s]       |         ^~~~~~~~~~~
[3.518s] In file included from /opt/ros/foxy/include/rclcpp/client.hpp:40,
[3.518s]                  from /opt/ros/foxy/include/rclcpp/callback_group.hpp:23,
[3.518s]                  from /opt/ros/foxy/include/rclcpp/any_executable.hpp:20,
[3.518s]                  from /opt/ros/foxy/include/rclcpp/memory_strategy.hpp:24,
[3.518s]                  from /opt/ros/foxy/include/rclcpp/memory_strategies.hpp:18,
[3.518s]                  from /opt/ros/foxy/include/rclcpp/executor_options.hpp:20,
[3.518s]                  from /opt/ros/foxy/include/rclcpp/executor.hpp:33,
[3.518s]                  from /opt/ros/foxy/include/rclcpp/executors/multi_threaded_executor.hpp:26,
[3.518s]                  from /opt/ros/foxy/include/rclcpp/executors.hpp:21,
[3.519s]                  from /opt/ros/foxy/include/rclcpp/rclcpp.hpp:146,
[3.519s]                  from /root/colcon_ws/src/gatekeeper/src/nominal_controller.cpp:5:
[3.519s] /root/colcon_ws/src/gatekeeper/src/nominal_controller.cpp:213:11: error: invalid use of â€˜thisâ€™ in non-member function
[3.519s]   213 |           this->get_logger(), "Could not transform %s to %s: %s",
[3.519s]       |           ^~~~
[3.519s] /root/colcon_ws/src/gatekeeper/src/nominal_controller.cpp:213:11: error: invalid use of â€˜thisâ€™ in non-member function
[3.519s]   213 |           this->get_logger(), "Could not transform %s to %s: %s",
[3.519s]       |           ^~~~
[3.519s] /root/colcon_ws/src/gatekeeper/src/nominal_controller.cpp:225:5: error: â€˜target_xâ€™ was not declared in this scope
[3.519s]   225 |     target_x += cmd_pitch/10.0;
[3.519s]       |     ^~~~~~~~
[3.519s] /root/colcon_ws/src/gatekeeper/src/nominal_controller.cpp:226:5: error: â€˜target_yâ€™ was not declared in this scope
[3.519s]   226 |     target_y += cmd_roll/10.0;
[3.519s]       |     ^~~~~~~~
[3.519s] /root/colcon_ws/src/gatekeeper/src/nominal_controller.cpp:227:5: error: â€˜target_zâ€™ was not declared in this scope
[3.519s]   227 |     target_z += cmd_throttle/10.0;
[3.520s]       |     ^~~~~~~~
[3.520s] /root/colcon_ws/src/gatekeeper/src/nominal_controller.cpp:228:5: error: â€˜target_yawâ€™ was not declared in this scope
[3.520s]   228 |     target_yaw += cmd_yaw / 10.0;
[3.520s]       |     ^~~~~~~~~~
[3.520s] /root/colcon_ws/src/gatekeeper/src/nominal_controller.cpp:232:25: error: â€˜last_xâ€™ was not declared in this scope
[3.520s]   232 |     target_x = std::max(last_x - 1.0, std::min(target_x, last_x + 1.0));
[3.520s]       |                         ^~~~~~
[3.520s] /root/colcon_ws/src/gatekeeper/src/nominal_controller.cpp:233:25: error: â€˜last_yâ€™ was not declared in this scope
[3.520s]   233 |     target_y = std::max(last_y - 1.0, std::min(target_y, last_y + 1.0));
[3.520s]       |                         ^~~~~~
[3.520s] /root/colcon_ws/src/gatekeeper/src/nominal_controller.cpp:234:25: error: â€˜last_zâ€™ was not declared in this scope
[3.520s]   234 |     target_z = std::max(last_z - 1.0, std::min(target_z, last_z + 1.0));
[3.520s]       |                         ^~~~~~
[3.520s] /root/colcon_ws/src/gatekeeper/src/nominal_controller.cpp:235:18: error: â€˜clampToPiâ€™ was not declared in this scope
[3.520s]   235 |     target_yaw = clampToPi(target_yaw);
[3.521s]       |                  ^~~~~~~~~
[3.521s] In file included from /opt/ros/foxy/include/rclcpp/service.hpp:34,
[3.521s]                  from /opt/ros/foxy/include/rclcpp/callback_group.hpp:25,
[3.521s]                  from /opt/ros/foxy/include/rclcpp/any_executable.hpp:20,
[3.521s]                  from /opt/ros/foxy/include/rclcpp/memory_strategy.hpp:24,
[3.521s]                  from /opt/ros/foxy/include/rclcpp/memory_strategies.hpp:18,
[3.521s]                  from /opt/ros/foxy/include/rclcpp/executor_options.hpp:20,
[3.521s]                  from /opt/ros/foxy/include/rclcpp/executor.hpp:33,
[3.521s]                  from /opt/ros/foxy/include/rclcpp/executors/multi_threaded_executor.hpp:26,
[3.521s]                  from /opt/ros/foxy/include/rclcpp/executors.hpp:21,
[3.521s]                  from /opt/ros/foxy/include/rclcpp/rclcpp.hpp:146,
[3.522s]                  from /root/colcon_ws/src/gatekeeper/src/nominal_controller.cpp:5:
[3.522s] /root/colcon_ws/src/gatekeeper/src/nominal_controller.cpp:237:17: error: invalid use of â€˜thisâ€™ in non-member function
[3.522s]   237 |     RCLCPP_INFO(this->get_logger(), "TARGET %f, %f, %f, %f", target_x, target_y, target_z, target_yaw);
[3.522s]       |                 ^~~~
[3.522s] /root/colcon_ws/src/gatekeeper/src/nominal_controller.cpp:237:17: error: invalid use of â€˜thisâ€™ in non-member function
[3.522s] /root/colcon_ws/src/gatekeeper/src/nominal_controller.cpp:237:5: error: template argument 1 is invalid
[3.522s]   237 |     RCLCPP_INFO(this->get_logger(), "TARGET %f, %f, %f, %f", target_x, target_y, target_z, target_yaw);
[3.522s]       |     ^~~~~~~~~~~
[3.522s] /root/colcon_ws/src/gatekeeper/src/nominal_controller.cpp:237:5: error: template argument 1 is invalid
[3.522s]   237 |     RCLCPP_INFO(this->get_logger(), "TARGET %f, %f, %f, %f", target_x, target_y, target_z, target_yaw);
[3.523s]       |     ^~~~~~~~~~~
[3.523s] /root/colcon_ws/src/gatekeeper/src/nominal_controller.cpp:237:5: error: template argument 1 is invalid
[3.523s]   237 |     RCLCPP_INFO(this->get_logger(), "TARGET %f, %f, %f, %f", target_x, target_y, target_z, target_yaw);
[3.523s]       |     ^~~~~~~~~~~
[3.523s] In file included from /opt/ros/foxy/include/rclcpp/client.hpp:40,
[3.523s]                  from /opt/ros/foxy/include/rclcpp/callback_group.hpp:23,
[3.523s]                  from /opt/ros/foxy/include/rclcpp/any_executable.hpp:20,
[3.523s]                  from /opt/ros/foxy/include/rclcpp/memory_strategy.hpp:24,
[3.523s]                  from /opt/ros/foxy/include/rclcpp/memory_strategies.hpp:18,
[3.523s]                  from /opt/ros/foxy/include/rclcpp/executor_options.hpp:20,
[3.523s]                  from /opt/ros/foxy/include/rclcpp/executor.hpp:33,
[3.523s]                  from /opt/ros/foxy/include/rclcpp/executors/multi_threaded_executor.hpp:26,
[3.523s]                  from /opt/ros/foxy/include/rclcpp/executors.hpp:21,
[3.523s]                  from /opt/ros/foxy/include/rclcpp/rclcpp.hpp:146,
[3.523s]                  from /root/colcon_ws/src/gatekeeper/src/nominal_controller.cpp:5:
[3.523s] /root/colcon_ws/src/gatekeeper/src/nominal_controller.cpp:237:17: error: invalid use of â€˜thisâ€™ in non-member function
[3.524s]   237 |     RCLCPP_INFO(this->get_logger(), "TARGET %f, %f, %f, %f", target_x, target_y, target_z, target_yaw);
[3.524s]       |                 ^~~~
[3.524s] /root/colcon_ws/src/gatekeeper/src/nominal_controller.cpp:237:17: error: invalid use of â€˜thisâ€™ in non-member function
[3.526s]   237 |     RCLCPP_INFO(this->get_logger(), "TARGET %f, %f, %f, %f", target_x, target_y, target_z, target_yaw);
[3.527s]       |                 ^~~~
[3.527s] /root/colcon_ws/src/gatekeeper/src/nominal_controller.cpp: In function â€˜void timer_callback()â€™:
[3.527s] /root/colcon_ws/src/gatekeeper/src/nominal_controller.cpp:249:4: error: â€˜publish_one_trajectoryâ€™ was not declared in this scope
[3.528s]   249 |    publish_one_trajectory();
[3.528s]       |    ^~~~~~~~~~~~~~~~~~~~~~
[3.528s] /root/colcon_ws/src/gatekeeper/src/nominal_controller.cpp:256:24: error: â€˜last_tf_stampâ€™ was not declared in this scope
[3.528s]   256 |     msg.header.stamp = last_tf_stamp;
[3.528s]       |                        ^~~~~~~~~~~~~
[3.528s] /root/colcon_ws/src/gatekeeper/src/nominal_controller.cpp:260:22: error: â€˜last_xâ€™ was not declared in this scope
[3.528s]   260 |     msg.xs.push_back(last_x);
[3.528s]       |                      ^~~~~~
[3.528s] /root/colcon_ws/src/gatekeeper/src/nominal_controller.cpp:261:22: error: â€˜last_yâ€™ was not declared in this scope
[3.528s]   261 |     msg.ys.push_back(last_y);
[3.528s]       |                      ^~~~~~
[3.529s] /root/colcon_ws/src/gatekeeper/src/nominal_controller.cpp:262:22: error: â€˜last_zâ€™ was not declared in this scope
[3.529s]   262 |     msg.zs.push_back(last_z);
[3.529s]       |                      ^~~~~~
[3.529s] /root/colcon_ws/src/gatekeeper/src/nominal_controller.cpp:263:24: error: â€˜last_yawâ€™ was not declared in this scope
[3.530s]   263 |     msg.yaws.push_back(last_yaw);
[3.531s]       |                        ^~~~~~~~
[3.531s] /root/colcon_ws/src/gatekeeper/src/nominal_controller.cpp:269:22: error: â€˜target_xâ€™ was not declared in this scope
[3.531s]   269 |     msg.xs.push_back(target_x);
[3.532s]       |                      ^~~~~~~~
[3.532s] /root/colcon_ws/src/gatekeeper/src/nominal_controller.cpp:270:22: error: â€˜target_yâ€™ was not declared in this scope
[3.532s]   270 |     msg.ys.push_back(target_y);
[3.532s]       |                      ^~~~~~~~
[3.532s] /root/colcon_ws/src/gatekeeper/src/nominal_controller.cpp:271:22: error: â€˜target_zâ€™ was not declared in this scope
[3.532s]   271 |     msg.zs.push_back(target_z);
[3.532s]       |                      ^~~~~~~~
[3.532s] /root/colcon_ws/src/gatekeeper/src/nominal_controller.cpp:272:24: error: â€˜target_yawâ€™ was not declared in this scope
[3.532s]   272 |     msg.yaws.push_back(target_yaw);
[3.532s]       |                        ^~~~~~~~~~
[3.533s] /root/colcon_ws/src/gatekeeper/src/nominal_controller.cpp:308:5: error: â€˜traj_pub_â€™ was not declared in this scope
[3.533s]   308 |     traj_pub_ -> publish(msg);
[3.533s]       |     ^~~~~~~~~
[3.533s] /root/colcon_ws/src/gatekeeper/src/nominal_controller.cpp: At global scope:
[3.533s] /root/colcon_ws/src/gatekeeper/src/nominal_controller.cpp:311:1: error: expected declaration before â€˜}â€™ token
[3.533s]   311 | }; // class NominalController
[3.533s]       | ^
[3.533s] make[2]: *** [CMakeFiles/nominal_controller.dir/build.make:63: CMakeFiles/nominal_controller.dir/src/nominal_controller.cpp.o] Error 1
[3.533s] make[1]: *** [CMakeFiles/Makefile2:107: CMakeFiles/nominal_controller.dir/all] Error 2
[3.533s] make: *** [Makefile:141: all] Error 2
[3.534s] Invoked command in '/root/colcon_ws/build/gatekeeper' returned '2': CMAKE_PREFIX_PATH=/root/colcon_ws/install/dasc_msgs:/opt/ros/foxy:/root/colcon_ws/install/realsense_gazebo_plugin:/root/colcon_ws/install/px4_ros_com:/root/colcon_ws/install/dasc_robot:/root/colcon_ws/install/px4_msgs:/root/colcon_ws/install/gatekeeper:/root/colcon_ws/install/experiment LD_LIBRARY_PATH=/root/colcon_ws/install/dasc_msgs/lib:/root/colcon_ws/install/realsense_gazebo_plugin/lib:/root/colcon_ws/install/px4_ros_com/lib:/root/colcon_ws/install/dasc_robot/lib:/root/colcon_ws/install/px4_msgs/lib:/usr/lib/x86_64-linux-gnu/gazebo-11/plugins:/opt/ros/foxy/opt/yaml_cpp_vendor/lib:/opt/ros/foxy/opt/rviz_ogre_vendor/lib:/opt/ros/foxy/lib/x86_64-linux-gnu:/opt/ros/foxy/lib PYTHONPATH=/root/colcon_ws/install/dasc_msgs/lib/python3.8/site-packages:/root/colcon_ws/install/px4_msgs/lib/python3.8/site-packages:/opt/ros/foxy/lib/python3.8/site-packages /usr/bin/cmake --build /root/colcon_ws/build/gatekeeper -- -j16 -l16
