[0.009s] Invoking command in '/root/colcon_ws/build/gatekeeper': CMAKE_PREFIX_PATH=/root/colcon_ws/install/dasc_msgs:/opt/ros/foxy:/root/colcon_ws/install/realsense_gazebo_plugin:/root/colcon_ws/install/px4_ros_com:/root/colcon_ws/install/dasc_robot:/root/colcon_ws/install/px4_msgs:/root/colcon_ws/install/gatekeeper:/root/colcon_ws/install/experiment LD_LIBRARY_PATH=/root/colcon_ws/install/dasc_msgs/lib:/root/colcon_ws/install/realsense_gazebo_plugin/lib:/root/colcon_ws/install/px4_ros_com/lib:/root/colcon_ws/install/dasc_robot/lib:/root/colcon_ws/install/px4_msgs/lib:/usr/lib/x86_64-linux-gnu/gazebo-11/plugins:/opt/ros/foxy/opt/yaml_cpp_vendor/lib:/opt/ros/foxy/opt/rviz_ogre_vendor/lib:/opt/ros/foxy/lib/x86_64-linux-gnu:/opt/ros/foxy/lib PYTHONPATH=/root/colcon_ws/install/dasc_msgs/lib/python3.8/site-packages:/root/colcon_ws/install/px4_msgs/lib/python3.8/site-packages:/opt/ros/foxy/lib/python3.8/site-packages /usr/bin/cmake --build /root/colcon_ws/build/gatekeeper -- -j16 -l16
[0.049s] [35m[1mScanning dependencies of target gatekeeper[0m
[0.069s] [ 40%] Built target nominal_controller
[0.087s] [ 60%] [32mBuilding CXX object CMakeFiles/gatekeeper.dir/src/gatekeeper.cpp.o[0m
[10.129s] /root/colcon_ws/src/gatekeeper/src/gatekeeper.cpp: In member function â€˜void gatekeeper::Gatekeeper::nominalTraj_callback(dasc_msgs::msg::QuadTrajectory_<std::allocator<void> >::SharedPtr)â€™:
[10.129s] /root/colcon_ws/src/gatekeeper/src/gatekeeper.cpp:126:34: error: â€˜const SharedPtrâ€™ {aka â€˜const class std::shared_ptr<dasc_msgs::msg::QuadTrajectory_<std::allocator<void> > >â€™} has no member named â€˜tsâ€™
[10.129s]   126 |     com_msg.ts.push_back(nom_msg.ts[i]);
[10.129s]       |                                  ^~
[10.130s] /root/colcon_ws/src/gatekeeper/src/gatekeeper.cpp:127:34: error: â€˜const SharedPtrâ€™ {aka â€˜const class std::shared_ptr<dasc_msgs::msg::QuadTrajectory_<std::allocator<void> > >â€™} has no member named â€˜xsâ€™
[10.130s]   127 |     com_msg.xs.push_back(nom_msg.xs[i]);
[10.130s]       |                                  ^~
[10.130s] /root/colcon_ws/src/gatekeeper/src/gatekeeper.cpp:128:34: error: â€˜const SharedPtrâ€™ {aka â€˜const class std::shared_ptr<dasc_msgs::msg::QuadTrajectory_<std::allocator<void> > >â€™} has no member named â€˜ysâ€™
[10.130s]   128 |     com_msg.ys.push_back(nom_msg.ys[i]);
[10.130s]       |                                  ^~
[10.130s] /root/colcon_ws/src/gatekeeper/src/gatekeeper.cpp:129:34: error: â€˜const SharedPtrâ€™ {aka â€˜const class std::shared_ptr<dasc_msgs::msg::QuadTrajectory_<std::allocator<void> > >â€™} has no member named â€˜zsâ€™
[10.130s]   129 |     com_msg.zs.push_back(nom_msg.zs[i]);
[10.130s]       |                                  ^~
[10.130s] /root/colcon_ws/src/gatekeeper/src/gatekeeper.cpp:130:35: error: â€˜const SharedPtrâ€™ {aka â€˜const class std::shared_ptr<dasc_msgs::msg::QuadTrajectory_<std::allocator<void> > >â€™} has no member named â€˜vxsâ€™
[10.130s]   130 |     com_msg.vxs.push_back(nom_msg.vxs[i]);
[10.130s]       |                                   ^~~
[10.130s] /root/colcon_ws/src/gatekeeper/src/gatekeeper.cpp:131:35: error: â€˜const SharedPtrâ€™ {aka â€˜const class std::shared_ptr<dasc_msgs::msg::QuadTrajectory_<std::allocator<void> > >â€™} has no member named â€˜vysâ€™
[10.130s]   131 |     com_msg.vys.push_back(nom_msg.vys[i]);
[10.130s]       |                                   ^~~
[10.130s] /root/colcon_ws/src/gatekeeper/src/gatekeeper.cpp:132:35: error: â€˜const SharedPtrâ€™ {aka â€˜const class std::shared_ptr<dasc_msgs::msg::QuadTrajectory_<std::allocator<void> > >â€™} has no member named â€˜vzsâ€™
[10.130s]   132 |     com_msg.vzs.push_back(nom_msg.vzs[i]);
[10.130s]       |                                   ^~~
[10.130s] /root/colcon_ws/src/gatekeeper/src/gatekeeper.cpp:133:36: error: â€˜const SharedPtrâ€™ {aka â€˜const class std::shared_ptr<dasc_msgs::msg::QuadTrajectory_<std::allocator<void> > >â€™} has no member named â€˜yawsâ€™
[10.130s]   133 |     com_msg.yaws.push_back(nom_msg.yaws[i]);
[10.130s]       |                                    ^~~~
[10.131s] make[2]: *** [CMakeFiles/gatekeeper.dir/build.make:63: CMakeFiles/gatekeeper.dir/src/gatekeeper.cpp.o] Error 1
[10.131s] make[1]: *** [CMakeFiles/Makefile2:80: CMakeFiles/gatekeeper.dir/all] Error 2
[10.131s] make: *** [Makefile:141: all] Error 2
[10.133s] Invoked command in '/root/colcon_ws/build/gatekeeper' returned '2': CMAKE_PREFIX_PATH=/root/colcon_ws/install/dasc_msgs:/opt/ros/foxy:/root/colcon_ws/install/realsense_gazebo_plugin:/root/colcon_ws/install/px4_ros_com:/root/colcon_ws/install/dasc_robot:/root/colcon_ws/install/px4_msgs:/root/colcon_ws/install/gatekeeper:/root/colcon_ws/install/experiment LD_LIBRARY_PATH=/root/colcon_ws/install/dasc_msgs/lib:/root/colcon_ws/install/realsense_gazebo_plugin/lib:/root/colcon_ws/install/px4_ros_com/lib:/root/colcon_ws/install/dasc_robot/lib:/root/colcon_ws/install/px4_msgs/lib:/usr/lib/x86_64-linux-gnu/gazebo-11/plugins:/opt/ros/foxy/opt/yaml_cpp_vendor/lib:/opt/ros/foxy/opt/rviz_ogre_vendor/lib:/opt/ros/foxy/lib/x86_64-linux-gnu:/opt/ros/foxy/lib PYTHONPATH=/root/colcon_ws/install/dasc_msgs/lib/python3.8/site-packages:/root/colcon_ws/install/px4_msgs/lib/python3.8/site-packages:/opt/ros/foxy/lib/python3.8/site-packages /usr/bin/cmake --build /root/colcon_ws/build/gatekeeper -- -j16 -l16
